{"/home/drj/projects/mem0-stack/openmemory/ui/app/layout.tsx": {"path":"/home/drj/projects/mem0-stack/openmemory/ui/app/layout.tsx","statementMap":{"0":{"start":{"line":15,"column":24},"end":{"line":15,"column":35}},"1":{"start":{"line":9,"column":13},"end":{"line":9,"column":21}},"2":{"start":{"line":2,"column":7},"end":{"line":2,"column":null}},"3":{"start":{"line":3,"column":30},"end":{"line":3,"column":null}},"4":{"start":{"line":4,"column":23},"end":{"line":4,"column":null}},"5":{"start":{"line":5,"column":24},"end":{"line":5,"column":null}},"6":{"start":{"line":6,"column":27},"end":{"line":6,"column":null}},"7":{"start":{"line":7,"column":26},"end":{"line":7,"column":null}},"8":{"start":{"line":9,"column":24},"end":{"line":13,"column":null}}},"fnMap":{"0":{"name":"RootLayout","decl":{"start":{"line":15,"column":24},"end":{"line":15,"column":35}},"loc":{"start":{"line":19,"column":1},"end":{"line":38,"column":1}}}},"branchMap":{},"s":{"0":0,"1":0,"2":0,"3":0,"4":0,"5":0,"6":0,"7":0,"8":0},"f":{"0":0},"b":{}}
,"/home/drj/projects/mem0-stack/openmemory/ui/app/loading.tsx": {"path":"/home/drj/projects/mem0-stack/openmemory/ui/app/loading.tsx","statementMap":{"0":{"start":{"line":1,"column":24},"end":{"line":1,"column":null}},"1":{"start":{"line":2,"column":2},"end":{"line":2,"column":null}}},"fnMap":{"0":{"name":"Loading","decl":{"start":{"line":1,"column":24},"end":{"line":1,"column":null}},"loc":{"start":{"line":1,"column":24},"end":{"line":3,"column":null}}}},"branchMap":{},"s":{"0":0,"1":0},"f":{"0":0},"b":{}}
,"/home/drj/projects/mem0-stack/openmemory/ui/app/not-found.tsx": {"path":"/home/drj/projects/mem0-stack/openmemory/ui/app/not-found.tsx","statementMap":{"0":{"start":{"line":19,"column":24},"end":{"line":19,"column":33}},"1":{"start":{"line":1,"column":7},"end":{"line":1,"column":null}},"2":{"start":{"line":2,"column":17},"end":{"line":2,"column":null}},"3":{"start":{"line":3,"column":23},"end":{"line":3,"column":null}},"4":{"start":{"line":11,"column":22},"end":{"line":17,"column":null}},"5":{"start":{"line":12,"column":30},"end":{"line":12,"column":null}},"6":{"start":{"line":13,"column":30},"end":{"line":14,"column":null}},"7":{"start":{"line":14,"column":4},"end":{"line":14,"column":null}},"8":{"start":{"line":16,"column":2},"end":{"line":16,"column":null}},"9":{"start":{"line":24,"column":30},"end":{"line":24,"column":null}}},"fnMap":{"0":{"name":"(anonymous_2)","decl":{"start":{"line":11,"column":22},"end":{"line":11,"column":23}},"loc":{"start":{"line":11,"column":23},"end":{"line":17,"column":null}}},"1":{"name":"(anonymous_3)","decl":{"start":{"line":13,"column":55},"end":{"line":13,"column":56}},"loc":{"start":{"line":14,"column":4},"end":{"line":14,"column":null}}},"2":{"name":"NotFound","decl":{"start":{"line":19,"column":24},"end":{"line":19,"column":33}},"loc":{"start":{"line":23,"column":16},"end":{"line":53,"column":null}}}},"branchMap":{"0":{"loc":{"start":{"line":16,"column":9},"end":{"line":16,"column":null}},"type":"cond-expr","locations":[{"start":{"line":16,"column":31},"end":{"line":16,"column":63}},{"start":{"line":16,"column":63},"end":{"line":16,"column":null}}]},"1":{"loc":{"start":{"line":21,"column":2},"end":{"line":21,"column":28}},"type":"default-arg","locations":[{"start":{"line":21,"column":12},"end":{"line":21,"column":28}}]},"2":{"loc":{"start":{"line":34,"column":11},"end":{"line":38,"column":null}},"type":"cond-expr","locations":[{"start":{"line":35,"column":14},"end":{"line":35,"column":30}},{"start":{"line":36,"column":14},"end":{"line":38,"column":null}}]},"3":{"loc":{"start":{"line":36,"column":14},"end":{"line":38,"column":null}},"type":"cond-expr","locations":[{"start":{"line":37,"column":14},"end":{"line":37,"column":39}},{"start":{"line":38,"column":14},"end":{"line":38,"column":null}}]},"4":{"loc":{"start":{"line":39,"column":18},"end":{"line":39,"column":null}},"type":"binary-expr","locations":[{"start":{"line":39,"column":18},"end":{"line":39,"column":27}},{"start":{"line":39,"column":27},"end":{"line":39,"column":38}},{"start":{"line":39,"column":38},"end":{"line":39,"column":null}}]}},"s":{"0":0,"1":0,"2":0,"3":0,"4":0,"5":0,"6":0,"7":0,"8":0,"9":0},"f":{"0":0,"1":0,"2":0},"b":{"0":[0,0],"1":[0],"2":[0,0],"3":[0,0],"4":[0,0,0]}}
,"/home/drj/projects/mem0-stack/openmemory/ui/app/page.tsx": {"path":"/home/drj/projects/mem0-stack/openmemory/ui/app/page.tsx","statementMap":{"0":{"start":{"line":9,"column":24},"end":{"line":9,"column":null}},"1":{"start":{"line":3,"column":24},"end":{"line":3,"column":null}},"2":{"start":{"line":4,"column":18},"end":{"line":4,"column":null}},"3":{"start":{"line":5,"column":30},"end":{"line":5,"column":null}},"4":{"start":{"line":6,"column":32},"end":{"line":6,"column":null}},"5":{"start":{"line":7,"column":7},"end":{"line":7,"column":null}}},"fnMap":{"0":{"name":"DashboardPage","decl":{"start":{"line":9,"column":24},"end":{"line":9,"column":null}},"loc":{"start":{"line":9,"column":24},"end":{"line":38,"column":null}}}},"branchMap":{},"s":{"0":0,"1":0,"2":0,"3":0,"4":0,"5":0},"f":{"0":0},"b":{}}
,"/home/drj/projects/mem0-stack/openmemory/ui/app/providers.tsx": {"path":"/home/drj/projects/mem0-stack/openmemory/ui/app/providers.tsx","statementMap":{"0":{"start":{"line":6,"column":16},"end":{"line":6,"column":26}},"1":{"start":{"line":3,"column":25},"end":{"line":3,"column":null}},"2":{"start":{"line":4,"column":22},"end":{"line":4,"column":null}}},"fnMap":{"0":{"name":"Providers","decl":{"start":{"line":6,"column":16},"end":{"line":6,"column":26}},"loc":{"start":{"line":6,"column":69},"end":{"line":8,"column":null}}}},"branchMap":{},"s":{"0":0,"1":0,"2":0},"f":{"0":0},"b":{}}
,"/home/drj/projects/mem0-stack/openmemory/ui/app/apps/page.tsx": {"path":"/home/drj/projects/mem0-stack/openmemory/ui/app/apps/page.tsx","statementMap":{"0":{"start":{"line":7,"column":24},"end":{"line":7,"column":null}},"1":{"start":{"line":3,"column":27},"end":{"line":3,"column":null}},"2":{"start":{"line":4,"column":24},"end":{"line":4,"column":null}},"3":{"start":{"line":5,"column":7},"end":{"line":5,"column":null}}},"fnMap":{"0":{"name":"AppsPage","decl":{"start":{"line":7,"column":24},"end":{"line":7,"column":null}},"loc":{"start":{"line":7,"column":24},"end":{"line":20,"column":null}}}},"branchMap":{},"s":{"0":0,"1":0,"2":0,"3":0},"f":{"0":0},"b":{}}
,"/home/drj/projects/mem0-stack/openmemory/ui/app/apps/[appId]/page.tsx": {"path":"/home/drj/projects/mem0-stack/openmemory/ui/app/apps/[appId]/page.tsx","statementMap":{"0":{"start":{"line":16,"column":24},"end":{"line":16,"column":null}},"1":{"start":{"line":3,"column":36},"end":{"line":3,"column":null}},"2":{"start":{"line":4,"column":26},"end":{"line":4,"column":null}},"3":{"start":{"line":5,"column":28},"end":{"line":5,"column":null}},"4":{"start":{"line":7,"column":27},"end":{"line":7,"column":null}},"5":{"start":{"line":8,"column":57},"end":{"line":8,"column":null}},"6":{"start":{"line":9,"column":27},"end":{"line":9,"column":null}},"7":{"start":{"line":10,"column":26},"end":{"line":10,"column":null}},"8":{"start":{"line":11,"column":7},"end":{"line":11,"column":null}},"9":{"start":{"line":12,"column":21},"end":{"line":12,"column":null}},"10":{"start":{"line":13,"column":38},"end":{"line":13,"column":null}},"11":{"start":{"line":14,"column":35},"end":{"line":14,"column":null}},"12":{"start":{"line":17,"column":17},"end":{"line":17,"column":null}},"13":{"start":{"line":18,"column":16},"end":{"line":18,"column":28}},"14":{"start":{"line":19,"column":36},"end":{"line":19,"column":null}},"15":{"start":{"line":26,"column":6},"end":{"line":26,"column":null}},"16":{"start":{"line":27,"column":22},"end":{"line":27,"column":null}},"17":{"start":{"line":27,"column":56},"end":{"line":27,"column":78}},"18":{"start":{"line":29,"column":2},"end":{"line":31,"column":null}},"19":{"start":{"line":30,"column":4},"end":{"line":30,"column":null}},"20":{"start":{"line":33,"column":2},"end":{"line":50,"column":null}},"21":{"start":{"line":34,"column":21},"end":{"line":47,"column":null}},"22":{"start":{"line":35,"column":6},"end":{"line":46,"column":null}},"23":{"start":{"line":36,"column":8},"end":{"line":45,"column":null}},"24":{"start":{"line":38,"column":10},"end":{"line":42,"column":null}},"25":{"start":{"line":44,"column":10},"end":{"line":44,"column":null}},"26":{"start":{"line":49,"column":4},"end":{"line":49,"column":null}},"27":{"start":{"line":52,"column":2},"end":{"line":56,"column":null}},"28":{"start":{"line":58,"column":2},"end":{"line":78,"column":null}},"29":{"start":{"line":67,"column":18},"end":{"line":67,"column":null}},"30":{"start":{"line":80,"column":32},"end":{"line":117,"column":null}},"31":{"start":{"line":81,"column":21},"end":{"line":81,"column":49}},"32":{"start":{"line":83,"column":4},"end":{"line":91,"column":null}},"33":{"start":{"line":87,"column":12},"end":{"line":87,"column":null}},"34":{"start":{"line":93,"column":4},"end":{"line":97,"column":null}},"35":{"start":{"line":99,"column":4},"end":{"line":103,"column":null}},"36":{"start":{"line":105,"column":4},"end":{"line":107,"column":null}},"37":{"start":{"line":106,"column":6},"end":{"line":107,"column":null}},"38":{"start":{"line":119,"column":33},"end":{"line":165,"column":null}},"39":{"start":{"line":120,"column":21},"end":{"line":120,"column":50}},"40":{"start":{"line":122,"column":4},"end":{"line":130,"column":null}},"41":{"start":{"line":126,"column":12},"end":{"line":126,"column":null}},"42":{"start":{"line":132,"column":4},"end":{"line":138,"column":null}},"43":{"start":{"line":140,"column":4},"end":{"line":146,"column":null}},"44":{"start":{"line":148,"column":4},"end":{"line":150,"column":null}},"45":{"start":{"line":149,"column":6},"end":{"line":150,"column":null}}},"fnMap":{"0":{"name":"AppDetailsPage","decl":{"start":{"line":16,"column":24},"end":{"line":16,"column":null}},"loc":{"start":{"line":16,"column":24},"end":{"line":219,"column":null}}},"1":{"name":"(anonymous_3)","decl":{"start":{"line":27,"column":34},"end":{"line":27,"column":35}},"loc":{"start":{"line":27,"column":56},"end":{"line":27,"column":78}}},"2":{"name":"(anonymous_4)","decl":{"start":{"line":29,"column":12},"end":{"line":29,"column":null}},"loc":{"start":{"line":29,"column":12},"end":{"line":31,"column":5}}},"3":{"name":"(anonymous_5)","decl":{"start":{"line":33,"column":12},"end":{"line":33,"column":null}},"loc":{"start":{"line":33,"column":12},"end":{"line":50,"column":5}}},"4":{"name":"(anonymous_6)","decl":{"start":{"line":34,"column":21},"end":{"line":34,"column":null}},"loc":{"start":{"line":34,"column":21},"end":{"line":47,"column":null}}},"5":{"name":"(anonymous_7)","decl":{"start":{"line":66,"column":35},"end":{"line":66,"column":36}},"loc":{"start":{"line":67,"column":18},"end":{"line":67,"column":null}}},"6":{"name":"(anonymous_8)","decl":{"start":{"line":80,"column":32},"end":{"line":80,"column":null}},"loc":{"start":{"line":80,"column":32},"end":{"line":117,"column":null}}},"7":{"name":"(anonymous_9)","decl":{"start":{"line":86,"column":29},"end":{"line":86,"column":30}},"loc":{"start":{"line":87,"column":12},"end":{"line":87,"column":null}}},"8":{"name":"(anonymous_10)","decl":{"start":{"line":105,"column":30},"end":{"line":105,"column":31}},"loc":{"start":{"line":106,"column":6},"end":{"line":107,"column":null}}},"9":{"name":"(anonymous_11)","decl":{"start":{"line":119,"column":33},"end":{"line":119,"column":null}},"loc":{"start":{"line":119,"column":33},"end":{"line":165,"column":null}}},"10":{"name":"(anonymous_12)","decl":{"start":{"line":125,"column":29},"end":{"line":125,"column":30}},"loc":{"start":{"line":126,"column":12},"end":{"line":126,"column":null}}},"11":{"name":"(anonymous_13)","decl":{"start":{"line":148,"column":30},"end":{"line":148,"column":31}},"loc":{"start":{"line":149,"column":6},"end":{"line":150,"column":null}}}},"branchMap":{"0":{"loc":{"start":{"line":35,"column":6},"end":{"line":46,"column":null}},"type":"if","locations":[{"start":{"line":35,"column":6},"end":{"line":46,"column":null}}]},"1":{"loc":{"start":{"line":52,"column":2},"end":{"line":56,"column":null}},"type":"if","locations":[{"start":{"line":52,"column":2},"end":{"line":56,"column":null}}]},"2":{"loc":{"start":{"line":58,"column":2},"end":{"line":78,"column":null}},"type":"if","locations":[{"start":{"line":58,"column":2},"end":{"line":78,"column":null}}]},"3":{"loc":{"start":{"line":83,"column":4},"end":{"line":91,"column":null}},"type":"if","locations":[{"start":{"line":83,"column":4},"end":{"line":91,"column":null}}]},"4":{"loc":{"start":{"line":93,"column":4},"end":{"line":97,"column":null}},"type":"if","locations":[{"start":{"line":93,"column":4},"end":{"line":97,"column":null}}]},"5":{"loc":{"start":{"line":99,"column":4},"end":{"line":103,"column":null}},"type":"if","locations":[{"start":{"line":99,"column":4},"end":{"line":103,"column":null}}]},"6":{"loc":{"start":{"line":122,"column":4},"end":{"line":130,"column":null}},"type":"if","locations":[{"start":{"line":122,"column":4},"end":{"line":130,"column":null}}]},"7":{"loc":{"start":{"line":132,"column":4},"end":{"line":138,"column":null}},"type":"if","locations":[{"start":{"line":132,"column":4},"end":{"line":138,"column":null}}]},"8":{"loc":{"start":{"line":140,"column":4},"end":{"line":146,"column":null}},"type":"if","locations":[{"start":{"line":140,"column":4},"end":{"line":146,"column":null}}]},"9":{"loc":{"start":{"line":181,"column":18},"end":{"line":181,"column":null}},"type":"cond-expr","locations":[{"start":{"line":181,"column":44},"end":{"line":181,"column":59}},{"start":{"line":181,"column":59},"end":{"line":181,"column":null}}]},"10":{"loc":{"start":{"line":189,"column":18},"end":{"line":189,"column":null}},"type":"cond-expr","locations":[{"start":{"line":189,"column":45},"end":{"line":189,"column":60}},{"start":{"line":189,"column":60},"end":{"line":189,"column":null}}]}},"s":{"0":0,"1":0,"2":0,"3":0,"4":0,"5":0,"6":0,"7":0,"8":0,"9":0,"10":0,"11":0,"12":0,"13":0,"14":0,"15":0,"16":0,"17":0,"18":0,"19":0,"20":0,"21":0,"22":0,"23":0,"24":0,"25":0,"26":0,"27":0,"28":0,"29":0,"30":0,"31":0,"32":0,"33":0,"34":0,"35":0,"36":0,"37":0,"38":0,"39":0,"40":0,"41":0,"42":0,"43":0,"44":0,"45":0},"f":{"0":0,"1":0,"2":0,"3":0,"4":0,"5":0,"6":0,"7":0,"8":0,"9":0,"10":0,"11":0},"b":{"0":[0],"1":[0],"2":[0],"3":[0],"4":[0],"5":[0],"6":[0],"7":[0],"8":[0],"9":[0,0],"10":[0,0]}}
,"/home/drj/projects/mem0-stack/openmemory/ui/app/apps/[appId]/components/AppDetailCard.tsx": {"path":"/home/drj/projects/mem0-stack/openmemory/ui/app/apps/[appId]/components/AppDetailCard.tsx","statementMap":{"0":{"start":{"line":166,"column":0},"end":{"line":166,"column":15}},"1":{"start":{"line":1,"column":32},"end":{"line":1,"column":null}},"2":{"start":{"line":2,"column":23},"end":{"line":2,"column":null}},"3":{"start":{"line":3,"column":45},"end":{"line":3,"column":null}},"4":{"start":{"line":4,"column":27},"end":{"line":4,"column":null}},"5":{"start":{"line":5,"column":18},"end":{"line":5,"column":null}},"6":{"start":{"line":6,"column":41},"end":{"line":6,"column":null}},"7":{"start":{"line":7,"column":30},"end":{"line":7,"column":null}},"8":{"start":{"line":8,"column":23},"end":{"line":8,"column":null}},"9":{"start":{"line":9,"column":26},"end":{"line":9,"column":null}},"10":{"start":{"line":12,"column":19},"end":{"line":14,"column":null}},"11":{"start":{"line":13,"column":2},"end":{"line":13,"column":null}},"12":{"start":{"line":16,"column":22},"end":{"line":164,"column":null}},"13":{"start":{"line":23,"column":31},"end":{"line":23,"column":null}},"14":{"start":{"line":24,"column":36},"end":{"line":24,"column":null}},"15":{"start":{"line":25,"column":19},"end":{"line":25,"column":null}},"16":{"start":{"line":26,"column":15},"end":{"line":26,"column":null}},"17":{"start":{"line":26,"column":49},"end":{"line":26,"column":64}},"18":{"start":{"line":27,"column":21},"end":{"line":27,"column":null}},"19":{"start":{"line":27,"column":45},"end":{"line":27,"column":null}},"20":{"start":{"line":28,"column":20},"end":{"line":30,"column":23}},"21":{"start":{"line":32,"column":28},"end":{"line":46,"column":null}},"22":{"start":{"line":33,"column":4},"end":{"line":33,"column":null}},"23":{"start":{"line":34,"column":4},"end":{"line":45,"column":null}},"24":{"start":{"line":35,"column":6},"end":{"line":37,"column":null}},"25":{"start":{"line":38,"column":6},"end":{"line":39,"column":null}},"26":{"start":{"line":42,"column":6},"end":{"line":42,"column":null}},"27":{"start":{"line":44,"column":6},"end":{"line":44,"column":null}},"28":{"start":{"line":48,"column":21},"end":{"line":50,"column":null}},"29":{"start":{"line":166,"column":15},"end":{"line":166,"column":null}}},"fnMap":{"0":{"name":"(anonymous_5)","decl":{"start":{"line":12,"column":19},"end":{"line":12,"column":20}},"loc":{"start":{"line":12,"column":20},"end":{"line":14,"column":null}}},"1":{"name":"(anonymous_6)","decl":{"start":{"line":16,"column":22},"end":{"line":16,"column":23}},"loc":{"start":{"line":22,"column":1},"end":{"line":164,"column":null}}},"2":{"name":"(anonymous_7)","decl":{"start":{"line":26,"column":27},"end":{"line":26,"column":28}},"loc":{"start":{"line":26,"column":49},"end":{"line":26,"column":64}}},"3":{"name":"(anonymous_8)","decl":{"start":{"line":27,"column":31},"end":{"line":27,"column":32}},"loc":{"start":{"line":27,"column":45},"end":{"line":27,"column":null}}},"4":{"name":"(anonymous_9)","decl":{"start":{"line":32,"column":28},"end":{"line":32,"column":null}},"loc":{"start":{"line":32,"column":28},"end":{"line":46,"column":null}}}},"branchMap":{"0":{"loc":{"start":{"line":28,"column":20},"end":{"line":30,"column":23}},"type":"cond-expr","locations":[{"start":{"line":29,"column":6},"end":{"line":29,"column":79}},{"start":{"line":30,"column":6},"end":{"line":30,"column":23}}]},"1":{"loc":{"start":{"line":29,"column":6},"end":{"line":29,"column":79}},"type":"binary-expr","locations":[{"start":{"line":29,"column":6},"end":{"line":29,"column":58}},{"start":{"line":29,"column":62},"end":{"line":29,"column":79}}]},"2":{"loc":{"start":{"line":48,"column":21},"end":{"line":50,"column":null}},"type":"cond-expr","locations":[{"start":{"line":49,"column":6},"end":{"line":49,"column":null}},{"start":{"line":50,"column":6},"end":{"line":50,"column":null}}]},"3":{"loc":{"start":{"line":58,"column":14},"end":{"line":69,"column":15}},"type":"cond-expr","locations":[{"start":{"line":58,"column":14},"end":{"line":69,"column":15}}]},"4":{"loc":{"start":{"line":82,"column":16},"end":{"line":84,"column":null}},"type":"cond-expr","locations":[{"start":{"line":83,"column":20},"end":{"line":83,"column":null}},{"start":{"line":84,"column":20},"end":{"line":84,"column":null}}]},"5":{"loc":{"start":{"line":88,"column":16},"end":{"line":88,"column":null}},"type":"cond-expr","locations":[{"start":{"line":88,"column":48},"end":{"line":88,"column":59}},{"start":{"line":88,"column":59},"end":{"line":88,"column":null}}]},"6":{"loc":{"start":{"line":110,"column":15},"end":{"line":120,"column":null}},"type":"cond-expr","locations":[{"start":{"line":111,"column":18},"end":{"line":119,"column":null}},{"start":{"line":120,"column":18},"end":{"line":120,"column":null}}]},"7":{"loc":{"start":{"line":127,"column":15},"end":{"line":137,"column":null}},"type":"cond-expr","locations":[{"start":{"line":128,"column":18},"end":{"line":136,"column":null}},{"start":{"line":137,"column":18},"end":{"line":137,"column":null}}]},"8":{"loc":{"start":{"line":151,"column":16},"end":{"line":152,"column":33}},"type":"cond-expr","locations":[{"start":{"line":151,"column":16},"end":{"line":152,"column":33}}]},"9":{"loc":{"start":{"line":153,"column":16},"end":{"line":155,"column":17}},"type":"cond-expr","locations":[{"start":{"line":153,"column":16},"end":{"line":155,"column":17}}]}},"s":{"0":0,"1":0,"2":0,"3":0,"4":0,"5":0,"6":0,"7":0,"8":0,"9":0,"10":0,"11":0,"12":0,"13":0,"14":0,"15":0,"16":0,"17":0,"18":0,"19":0,"20":0,"21":0,"22":0,"23":0,"24":0,"25":0,"26":0,"27":0,"28":0,"29":0},"f":{"0":0,"1":0,"2":0,"3":0,"4":0},"b":{"0":[0,0],"1":[0,0],"2":[0,0],"3":[0],"4":[0,0],"5":[0,0],"6":[0,0],"7":[0,0],"8":[0],"9":[0]}}
,"/home/drj/projects/mem0-stack/openmemory/ui/app/apps/[appId]/components/MemoryCard.tsx": {"path":"/home/drj/projects/mem0-stack/openmemory/ui/app/apps/[appId]/components/MemoryCard.tsx","statementMap":{"0":{"start":{"line":17,"column":16},"end":{"line":17,"column":27}},"1":{"start":{"line":1,"column":27},"end":{"line":1,"column":null}},"2":{"start":{"line":2,"column":23},"end":{"line":2,"column":null}},"3":{"start":{"line":3,"column":17},"end":{"line":3,"column":null}},"4":{"start":{"line":4,"column":26},"end":{"line":4,"column":null}},"5":{"start":{"line":5,"column":18},"end":{"line":5,"column":null}}},"fnMap":{"0":{"name":"MemoryCard","decl":{"start":{"line":17,"column":16},"end":{"line":17,"column":27}},"loc":{"start":{"line":26,"column":18},"end":{"line":115,"column":null}}}},"branchMap":{"0":{"loc":{"start":{"line":32,"column":26},"end":{"line":32,"column":79}},"type":"cond-expr","locations":[{"start":{"line":32,"column":47},"end":{"line":32,"column":65}},{"start":{"line":32,"column":65},"end":{"line":32,"column":79}}]},"1":{"loc":{"start":{"line":38,"column":9},"end":{"line":38,"column":21}},"type":"binary-expr","locations":[{"start":{"line":38,"column":9},"end":{"line":38,"column":21}},{"start":{"line":38,"column":21},"end":{"line":38,"column":null}}]},"2":{"loc":{"start":{"line":59,"column":15},"end":{"line":70,"column":null}},"type":"cond-expr","locations":[{"start":{"line":60,"column":16},"end":{"line":64,"column":20}},{"start":{"line":64,"column":16},"end":{"line":70,"column":null}}]},"3":{"loc":{"start":{"line":74,"column":13},"end":{"line":74,"column":null}},"type":"binary-expr","locations":[{"start":{"line":74,"column":13},"end":{"line":74,"column":null}}]},"4":{"loc":{"start":{"line":76,"column":17},"end":{"line":76,"column":null}},"type":"cond-expr","locations":[{"start":{"line":76,"column":38},"end":{"line":76,"column":49}},{"start":{"line":76,"column":49},"end":{"line":76,"column":null}}]},"5":{"loc":{"start":{"line":81,"column":11},"end":{"line":81,"column":null}},"type":"binary-expr","locations":[{"start":{"line":81,"column":11},"end":{"line":81,"column":null}}]},"6":{"loc":{"start":{"line":90,"column":11},"end":{"line":90,"column":null}},"type":"binary-expr","locations":[{"start":{"line":90,"column":11},"end":{"line":90,"column":null}}]},"7":{"loc":{"start":{"line":97,"column":22},"end":{"line":98,"column":null}},"type":"binary-expr","locations":[{"start":{"line":97,"column":22},"end":{"line":98,"column":39}},{"start":{"line":98,"column":39},"end":{"line":98,"column":null}}]}},"s":{"0":0,"1":0,"2":0,"3":0,"4":0,"5":0},"f":{"0":0},"b":{"0":[0,0],"1":[0,0],"2":[0,0],"3":[0],"4":[0,0],"5":[0],"6":[0],"7":[0,0]}}
,"/home/drj/projects/mem0-stack/openmemory/ui/app/apps/components/AppCard.tsx": {"path":"/home/drj/projects/mem0-stack/openmemory/ui/app/apps/components/AppCard.tsx","statementMap":{"0":{"start":{"line":19,"column":16},"end":{"line":19,"column":24}},"1":{"start":{"line":2,"column":27},"end":{"line":2,"column":null}},"2":{"start":{"line":8,"column":7},"end":{"line":8,"column":null}},"3":{"start":{"line":10,"column":26},"end":{"line":10,"column":null}},"4":{"start":{"line":12,"column":18},"end":{"line":12,"column":null}},"5":{"start":{"line":13,"column":26},"end":{"line":13,"column":null}},"6":{"start":{"line":20,"column":17},"end":{"line":20,"column":null}},"7":{"start":{"line":22,"column":4},"end":{"line":22,"column":70}},"8":{"start":{"line":23,"column":19},"end":{"line":23,"column":32}},"9":{"start":{"line":76,"column":25},"end":{"line":76,"column":null}}},"fnMap":{"0":{"name":"AppCard","decl":{"start":{"line":19,"column":16},"end":{"line":19,"column":24}},"loc":{"start":{"line":19,"column":45},"end":{"line":84,"column":null}}},"1":{"name":"(anonymous_3)","decl":{"start":{"line":76,"column":19},"end":{"line":76,"column":25}},"loc":{"start":{"line":76,"column":25},"end":{"line":76,"column":null}}}},"branchMap":{"0":{"loc":{"start":{"line":22,"column":4},"end":{"line":22,"column":70}},"type":"binary-expr","locations":[{"start":{"line":22,"column":4},"end":{"line":22,"column":49}},{"start":{"line":22,"column":53},"end":{"line":22,"column":70}}]},"1":{"loc":{"start":{"line":31,"column":14},"end":{"line":40,"column":15}},"type":"cond-expr","locations":[{"start":{"line":31,"column":14},"end":{"line":40,"column":15}}]},"2":{"loc":{"start":{"line":67,"column":12},"end":{"line":69,"column":null}},"type":"cond-expr","locations":[{"start":{"line":68,"column":16},"end":{"line":68,"column":null}},{"start":{"line":69,"column":16},"end":{"line":69,"column":null}}]},"3":{"loc":{"start":{"line":73,"column":11},"end":{"line":73,"column":null}},"type":"cond-expr","locations":[{"start":{"line":73,"column":22},"end":{"line":73,"column":33}},{"start":{"line":73,"column":33},"end":{"line":73,"column":null}}]}},"s":{"0":0,"1":0,"2":0,"3":0,"4":0,"5":0,"6":0,"7":0,"8":0,"9":0},"f":{"0":0,"1":0},"b":{"0":[0,0],"1":[0],"2":[0,0],"3":[0,0]}}
,"/home/drj/projects/mem0-stack/openmemory/ui/app/apps/components/AppFilters.tsx": {"path":"/home/drj/projects/mem0-stack/openmemory/ui/app/apps/components/AppFilters.tsx","statementMap":{"0":{"start":{"line":41,"column":16},"end":{"line":41,"column":null}},"1":{"start":{"line":2,"column":36},"end":{"line":2,"column":null}},"2":{"start":{"line":3,"column":55},"end":{"line":3,"column":null}},"3":{"start":{"line":4,"column":41},"end":{"line":4,"column":null}},"4":{"start":{"line":10,"column":7},"end":{"line":10,"column":null}},"5":{"start":{"line":13,"column":21},"end":{"line":13,"column":null}},"6":{"start":{"line":14,"column":27},"end":{"line":14,"column":null}},"7":{"start":{"line":15,"column":35},"end":{"line":15,"column":null}},"8":{"start":{"line":22,"column":7},"end":{"line":22,"column":null}},"9":{"start":{"line":23,"column":22},"end":{"line":23,"column":null}},"10":{"start":{"line":32,"column":7},"end":{"line":32,"column":null}},"11":{"start":{"line":33,"column":23},"end":{"line":33,"column":null}},"12":{"start":{"line":35,"column":20},"end":{"line":39,"column":null}},"13":{"start":{"line":42,"column":19},"end":{"line":42,"column":null}},"14":{"start":{"line":43,"column":18},"end":{"line":43,"column":null}},"15":{"start":{"line":43,"column":52},"end":{"line":43,"column":70}},"16":{"start":{"line":44,"column":40},"end":{"line":44,"column":null}},"17":{"start":{"line":45,"column":24},"end":{"line":45,"column":null}},"18":{"start":{"line":47,"column":26},"end":{"line":51,"column":null}},"19":{"start":{"line":49,"column":6},"end":{"line":49,"column":null}},"20":{"start":{"line":54,"column":29},"end":{"line":58,"column":null}},"21":{"start":{"line":55,"column":18},"end":{"line":55,"column":32}},"22":{"start":{"line":56,"column":4},"end":{"line":56,"column":null}},"23":{"start":{"line":57,"column":4},"end":{"line":57,"column":null}},"24":{"start":{"line":60,"column":35},"end":{"line":62,"column":null}},"25":{"start":{"line":61,"column":4},"end":{"line":61,"column":null}},"26":{"start":{"line":64,"column":21},"end":{"line":71,"column":null}},"27":{"start":{"line":66,"column":6},"end":{"line":68,"column":null}},"28":{"start":{"line":69,"column":4},"end":{"line":69,"column":null}},"29":{"start":{"line":70,"column":4},"end":{"line":70,"column":null}},"30":{"start":{"line":73,"column":2},"end":{"line":75,"column":null}},"31":{"start":{"line":74,"column":4},"end":{"line":74,"column":null}},"32":{"start":{"line":77,"column":2},"end":{"line":79,"column":null}},"33":{"start":{"line":78,"column":4},"end":{"line":78,"column":null}},"34":{"start":{"line":118,"column":43},"end":{"line":118,"column":69}},"35":{"start":{"line":127,"column":14},"end":{"line":128,"column":null}},"36":{"start":{"line":130,"column":18},"end":{"line":131,"column":null}}},"fnMap":{"0":{"name":"AppFilters","decl":{"start":{"line":41,"column":16},"end":{"line":41,"column":null}},"loc":{"start":{"line":41,"column":16},"end":{"line":150,"column":null}}},"1":{"name":"(anonymous_3)","decl":{"start":{"line":43,"column":30},"end":{"line":43,"column":31}},"loc":{"start":{"line":43,"column":52},"end":{"line":43,"column":70}}},"2":{"name":"(anonymous_4)","decl":{"start":{"line":48,"column":13},"end":{"line":48,"column":14}},"loc":{"start":{"line":48,"column":14},"end":{"line":50,"column":7}}},"3":{"name":"(anonymous_5)","decl":{"start":{"line":54,"column":29},"end":{"line":54,"column":30}},"loc":{"start":{"line":54,"column":30},"end":{"line":58,"column":null}}},"4":{"name":"(anonymous_6)","decl":{"start":{"line":60,"column":35},"end":{"line":60,"column":36}},"loc":{"start":{"line":60,"column":36},"end":{"line":62,"column":null}}},"5":{"name":"(anonymous_7)","decl":{"start":{"line":64,"column":21},"end":{"line":64,"column":22}},"loc":{"start":{"line":64,"column":22},"end":{"line":71,"column":null}}},"6":{"name":"(anonymous_8)","decl":{"start":{"line":73,"column":12},"end":{"line":73,"column":null}},"loc":{"start":{"line":73,"column":12},"end":{"line":75,"column":5}}},"7":{"name":"(anonymous_9)","decl":{"start":{"line":118,"column":36},"end":{"line":118,"column":37}},"loc":{"start":{"line":118,"column":43},"end":{"line":118,"column":69}}},"8":{"name":"(anonymous_10)","decl":{"start":{"line":126,"column":29},"end":{"line":126,"column":30}},"loc":{"start":{"line":127,"column":14},"end":{"line":128,"column":null}}},"9":{"name":"(anonymous_11)","decl":{"start":{"line":129,"column":25},"end":{"line":129,"column":null}},"loc":{"start":{"line":130,"column":18},"end":{"line":131,"column":null}}}},"branchMap":{"0":{"loc":{"start":{"line":61,"column":29},"end":{"line":61,"column":null}},"type":"cond-expr","locations":[{"start":{"line":61,"column":47},"end":{"line":61,"column":55}},{"start":{"line":61,"column":55},"end":{"line":61,"column":null}}]},"1":{"loc":{"start":{"line":66,"column":6},"end":{"line":68,"column":null}},"type":"cond-expr","locations":[{"start":{"line":67,"column":10},"end":{"line":67,"column":null}},{"start":{"line":68,"column":10},"end":{"line":68,"column":null}}]},"2":{"loc":{"start":{"line":66,"column":6},"end":{"line":66,"column":null}},"type":"binary-expr","locations":[{"start":{"line":66,"column":6},"end":{"line":66,"column":35}},{"start":{"line":66,"column":35},"end":{"line":66,"column":null}}]},"3":{"loc":{"start":{"line":77,"column":2},"end":{"line":79,"column":null}},"type":"if","locations":[{"start":{"line":77,"column":2},"end":{"line":79,"column":null}}]},"4":{"loc":{"start":{"line":114,"column":14},"end":{"line":116,"column":15}},"type":"cond-expr","locations":[{"start":{"line":114,"column":14},"end":{"line":116,"column":15}}]},"5":{"loc":{"start":{"line":137,"column":17},"end":{"line":142,"column":null}},"type":"binary-expr","locations":[{"start":{"line":137,"column":17},"end":{"line":137,"column":48}},{"start":{"line":138,"column":19},"end":{"line":142,"column":null}}]},"6":{"loc":{"start":{"line":138,"column":19},"end":{"line":142,"column":null}},"type":"cond-expr","locations":[{"start":{"line":139,"column":20},"end":{"line":141,"column":21}},{"start":{"line":141,"column":20},"end":{"line":142,"column":null}}]}},"s":{"0":0,"1":0,"2":0,"3":0,"4":0,"5":0,"6":0,"7":0,"8":0,"9":0,"10":0,"11":0,"12":0,"13":0,"14":0,"15":0,"16":0,"17":0,"18":0,"19":0,"20":0,"21":0,"22":0,"23":0,"24":0,"25":0,"26":0,"27":0,"28":0,"29":0,"30":0,"31":0,"32":0,"33":0,"34":0,"35":0,"36":0},"f":{"0":0,"1":0,"2":0,"3":0,"4":0,"5":0,"6":0,"7":0,"8":0,"9":0},"b":{"0":[0,0],"1":[0,0],"2":[0,0],"3":[0],"4":[0],"5":[0,0],"6":[0,0]}}
,"/home/drj/projects/mem0-stack/openmemory/ui/app/apps/components/AppGrid.tsx": {"path":"/home/drj/projects/mem0-stack/openmemory/ui/app/apps/components/AppGrid.tsx","statementMap":{"0":{"start":{"line":9,"column":16},"end":{"line":9,"column":null}},"1":{"start":{"line":2,"column":26},"end":{"line":2,"column":null}},"2":{"start":{"line":3,"column":28},"end":{"line":3,"column":null}},"3":{"start":{"line":5,"column":27},"end":{"line":5,"column":null}},"4":{"start":{"line":6,"column":24},"end":{"line":6,"column":null}},"5":{"start":{"line":7,"column":32},"end":{"line":7,"column":null}},"6":{"start":{"line":10,"column":35},"end":{"line":10,"column":null}},"7":{"start":{"line":11,"column":15},"end":{"line":11,"column":null}},"8":{"start":{"line":11,"column":49},"end":{"line":11,"column":64}},"9":{"start":{"line":12,"column":18},"end":{"line":12,"column":null}},"10":{"start":{"line":12,"column":52},"end":{"line":12,"column":70}},"11":{"start":{"line":14,"column":2},"end":{"line":21,"column":null}},"12":{"start":{"line":15,"column":4},"end":{"line":20,"column":null}},"13":{"start":{"line":23,"column":2},"end":{"line":31,"column":null}},"14":{"start":{"line":27,"column":10},"end":{"line":27,"column":null}},"15":{"start":{"line":33,"column":2},"end":{"line":39,"column":null}},"16":{"start":{"line":44,"column":8},"end":{"line":44,"column":30}}},"fnMap":{"0":{"name":"AppGrid","decl":{"start":{"line":9,"column":16},"end":{"line":9,"column":null}},"loc":{"start":{"line":9,"column":16},"end":{"line":48,"column":null}}},"1":{"name":"(anonymous_2)","decl":{"start":{"line":11,"column":27},"end":{"line":11,"column":28}},"loc":{"start":{"line":11,"column":49},"end":{"line":11,"column":64}}},"2":{"name":"(anonymous_3)","decl":{"start":{"line":12,"column":30},"end":{"line":12,"column":31}},"loc":{"start":{"line":12,"column":52},"end":{"line":12,"column":70}}},"3":{"name":"(anonymous_4)","decl":{"start":{"line":14,"column":12},"end":{"line":14,"column":null}},"loc":{"start":{"line":14,"column":12},"end":{"line":21,"column":5}}},"4":{"name":"(anonymous_5)","decl":{"start":{"line":26,"column":27},"end":{"line":26,"column":28}},"loc":{"start":{"line":27,"column":10},"end":{"line":27,"column":null}}},"5":{"name":"(anonymous_6)","decl":{"start":{"line":43,"column":16},"end":{"line":43,"column":17}},"loc":{"start":{"line":44,"column":8},"end":{"line":44,"column":30}}}},"branchMap":{"0":{"loc":{"start":{"line":17,"column":17},"end":{"line":17,"column":74}},"type":"cond-expr","locations":[{"start":{"line":17,"column":46},"end":{"line":17,"column":58}},{"start":{"line":17,"column":58},"end":{"line":17,"column":74}}]},"1":{"loc":{"start":{"line":23,"column":2},"end":{"line":31,"column":null}},"type":"if","locations":[{"start":{"line":23,"column":2},"end":{"line":31,"column":null}}]},"2":{"loc":{"start":{"line":33,"column":2},"end":{"line":39,"column":null}},"type":"if","locations":[{"start":{"line":33,"column":2},"end":{"line":39,"column":null}}]}},"s":{"0":0,"1":0,"2":0,"3":0,"4":0,"5":0,"6":0,"7":0,"8":0,"9":0,"10":0,"11":0,"12":0,"13":0,"14":0,"15":0,"16":0},"f":{"0":0,"1":0,"2":0,"3":0,"4":0,"5":0},"b":{"0":[0,0],"1":[0],"2":[0]}}
,"/home/drj/projects/mem0-stack/openmemory/ui/app/memories/page.tsx": {"path":"/home/drj/projects/mem0-stack/openmemory/ui/app/memories/page.tsx","statementMap":{"0":{"start":{"line":11,"column":24},"end":{"line":11,"column":null}},"1":{"start":{"line":3,"column":26},"end":{"line":3,"column":null}},"2":{"start":{"line":4,"column":32},"end":{"line":4,"column":null}},"3":{"start":{"line":5,"column":30},"end":{"line":5,"column":null}},"4":{"start":{"line":6,"column":43},"end":{"line":6,"column":null}},"5":{"start":{"line":7,"column":7},"end":{"line":7,"column":null}},"6":{"start":{"line":8,"column":25},"end":{"line":8,"column":null}},"7":{"start":{"line":9,"column":22},"end":{"line":9,"column":null}},"8":{"start":{"line":12,"column":17},"end":{"line":12,"column":null}},"9":{"start":{"line":13,"column":23},"end":{"line":13,"column":null}},"10":{"start":{"line":14,"column":64},"end":{"line":14,"column":null}},"11":{"start":{"line":15,"column":2},"end":{"line":23,"column":null}},"12":{"start":{"line":17,"column":4},"end":{"line":22,"column":null}},"13":{"start":{"line":18,"column":21},"end":{"line":18,"column":null}},"14":{"start":{"line":19,"column":6},"end":{"line":19,"column":null}},"15":{"start":{"line":19,"column":37},"end":{"line":19,"column":null}},"16":{"start":{"line":20,"column":6},"end":{"line":20,"column":null}},"17":{"start":{"line":20,"column":37},"end":{"line":20,"column":null}},"18":{"start":{"line":21,"column":6},"end":{"line":21,"column":null}}},"fnMap":{"0":{"name":"MemoriesPage","decl":{"start":{"line":11,"column":24},"end":{"line":11,"column":null}},"loc":{"start":{"line":11,"column":24},"end":{"line":45,"column":null}}},"1":{"name":"(anonymous_3)","decl":{"start":{"line":15,"column":12},"end":{"line":15,"column":null}},"loc":{"start":{"line":15,"column":12},"end":{"line":23,"column":5}}}},"branchMap":{"0":{"loc":{"start":{"line":17,"column":4},"end":{"line":22,"column":null}},"type":"if","locations":[{"start":{"line":17,"column":4},"end":{"line":22,"column":null}}]},"1":{"loc":{"start":{"line":17,"column":8},"end":{"line":17,"column":64}},"type":"binary-expr","locations":[{"start":{"line":17,"column":8},"end":{"line":17,"column":37}},{"start":{"line":17,"column":37},"end":{"line":17,"column":64}}]},"2":{"loc":{"start":{"line":19,"column":6},"end":{"line":19,"column":null}},"type":"if","locations":[{"start":{"line":19,"column":6},"end":{"line":19,"column":null}}]},"3":{"loc":{"start":{"line":20,"column":6},"end":{"line":20,"column":null}},"type":"if","locations":[{"start":{"line":20,"column":6},"end":{"line":20,"column":null}}]},"4":{"loc":{"start":{"line":28,"column":18},"end":{"line":28,"column":null}},"type":"binary-expr","locations":[{"start":{"line":28,"column":18},"end":{"line":28,"column":45}},{"start":{"line":28,"column":49},"end":{"line":28,"column":null}}]},"5":{"loc":{"start":{"line":29,"column":23},"end":{"line":29,"column":null}},"type":"binary-expr","locations":[{"start":{"line":29,"column":23},"end":{"line":29,"column":55}},{"start":{"line":29,"column":59},"end":{"line":29,"column":null}}]}},"s":{"0":0,"1":0,"2":0,"3":0,"4":0,"5":0,"6":0,"7":0,"8":0,"9":0,"10":0,"11":0,"12":0,"13":0,"14":0,"15":0,"16":0,"17":0,"18":0},"f":{"0":0,"1":0},"b":{"0":[0],"1":[0,0],"2":[0],"3":[0],"4":[0,0],"5":[0,0]}}
,"/home/drj/projects/mem0-stack/openmemory/ui/app/memories/components/CreateMemoryDialog.tsx": {"path":"/home/drj/projects/mem0-stack/openmemory/ui/app/memories/components/CreateMemoryDialog.tsx","statementMap":{"0":{"start":{"line":21,"column":16},"end":{"line":21,"column":null}},"1":{"start":{"line":3,"column":23},"end":{"line":3,"column":null}},"2":{"start":{"line":12,"column":7},"end":{"line":12,"column":null}},"3":{"start":{"line":13,"column":22},"end":{"line":13,"column":null}},"4":{"start":{"line":14,"column":33},"end":{"line":14,"column":null}},"5":{"start":{"line":15,"column":23},"end":{"line":15,"column":null}},"6":{"start":{"line":16,"column":24},"end":{"line":16,"column":null}},"7":{"start":{"line":17,"column":31},"end":{"line":17,"column":null}},"8":{"start":{"line":18,"column":22},"end":{"line":18,"column":null}},"9":{"start":{"line":19,"column":25},"end":{"line":19,"column":null}},"10":{"start":{"line":22,"column":53},"end":{"line":22,"column":null}},"11":{"start":{"line":23,"column":26},"end":{"line":23,"column":null}},"12":{"start":{"line":24,"column":18},"end":{"line":24,"column":null}},"13":{"start":{"line":26,"column":29},"end":{"line":38,"column":null}},"14":{"start":{"line":27,"column":4},"end":{"line":37,"column":null}},"15":{"start":{"line":28,"column":6},"end":{"line":28,"column":null}},"16":{"start":{"line":29,"column":6},"end":{"line":29,"column":null}},"17":{"start":{"line":31,"column":6},"end":{"line":31,"column":null}},"18":{"start":{"line":33,"column":6},"end":{"line":33,"column":null}},"19":{"start":{"line":35,"column":6},"end":{"line":35,"column":null}},"20":{"start":{"line":36,"column":6},"end":{"line":36,"column":null}},"21":{"start":{"line":71,"column":51},"end":{"line":71,"column":67}},"22":{"start":{"line":76,"column":27},"end":{"line":76,"column":null}}},"fnMap":{"0":{"name":"CreateMemoryDialog","decl":{"start":{"line":21,"column":16},"end":{"line":21,"column":null}},"loc":{"start":{"line":21,"column":16},"end":{"line":88,"column":null}}},"1":{"name":"(anonymous_2)","decl":{"start":{"line":26,"column":29},"end":{"line":26,"column":36}},"loc":{"start":{"line":26,"column":36},"end":{"line":38,"column":null}}},"2":{"name":"(anonymous_3)","decl":{"start":{"line":71,"column":45},"end":{"line":71,"column":51}},"loc":{"start":{"line":71,"column":51},"end":{"line":71,"column":67}}},"3":{"name":"(anonymous_4)","decl":{"start":{"line":76,"column":21},"end":{"line":76,"column":27}},"loc":{"start":{"line":76,"column":27},"end":{"line":76,"column":null}}}},"branchMap":{"0":{"loc":{"start":{"line":76,"column":46},"end":{"line":76,"column":null}},"type":"binary-expr","locations":[{"start":{"line":76,"column":46},"end":{"line":76,"column":73}},{"start":{"line":76,"column":73},"end":{"line":76,"column":null}}]},"1":{"loc":{"start":{"line":78,"column":13},"end":{"line":81,"column":null}},"type":"cond-expr","locations":[{"start":{"line":79,"column":14},"end":{"line":81,"column":null}},{"start":{"line":81,"column":14},"end":{"line":81,"column":null}}]}},"s":{"0":0,"1":0,"2":0,"3":0,"4":0,"5":0,"6":0,"7":0,"8":0,"9":0,"10":0,"11":0,"12":0,"13":0,"14":0,"15":0,"16":0,"17":0,"18":0,"19":0,"20":0,"21":0,"22":0},"f":{"0":0,"1":0,"2":0,"3":0},"b":{"0":[0,0],"1":[0,0]}}
,"/home/drj/projects/mem0-stack/openmemory/ui/app/memories/components/FilterComponent.tsx": {"path":"/home/drj/projects/mem0-stack/openmemory/ui/app/memories/components/FilterComponent.tsx","statementMap":{"0":{"start":{"line":53,"column":24},"end":{"line":53,"column":null}},"1":{"start":{"line":3,"column":36},"end":{"line":3,"column":null}},"2":{"start":{"line":4,"column":58},"end":{"line":4,"column":null}},"3":{"start":{"line":5,"column":41},"end":{"line":5,"column":null}},"4":{"start":{"line":13,"column":7},"end":{"line":13,"column":null}},"5":{"start":{"line":14,"column":23},"end":{"line":14,"column":null}},"6":{"start":{"line":15,"column":22},"end":{"line":15,"column":null}},"7":{"start":{"line":16,"column":25},"end":{"line":16,"column":null}},"8":{"start":{"line":17,"column":22},"end":{"line":17,"column":null}},"9":{"start":{"line":18,"column":57},"end":{"line":18,"column":null}},"10":{"start":{"line":27,"column":7},"end":{"line":27,"column":null}},"11":{"start":{"line":29,"column":27},"end":{"line":29,"column":null}},"12":{"start":{"line":30,"column":30},"end":{"line":30,"column":null}},"13":{"start":{"line":35,"column":7},"end":{"line":35,"column":null}},"14":{"start":{"line":36,"column":31},"end":{"line":36,"column":null}},"15":{"start":{"line":38,"column":16},"end":{"line":51,"column":null}},"16":{"start":{"line":54,"column":19},"end":{"line":54,"column":null}},"17":{"start":{"line":55,"column":24},"end":{"line":55,"column":null}},"18":{"start":{"line":56,"column":42},"end":{"line":56,"column":null}},"19":{"start":{"line":57,"column":28},"end":{"line":57,"column":null}},"20":{"start":{"line":58,"column":30},"end":{"line":58,"column":null}},"21":{"start":{"line":59,"column":50},"end":{"line":59,"column":null}},"22":{"start":{"line":60,"column":62},"end":{"line":62,"column":null}},"23":{"start":{"line":63,"column":42},"end":{"line":63,"column":null}},"24":{"start":{"line":65,"column":15},"end":{"line":65,"column":null}},"25":{"start":{"line":65,"column":49},"end":{"line":65,"column":64}},"26":{"start":{"line":66,"column":21},"end":{"line":67,"column":null}},"27":{"start":{"line":67,"column":26},"end":{"line":67,"column":56}},"28":{"start":{"line":69,"column":18},"end":{"line":69,"column":null}},"29":{"start":{"line":69,"column":52},"end":{"line":69,"column":70}},"30":{"start":{"line":71,"column":2},"end":{"line":74,"column":null}},"31":{"start":{"line":72,"column":4},"end":{"line":72,"column":null}},"32":{"start":{"line":73,"column":4},"end":{"line":73,"column":null}},"33":{"start":{"line":76,"column":2},"end":{"line":83,"column":null}},"34":{"start":{"line":78,"column":4},"end":{"line":82,"column":null}},"35":{"start":{"line":79,"column":6},"end":{"line":79,"column":null}},"36":{"start":{"line":80,"column":6},"end":{"line":80,"column":null}},"37":{"start":{"line":81,"column":6},"end":{"line":81,"column":null}},"38":{"start":{"line":85,"column":2},"end":{"line":87,"column":null}},"39":{"start":{"line":86,"column":4},"end":{"line":86,"column":null}},"40":{"start":{"line":89,"column":26},"end":{"line":93,"column":null}},"41":{"start":{"line":90,"column":4},"end":{"line":91,"column":null}},"42":{"start":{"line":91,"column":6},"end":{"line":91,"column":null}},"43":{"start":{"line":91,"column":46},"end":{"line":91,"column":59}},"44":{"start":{"line":95,"column":31},"end":{"line":101,"column":null}},"45":{"start":{"line":96,"column":4},"end":{"line":99,"column":null}},"46":{"start":{"line":97,"column":6},"end":{"line":99,"column":null}},"47":{"start":{"line":98,"column":29},"end":{"line":98,"column":null}},"48":{"start":{"line":103,"column":24},"end":{"line":105,"column":null}},"49":{"start":{"line":104,"column":4},"end":{"line":104,"column":null}},"50":{"start":{"line":104,"column":52},"end":{"line":104,"column":58}},"51":{"start":{"line":107,"column":30},"end":{"line":109,"column":null}},"52":{"start":{"line":108,"column":4},"end":{"line":108,"column":null}},"53":{"start":{"line":108,"column":64},"end":{"line":108,"column":72}},"54":{"start":{"line":111,"column":29},"end":{"line":117,"column":null}},"55":{"start":{"line":112,"column":4},"end":{"line":112,"column":null}},"56":{"start":{"line":113,"column":4},"end":{"line":113,"column":null}},"57":{"start":{"line":114,"column":4},"end":{"line":114,"column":null}},"58":{"start":{"line":115,"column":4},"end":{"line":115,"column":null}},"59":{"start":{"line":116,"column":4},"end":{"line":116,"column":null}},"60":{"start":{"line":119,"column":29},"end":{"line":147,"column":null}},"61":{"start":{"line":120,"column":4},"end":{"line":146,"column":null}},"62":{"start":{"line":122,"column":34},"end":{"line":124,"column":null}},"63":{"start":{"line":123,"column":25},"end":{"line":123,"column":null}},"64":{"start":{"line":124,"column":22},"end":{"line":124,"column":28}},"65":{"start":{"line":127,"column":29},"end":{"line":129,"column":null}},"66":{"start":{"line":128,"column":25},"end":{"line":128,"column":null}},"67":{"start":{"line":129,"column":22},"end":{"line":129,"column":28}},"68":{"start":{"line":132,"column":6},"end":{"line":132,"column":null}},"69":{"start":{"line":133,"column":6},"end":{"line":133,"column":null}},"70":{"start":{"line":134,"column":6},"end":{"line":134,"column":null}},"71":{"start":{"line":136,"column":6},"end":{"line":142,"column":null}},"72":{"start":{"line":143,"column":6},"end":{"line":143,"column":null}},"73":{"start":{"line":145,"column":6},"end":{"line":145,"column":null}},"74":{"start":{"line":149,"column":29},"end":{"line":157,"column":null}},"75":{"start":{"line":150,"column":4},"end":{"line":150,"column":null}},"76":{"start":{"line":151,"column":4},"end":{"line":156,"column":null}},"77":{"start":{"line":153,"column":6},"end":{"line":153,"column":null}},"78":{"start":{"line":154,"column":6},"end":{"line":154,"column":null}},"79":{"start":{"line":155,"column":6},"end":{"line":155,"column":null}},"80":{"start":{"line":159,"column":21},"end":{"line":186,"column":null}},"81":{"start":{"line":161,"column":6},"end":{"line":163,"column":null}},"82":{"start":{"line":164,"column":4},"end":{"line":164,"column":null}},"83":{"start":{"line":167,"column":32},"end":{"line":169,"column":null}},"84":{"start":{"line":168,"column":23},"end":{"line":168,"column":null}},"85":{"start":{"line":169,"column":20},"end":{"line":169,"column":26}},"86":{"start":{"line":172,"column":27},"end":{"line":174,"column":null}},"87":{"start":{"line":173,"column":23},"end":{"line":173,"column":null}},"88":{"start":{"line":174,"column":20},"end":{"line":174,"column":26}},"89":{"start":{"line":176,"column":4},"end":{"line":185,"column":null}},"90":{"start":{"line":177,"column":6},"end":{"line":182,"column":null}},"91":{"start":{"line":184,"column":6},"end":{"line":184,"column":null}},"92":{"start":{"line":189,"column":4},"end":{"line":191,"column":24}},"93":{"start":{"line":194,"column":4},"end":{"line":196,"column":null}},"94":{"start":{"line":257,"column":22},"end":{"line":257,"column":null}},"95":{"start":{"line":269,"column":18},"end":{"line":269,"column":36}},"96":{"start":{"line":273,"column":45},"end":{"line":273,"column":null}},"97":{"start":{"line":296,"column":22},"end":{"line":296,"column":null}},"98":{"start":{"line":308,"column":18},"end":{"line":309,"column":null}},"99":{"start":{"line":316,"column":24},"end":{"line":316,"column":null}},"100":{"start":{"line":337,"column":22},"end":{"line":337,"column":null}},"101":{"start":{"line":383,"column":39},"end":{"line":383,"column":69}},"102":{"start":{"line":392,"column":14},"end":{"line":393,"column":null}},"103":{"start":{"line":394,"column":31},"end":{"line":394,"column":null}}},"fnMap":{"0":{"name":"FilterComponent","decl":{"start":{"line":53,"column":24},"end":{"line":53,"column":null}},"loc":{"start":{"line":53,"column":24},"end":{"line":411,"column":null}}},"1":{"name":"(anonymous_2)","decl":{"start":{"line":65,"column":27},"end":{"line":65,"column":28}},"loc":{"start":{"line":65,"column":49},"end":{"line":65,"column":64}}},"2":{"name":"(anonymous_3)","decl":{"start":{"line":67,"column":4},"end":{"line":67,"column":5}},"loc":{"start":{"line":67,"column":26},"end":{"line":67,"column":56}}},"3":{"name":"(anonymous_4)","decl":{"start":{"line":69,"column":30},"end":{"line":69,"column":31}},"loc":{"start":{"line":69,"column":52},"end":{"line":69,"column":70}}},"4":{"name":"(anonymous_5)","decl":{"start":{"line":71,"column":12},"end":{"line":71,"column":null}},"loc":{"start":{"line":71,"column":12},"end":{"line":74,"column":5}}},"5":{"name":"(anonymous_6)","decl":{"start":{"line":76,"column":12},"end":{"line":76,"column":null}},"loc":{"start":{"line":76,"column":12},"end":{"line":83,"column":5}}},"6":{"name":"(anonymous_7)","decl":{"start":{"line":85,"column":12},"end":{"line":85,"column":null}},"loc":{"start":{"line":85,"column":12},"end":{"line":87,"column":5}}},"7":{"name":"(anonymous_8)","decl":{"start":{"line":89,"column":26},"end":{"line":89,"column":27}},"loc":{"start":{"line":89,"column":27},"end":{"line":93,"column":null}}},"8":{"name":"(anonymous_9)","decl":{"start":{"line":90,"column":24},"end":{"line":90,"column":25}},"loc":{"start":{"line":91,"column":6},"end":{"line":91,"column":null}}},"9":{"name":"(anonymous_10)","decl":{"start":{"line":91,"column":39},"end":{"line":91,"column":40}},"loc":{"start":{"line":91,"column":46},"end":{"line":91,"column":59}}},"10":{"name":"(anonymous_11)","decl":{"start":{"line":95,"column":31},"end":{"line":95,"column":32}},"loc":{"start":{"line":95,"column":32},"end":{"line":101,"column":null}}},"11":{"name":"(anonymous_12)","decl":{"start":{"line":96,"column":30},"end":{"line":96,"column":31}},"loc":{"start":{"line":97,"column":6},"end":{"line":99,"column":null}}},"12":{"name":"(anonymous_13)","decl":{"start":{"line":98,"column":22},"end":{"line":98,"column":23}},"loc":{"start":{"line":98,"column":29},"end":{"line":98,"column":null}}},"13":{"name":"(anonymous_14)","decl":{"start":{"line":103,"column":24},"end":{"line":103,"column":25}},"loc":{"start":{"line":103,"column":25},"end":{"line":105,"column":null}}},"14":{"name":"(anonymous_15)","decl":{"start":{"line":104,"column":43},"end":{"line":104,"column":44}},"loc":{"start":{"line":104,"column":52},"end":{"line":104,"column":58}}},"15":{"name":"(anonymous_16)","decl":{"start":{"line":107,"column":30},"end":{"line":107,"column":31}},"loc":{"start":{"line":107,"column":31},"end":{"line":109,"column":null}}},"16":{"name":"(anonymous_17)","decl":{"start":{"line":108,"column":55},"end":{"line":108,"column":56}},"loc":{"start":{"line":108,"column":64},"end":{"line":108,"column":72}}},"17":{"name":"(anonymous_18)","decl":{"start":{"line":111,"column":29},"end":{"line":111,"column":null}},"loc":{"start":{"line":111,"column":29},"end":{"line":117,"column":null}}},"18":{"name":"(anonymous_19)","decl":{"start":{"line":119,"column":29},"end":{"line":119,"column":null}},"loc":{"start":{"line":119,"column":29},"end":{"line":147,"column":null}}},"19":{"name":"(anonymous_20)","decl":{"start":{"line":123,"column":16},"end":{"line":123,"column":17}},"loc":{"start":{"line":123,"column":25},"end":{"line":123,"column":null}}},"20":{"name":"(anonymous_21)","decl":{"start":{"line":124,"column":13},"end":{"line":124,"column":14}},"loc":{"start":{"line":124,"column":22},"end":{"line":124,"column":28}}},"21":{"name":"(anonymous_22)","decl":{"start":{"line":128,"column":16},"end":{"line":128,"column":17}},"loc":{"start":{"line":128,"column":25},"end":{"line":128,"column":null}}},"22":{"name":"(anonymous_23)","decl":{"start":{"line":129,"column":13},"end":{"line":129,"column":14}},"loc":{"start":{"line":129,"column":22},"end":{"line":129,"column":28}}},"23":{"name":"(anonymous_24)","decl":{"start":{"line":149,"column":29},"end":{"line":149,"column":30}},"loc":{"start":{"line":149,"column":30},"end":{"line":157,"column":null}}},"24":{"name":"(anonymous_25)","decl":{"start":{"line":159,"column":21},"end":{"line":159,"column":28}},"loc":{"start":{"line":159,"column":28},"end":{"line":186,"column":null}}},"25":{"name":"(anonymous_26)","decl":{"start":{"line":168,"column":14},"end":{"line":168,"column":15}},"loc":{"start":{"line":168,"column":23},"end":{"line":168,"column":null}}},"26":{"name":"(anonymous_27)","decl":{"start":{"line":169,"column":11},"end":{"line":169,"column":12}},"loc":{"start":{"line":169,"column":20},"end":{"line":169,"column":26}}},"27":{"name":"(anonymous_28)","decl":{"start":{"line":173,"column":14},"end":{"line":173,"column":15}},"loc":{"start":{"line":173,"column":23},"end":{"line":173,"column":null}}},"28":{"name":"(anonymous_29)","decl":{"start":{"line":174,"column":11},"end":{"line":174,"column":12}},"loc":{"start":{"line":174,"column":20},"end":{"line":174,"column":26}}},"29":{"name":"(anonymous_30)","decl":{"start":{"line":256,"column":37},"end":{"line":256,"column":38}},"loc":{"start":{"line":257,"column":22},"end":{"line":257,"column":null}}},"30":{"name":"(anonymous_31)","decl":{"start":{"line":268,"column":26},"end":{"line":268,"column":27}},"loc":{"start":{"line":269,"column":18},"end":{"line":269,"column":36}}},"31":{"name":"(anonymous_32)","decl":{"start":{"line":273,"column":39},"end":{"line":273,"column":45}},"loc":{"start":{"line":273,"column":45},"end":{"line":273,"column":null}}},"32":{"name":"(anonymous_33)","decl":{"start":{"line":295,"column":37},"end":{"line":295,"column":38}},"loc":{"start":{"line":296,"column":22},"end":{"line":296,"column":null}}},"33":{"name":"(anonymous_34)","decl":{"start":{"line":307,"column":32},"end":{"line":307,"column":33}},"loc":{"start":{"line":308,"column":18},"end":{"line":309,"column":null}}},"34":{"name":"(anonymous_35)","decl":{"start":{"line":315,"column":39},"end":{"line":315,"column":null}},"loc":{"start":{"line":316,"column":24},"end":{"line":316,"column":null}}},"35":{"name":"(anonymous_36)","decl":{"start":{"line":336,"column":37},"end":{"line":336,"column":38}},"loc":{"start":{"line":337,"column":22},"end":{"line":337,"column":null}}},"36":{"name":"(anonymous_37)","decl":{"start":{"line":383,"column":32},"end":{"line":383,"column":33}},"loc":{"start":{"line":383,"column":39},"end":{"line":383,"column":69}}},"37":{"name":"(anonymous_38)","decl":{"start":{"line":391,"column":25},"end":{"line":391,"column":26}},"loc":{"start":{"line":392,"column":14},"end":{"line":393,"column":null}}},"38":{"name":"(anonymous_39)","decl":{"start":{"line":394,"column":25},"end":{"line":394,"column":31}},"loc":{"start":{"line":394,"column":31},"end":{"line":394,"column":null}}}},"branchMap":{"0":{"loc":{"start":{"line":78,"column":4},"end":{"line":82,"column":null}},"type":"if","locations":[{"start":{"line":78,"column":4},"end":{"line":82,"column":null}}]},"1":{"loc":{"start":{"line":81,"column":22},"end":{"line":81,"column":null}},"type":"binary-expr","locations":[{"start":{"line":81,"column":22},"end":{"line":81,"column":42}},{"start":{"line":81,"column":46},"end":{"line":81,"column":null}}]},"2":{"loc":{"start":{"line":91,"column":6},"end":{"line":91,"column":null}},"type":"cond-expr","locations":[{"start":{"line":91,"column":27},"end":{"line":91,"column":59}},{"start":{"line":91,"column":59},"end":{"line":91,"column":null}}]},"3":{"loc":{"start":{"line":97,"column":6},"end":{"line":99,"column":null}},"type":"cond-expr","locations":[{"start":{"line":98,"column":10},"end":{"line":98,"column":null}},{"start":{"line":99,"column":10},"end":{"line":99,"column":null}}]},"4":{"loc":{"start":{"line":104,"column":24},"end":{"line":104,"column":64}},"type":"cond-expr","locations":[{"start":{"line":104,"column":34},"end":{"line":104,"column":62}},{"start":{"line":104,"column":62},"end":{"line":104,"column":64}}]},"5":{"loc":{"start":{"line":108,"column":30},"end":{"line":108,"column":78}},"type":"cond-expr","locations":[{"start":{"line":108,"column":40},"end":{"line":108,"column":76}},{"start":{"line":108,"column":76},"end":{"line":108,"column":78}}]},"6":{"loc":{"start":{"line":151,"column":4},"end":{"line":156,"column":null}},"type":"if","locations":[{"start":{"line":151,"column":4},"end":{"line":156,"column":null}}]},"7":{"loc":{"start":{"line":155,"column":22},"end":{"line":155,"column":null}},"type":"binary-expr","locations":[{"start":{"line":155,"column":22},"end":{"line":155,"column":42}},{"start":{"line":155,"column":46},"end":{"line":155,"column":null}}]},"8":{"loc":{"start":{"line":161,"column":6},"end":{"line":163,"column":null}},"type":"cond-expr","locations":[{"start":{"line":162,"column":10},"end":{"line":162,"column":null}},{"start":{"line":163,"column":10},"end":{"line":163,"column":null}}]},"9":{"loc":{"start":{"line":161,"column":6},"end":{"line":161,"column":null}},"type":"binary-expr","locations":[{"start":{"line":161,"column":6},"end":{"line":161,"column":39}},{"start":{"line":161,"column":39},"end":{"line":161,"column":null}}]},"10":{"loc":{"start":{"line":189,"column":4},"end":{"line":191,"column":24}},"type":"binary-expr","locations":[{"start":{"line":189,"column":4},"end":{"line":189,"column":null}},{"start":{"line":190,"column":4},"end":{"line":190,"column":null}},{"start":{"line":191,"column":4},"end":{"line":191,"column":24}}]},"11":{"loc":{"start":{"line":194,"column":4},"end":{"line":196,"column":null}},"type":"binary-expr","locations":[{"start":{"line":194,"column":4},"end":{"line":194,"column":null}},{"start":{"line":195,"column":4},"end":{"line":195,"column":null}},{"start":{"line":196,"column":4},"end":{"line":196,"column":null}}]},"12":{"loc":{"start":{"line":205,"column":14},"end":{"line":205,"column":null}},"type":"cond-expr","locations":[{"start":{"line":205,"column":33},"end":{"line":205,"column":52}},{"start":{"line":205,"column":52},"end":{"line":205,"column":null}}]},"13":{"loc":{"start":{"line":209,"column":36},"end":{"line":209,"column":76}},"type":"cond-expr","locations":[{"start":{"line":209,"column":55},"end":{"line":209,"column":72}},{"start":{"line":209,"column":72},"end":{"line":209,"column":76}}]},"14":{"loc":{"start":{"line":212,"column":13},"end":{"line":212,"column":null}},"type":"binary-expr","locations":[{"start":{"line":212,"column":13},"end":{"line":212,"column":null}}]},"15":{"loc":{"start":{"line":216,"column":19},"end":{"line":216,"column":null}},"type":"cond-expr","locations":[{"start":{"line":216,"column":42},"end":{"line":216,"column":46}},{"start":{"line":216,"column":46},"end":{"line":216,"column":null}}]},"16":{"loc":{"start":{"line":254,"column":22},"end":{"line":254,"column":80}},"type":"binary-expr","locations":[{"start":{"line":254,"column":22},"end":{"line":254,"column":41}},{"start":{"line":254,"column":41},"end":{"line":254,"column":80}}]},"17":{"loc":{"start":{"line":292,"column":22},"end":{"line":293,"column":73}},"type":"binary-expr","locations":[{"start":{"line":292,"column":22},"end":{"line":292,"column":null}},{"start":{"line":293,"column":22},"end":{"line":293,"column":73}}]},"18":{"loc":{"start":{"line":353,"column":13},"end":{"line":353,"column":null}},"type":"binary-expr","locations":[{"start":{"line":353,"column":13},"end":{"line":353,"column":null}}]},"19":{"loc":{"start":{"line":379,"column":14},"end":{"line":381,"column":15}},"type":"cond-expr","locations":[{"start":{"line":379,"column":14},"end":{"line":381,"column":15}}]},"20":{"loc":{"start":{"line":398,"column":17},"end":{"line":403,"column":null}},"type":"binary-expr","locations":[{"start":{"line":398,"column":17},"end":{"line":398,"column":52}},{"start":{"line":399,"column":19},"end":{"line":403,"column":null}}]},"21":{"loc":{"start":{"line":399,"column":19},"end":{"line":403,"column":null}},"type":"cond-expr","locations":[{"start":{"line":400,"column":20},"end":{"line":402,"column":21}},{"start":{"line":402,"column":20},"end":{"line":403,"column":null}}]}},"s":{"0":0,"1":0,"2":0,"3":0,"4":0,"5":0,"6":0,"7":0,"8":0,"9":0,"10":0,"11":0,"12":0,"13":0,"14":0,"15":0,"16":0,"17":0,"18":0,"19":0,"20":0,"21":0,"22":0,"23":0,"24":0,"25":0,"26":0,"27":0,"28":0,"29":0,"30":0,"31":0,"32":0,"33":0,"34":0,"35":0,"36":0,"37":0,"38":0,"39":0,"40":0,"41":0,"42":0,"43":0,"44":0,"45":0,"46":0,"47":0,"48":0,"49":0,"50":0,"51":0,"52":0,"53":0,"54":0,"55":0,"56":0,"57":0,"58":0,"59":0,"60":0,"61":0,"62":0,"63":0,"64":0,"65":0,"66":0,"67":0,"68":0,"69":0,"70":0,"71":0,"72":0,"73":0,"74":0,"75":0,"76":0,"77":0,"78":0,"79":0,"80":0,"81":0,"82":0,"83":0,"84":0,"85":0,"86":0,"87":0,"88":0,"89":0,"90":0,"91":0,"92":0,"93":0,"94":0,"95":0,"96":0,"97":0,"98":0,"99":0,"100":0,"101":0,"102":0,"103":0},"f":{"0":0,"1":0,"2":0,"3":0,"4":0,"5":0,"6":0,"7":0,"8":0,"9":0,"10":0,"11":0,"12":0,"13":0,"14":0,"15":0,"16":0,"17":0,"18":0,"19":0,"20":0,"21":0,"22":0,"23":0,"24":0,"25":0,"26":0,"27":0,"28":0,"29":0,"30":0,"31":0,"32":0,"33":0,"34":0,"35":0,"36":0,"37":0,"38":0},"b":{"0":[0],"1":[0,0],"2":[0,0],"3":[0,0],"4":[0,0],"5":[0,0],"6":[0],"7":[0,0],"8":[0,0],"9":[0,0],"10":[0,0,0],"11":[0,0,0],"12":[0,0],"13":[0,0],"14":[0],"15":[0,0],"16":[0,0],"17":[0,0],"18":[0],"19":[0],"20":[0,0],"21":[0,0]}}
,"/home/drj/projects/mem0-stack/openmemory/ui/app/memories/components/MemoriesSection.tsx": {"path":"/home/drj/projects/mem0-stack/openmemory/ui/app/memories/components/MemoriesSection.tsx","statementMap":{"0":{"start":{"line":14,"column":16},"end":{"line":14,"column":null}},"1":{"start":{"line":1,"column":36},"end":{"line":1,"column":null}},"2":{"start":{"line":2,"column":23},"end":{"line":2,"column":null}},"3":{"start":{"line":4,"column":28},"end":{"line":4,"column":null}},"4":{"start":{"line":5,"column":33},"end":{"line":5,"column":null}},"5":{"start":{"line":6,"column":35},"end":{"line":6,"column":null}},"6":{"start":{"line":7,"column":33},"end":{"line":7,"column":null}},"7":{"start":{"line":8,"column":31},"end":{"line":8,"column":null}},"8":{"start":{"line":9,"column":43},"end":{"line":9,"column":null}},"9":{"start":{"line":10,"column":36},"end":{"line":10,"column":null}},"10":{"start":{"line":11,"column":28},"end":{"line":11,"column":null}},"11":{"start":{"line":15,"column":17},"end":{"line":15,"column":null}},"12":{"start":{"line":16,"column":23},"end":{"line":16,"column":null}},"13":{"start":{"line":17,"column":28},"end":{"line":17,"column":null}},"14":{"start":{"line":18,"column":19},"end":{"line":18,"column":null}},"15":{"start":{"line":18,"column":53},"end":{"line":18,"column":76}},"16":{"start":{"line":19,"column":38},"end":{"line":19,"column":null}},"17":{"start":{"line":20,"column":38},"end":{"line":20,"column":null}},"18":{"start":{"line":21,"column":36},"end":{"line":21,"column":null}},"19":{"start":{"line":23,"column":22},"end":{"line":23,"column":null}},"20":{"start":{"line":24,"column":23},"end":{"line":24,"column":null}},"21":{"start":{"line":25,"column":50},"end":{"line":26,"column":null}},"22":{"start":{"line":28,"column":46},"end":{"line":28,"column":null}},"23":{"start":{"line":30,"column":2},"end":{"line":50,"column":null}},"24":{"start":{"line":31,"column":25},"end":{"line":47,"column":null}},"25":{"start":{"line":32,"column":6},"end":{"line":32,"column":null}},"26":{"start":{"line":33,"column":6},"end":{"line":45,"column":null}},"27":{"start":{"line":34,"column":28},"end":{"line":34,"column":null}},"28":{"start":{"line":35,"column":23},"end":{"line":38,"column":null}},"29":{"start":{"line":41,"column":8},"end":{"line":41,"column":null}},"30":{"start":{"line":42,"column":8},"end":{"line":42,"column":null}},"31":{"start":{"line":44,"column":8},"end":{"line":44,"column":null}},"32":{"start":{"line":46,"column":6},"end":{"line":46,"column":null}},"33":{"start":{"line":49,"column":4},"end":{"line":49,"column":null}},"34":{"start":{"line":52,"column":25},"end":{"line":57,"column":null}},"35":{"start":{"line":53,"column":19},"end":{"line":53,"column":null}},"36":{"start":{"line":54,"column":4},"end":{"line":54,"column":null}},"37":{"start":{"line":55,"column":4},"end":{"line":55,"column":null}},"38":{"start":{"line":56,"column":4},"end":{"line":56,"column":null}},"39":{"start":{"line":59,"column":31},"end":{"line":64,"column":null}},"40":{"start":{"line":60,"column":19},"end":{"line":60,"column":null}},"41":{"start":{"line":61,"column":4},"end":{"line":61,"column":29}},"42":{"start":{"line":62,"column":4},"end":{"line":62,"column":null}},"43":{"start":{"line":63,"column":4},"end":{"line":63,"column":null}},"44":{"start":{"line":66,"column":2},"end":{"line":77,"column":null}},"45":{"start":{"line":133,"column":18},"end":{"line":133,"column":null}},"46":{"start":{"line":134,"column":18},"end":{"line":134,"column":null}}},"fnMap":{"0":{"name":"MemoriesSection","decl":{"start":{"line":14,"column":16},"end":{"line":14,"column":null}},"loc":{"start":{"line":14,"column":16},"end":{"line":147,"column":null}}},"1":{"name":"(anonymous_2)","decl":{"start":{"line":18,"column":31},"end":{"line":18,"column":32}},"loc":{"start":{"line":18,"column":53},"end":{"line":18,"column":76}}},"2":{"name":"(anonymous_3)","decl":{"start":{"line":30,"column":12},"end":{"line":30,"column":null}},"loc":{"start":{"line":30,"column":12},"end":{"line":50,"column":5}}},"3":{"name":"(anonymous_4)","decl":{"start":{"line":31,"column":25},"end":{"line":31,"column":null}},"loc":{"start":{"line":31,"column":25},"end":{"line":47,"column":null}}},"4":{"name":"(anonymous_5)","decl":{"start":{"line":52,"column":25},"end":{"line":52,"column":26}},"loc":{"start":{"line":52,"column":26},"end":{"line":57,"column":null}}},"5":{"name":"(anonymous_6)","decl":{"start":{"line":59,"column":31},"end":{"line":59,"column":32}},"loc":{"start":{"line":59,"column":32},"end":{"line":64,"column":null}}},"6":{"name":"(anonymous_7)","decl":{"start":{"line":132,"column":25},"end":{"line":132,"column":null}},"loc":{"start":{"line":132,"column":25},"end":{"line":135,"column":null}}}},"branchMap":{"0":{"loc":{"start":{"line":23,"column":22},"end":{"line":23,"column":null}},"type":"binary-expr","locations":[{"start":{"line":23,"column":22},"end":{"line":23,"column":58}},{"start":{"line":23,"column":58},"end":{"line":23,"column":null}}]},"1":{"loc":{"start":{"line":24,"column":23},"end":{"line":24,"column":null}},"type":"binary-expr","locations":[{"start":{"line":24,"column":23},"end":{"line":24,"column":59}},{"start":{"line":24,"column":59},"end":{"line":24,"column":null}}]},"2":{"loc":{"start":{"line":34,"column":28},"end":{"line":34,"column":null}},"type":"binary-expr","locations":[{"start":{"line":34,"column":28},"end":{"line":34,"column":58}},{"start":{"line":34,"column":58},"end":{"line":34,"column":null}}]},"3":{"loc":{"start":{"line":66,"column":2},"end":{"line":77,"column":null}},"type":"if","locations":[{"start":{"line":66,"column":2},"end":{"line":77,"column":null}}]},"4":{"loc":{"start":{"line":83,"column":10},"end":{"line":103,"column":11}},"type":"cond-expr","locations":[{"start":{"line":83,"column":10},"end":{"line":103,"column":11}}]},"5":{"loc":{"start":{"line":125,"column":15},"end":{"line":127,"column":null}},"type":"cond-expr","locations":[{"start":{"line":126,"column":18},"end":{"line":126,"column":null}},{"start":{"line":127,"column":18},"end":{"line":127,"column":null}}]},"6":{"loc":{"start":{"line":125,"column":15},"end":{"line":125,"column":null}},"type":"binary-expr","locations":[{"start":{"line":125,"column":15},"end":{"line":125,"column":45}},{"start":{"line":125,"column":45},"end":{"line":125,"column":null}}]},"7":{"loc":{"start":{"line":129,"column":13},"end":{"line":140,"column":null}},"type":"cond-expr","locations":[{"start":{"line":130,"column":14},"end":{"line":140,"column":15}},{"start":{"line":140,"column":14},"end":{"line":140,"column":null}}]},"8":{"loc":{"start":{"line":129,"column":13},"end":{"line":129,"column":null}},"type":"binary-expr","locations":[{"start":{"line":129,"column":13},"end":{"line":129,"column":43}},{"start":{"line":129,"column":43},"end":{"line":129,"column":null}}]}},"s":{"0":0,"1":0,"2":0,"3":0,"4":0,"5":0,"6":0,"7":0,"8":0,"9":0,"10":0,"11":0,"12":0,"13":0,"14":0,"15":0,"16":0,"17":0,"18":0,"19":0,"20":0,"21":0,"22":0,"23":0,"24":0,"25":0,"26":0,"27":0,"28":0,"29":0,"30":0,"31":0,"32":0,"33":0,"34":0,"35":0,"36":0,"37":0,"38":0,"39":0,"40":0,"41":0,"42":0,"43":0,"44":0,"45":0,"46":0},"f":{"0":0,"1":0,"2":0,"3":0,"4":0,"5":0,"6":0},"b":{"0":[0,0],"1":[0,0],"2":[0,0],"3":[0],"4":[0],"5":[0,0],"6":[0,0],"7":[0,0],"8":[0,0]}}
,"/home/drj/projects/mem0-stack/openmemory/ui/app/memories/components/MemoryFilters.tsx": {"path":"/home/drj/projects/mem0-stack/openmemory/ui/app/memories/components/MemoryFilters.tsx","statementMap":{"0":{"start":{"line":22,"column":16},"end":{"line":22,"column":null}},"1":{"start":{"line":2,"column":45},"end":{"line":2,"column":null}},"2":{"start":{"line":3,"column":22},"end":{"line":3,"column":null}},"3":{"start":{"line":4,"column":23},"end":{"line":4,"column":null}},"4":{"start":{"line":5,"column":25},"end":{"line":5,"column":null}},"5":{"start":{"line":6,"column":41},"end":{"line":6,"column":null}},"6":{"start":{"line":8,"column":31},"end":{"line":8,"column":null}},"7":{"start":{"line":9,"column":31},"end":{"line":9,"column":null}},"8":{"start":{"line":15,"column":7},"end":{"line":15,"column":null}},"9":{"start":{"line":16,"column":43},"end":{"line":16,"column":null}},"10":{"start":{"line":18,"column":34},"end":{"line":18,"column":null}},"11":{"start":{"line":19,"column":28},"end":{"line":19,"column":null}},"12":{"start":{"line":20,"column":29},"end":{"line":20,"column":null}},"13":{"start":{"line":23,"column":19},"end":{"line":23,"column":null}},"14":{"start":{"line":24,"column":28},"end":{"line":25,"column":null}},"15":{"start":{"line":25,"column":26},"end":{"line":25,"column":58}},"16":{"start":{"line":27,"column":63},"end":{"line":27,"column":null}},"17":{"start":{"line":28,"column":17},"end":{"line":28,"column":null}},"18":{"start":{"line":29,"column":23},"end":{"line":29,"column":null}},"19":{"start":{"line":30,"column":24},"end":{"line":30,"column":null}},"20":{"start":{"line":30,"column":58},"end":{"line":30,"column":76}},"21":{"start":{"line":32,"column":19},"end":{"line":32,"column":null}},"22":{"start":{"line":34,"column":31},"end":{"line":41,"column":null}},"23":{"start":{"line":35,"column":4},"end":{"line":40,"column":null}},"24":{"start":{"line":36,"column":6},"end":{"line":36,"column":null}},"25":{"start":{"line":37,"column":6},"end":{"line":37,"column":null}},"26":{"start":{"line":39,"column":6},"end":{"line":39,"column":null}},"27":{"start":{"line":43,"column":32},"end":{"line":49,"column":null}},"28":{"start":{"line":44,"column":4},"end":{"line":48,"column":null}},"29":{"start":{"line":45,"column":6},"end":{"line":45,"column":null}},"30":{"start":{"line":47,"column":6},"end":{"line":47,"column":null}},"31":{"start":{"line":51,"column":30},"end":{"line":57,"column":null}},"32":{"start":{"line":52,"column":4},"end":{"line":56,"column":null}},"33":{"start":{"line":53,"column":6},"end":{"line":53,"column":null}},"34":{"start":{"line":55,"column":6},"end":{"line":55,"column":null}},"35":{"start":{"line":59,"column":31},"end":{"line":65,"column":null}},"36":{"start":{"line":60,"column":4},"end":{"line":64,"column":null}},"37":{"start":{"line":61,"column":6},"end":{"line":61,"column":null}},"38":{"start":{"line":63,"column":6},"end":{"line":63,"column":null}},"39":{"start":{"line":68,"column":23},"end":{"line":70,"column":null}},"40":{"start":{"line":69,"column":4},"end":{"line":69,"column":null}},"41":{"start":{"line":72,"column":2},"end":{"line":80,"column":null}},"42":{"start":{"line":74,"column":4},"end":{"line":79,"column":null}},"43":{"start":{"line":75,"column":6},"end":{"line":78,"column":null}},"44":{"start":{"line":76,"column":8},"end":{"line":76,"column":null}},"45":{"start":{"line":77,"column":8},"end":{"line":77,"column":null}},"46":{"start":{"line":82,"column":32},"end":{"line":85,"column":null}},"47":{"start":{"line":83,"column":4},"end":{"line":83,"column":null}},"48":{"start":{"line":84,"column":4},"end":{"line":84,"column":27}},"49":{"start":{"line":88,"column":4},"end":{"line":89,"column":null}},"50":{"start":{"line":99,"column":27},"end":{"line":99,"column":null}}},"fnMap":{"0":{"name":"MemoryFilters","decl":{"start":{"line":22,"column":16},"end":{"line":22,"column":null}},"loc":{"start":{"line":22,"column":16},"end":{"line":154,"column":null}}},"1":{"name":"(anonymous_3)","decl":{"start":{"line":25,"column":4},"end":{"line":25,"column":5}},"loc":{"start":{"line":25,"column":26},"end":{"line":25,"column":58}}},"2":{"name":"(anonymous_4)","decl":{"start":{"line":30,"column":36},"end":{"line":30,"column":37}},"loc":{"start":{"line":30,"column":58},"end":{"line":30,"column":76}}},"3":{"name":"(anonymous_5)","decl":{"start":{"line":34,"column":31},"end":{"line":34,"column":null}},"loc":{"start":{"line":34,"column":31},"end":{"line":41,"column":null}}},"4":{"name":"(anonymous_6)","decl":{"start":{"line":43,"column":32},"end":{"line":43,"column":null}},"loc":{"start":{"line":43,"column":32},"end":{"line":49,"column":null}}},"5":{"name":"(anonymous_7)","decl":{"start":{"line":51,"column":30},"end":{"line":51,"column":null}},"loc":{"start":{"line":51,"column":30},"end":{"line":57,"column":null}}},"6":{"name":"(anonymous_8)","decl":{"start":{"line":59,"column":31},"end":{"line":59,"column":null}},"loc":{"start":{"line":59,"column":31},"end":{"line":65,"column":null}}},"7":{"name":"(anonymous_9)","decl":{"start":{"line":68,"column":32},"end":{"line":68,"column":39}},"loc":{"start":{"line":68,"column":39},"end":{"line":70,"column":5}}},"8":{"name":"(anonymous_10)","decl":{"start":{"line":72,"column":12},"end":{"line":72,"column":null}},"loc":{"start":{"line":72,"column":12},"end":{"line":80,"column":5}}},"9":{"name":"(anonymous_11)","decl":{"start":{"line":82,"column":32},"end":{"line":82,"column":null}},"loc":{"start":{"line":82,"column":32},"end":{"line":85,"column":null}}},"10":{"name":"(anonymous_12)","decl":{"start":{"line":99,"column":20},"end":{"line":99,"column":21}},"loc":{"start":{"line":99,"column":27},"end":{"line":99,"column":null}}}},"branchMap":{"0":{"loc":{"start":{"line":74,"column":4},"end":{"line":79,"column":null}},"type":"if","locations":[{"start":{"line":74,"column":4},"end":{"line":79,"column":null}}]},"1":{"loc":{"start":{"line":75,"column":6},"end":{"line":78,"column":null}},"type":"if","locations":[{"start":{"line":75,"column":6},"end":{"line":78,"column":null}}]},"2":{"loc":{"start":{"line":76,"column":33},"end":{"line":76,"column":null}},"type":"binary-expr","locations":[{"start":{"line":76,"column":33},"end":{"line":76,"column":63}},{"start":{"line":76,"column":63},"end":{"line":76,"column":null}}]},"3":{"loc":{"start":{"line":88,"column":4},"end":{"line":89,"column":null}},"type":"binary-expr","locations":[{"start":{"line":88,"column":4},"end":{"line":88,"column":null}},{"start":{"line":89,"column":4},"end":{"line":89,"column":null}}]},"4":{"loc":{"start":{"line":104,"column":9},"end":{"line":104,"column":null}},"type":"binary-expr","locations":[{"start":{"line":104,"column":9},"end":{"line":104,"column":null}}]},"5":{"loc":{"start":{"line":113,"column":9},"end":{"line":113,"column":null}},"type":"binary-expr","locations":[{"start":{"line":113,"column":9},"end":{"line":113,"column":null}}]}},"s":{"0":0,"1":0,"2":0,"3":0,"4":0,"5":0,"6":0,"7":0,"8":0,"9":0,"10":0,"11":0,"12":0,"13":0,"14":0,"15":0,"16":0,"17":0,"18":0,"19":0,"20":0,"21":0,"22":0,"23":0,"24":0,"25":0,"26":0,"27":0,"28":0,"29":0,"30":0,"31":0,"32":0,"33":0,"34":0,"35":0,"36":0,"37":0,"38":0,"39":0,"40":0,"41":0,"42":0,"43":0,"44":0,"45":0,"46":0,"47":0,"48":0,"49":0,"50":0},"f":{"0":0,"1":0,"2":0,"3":0,"4":0,"5":0,"6":0,"7":0,"8":0,"9":0,"10":0},"b":{"0":[0],"1":[0],"2":[0,0],"3":[0,0],"4":[0],"5":[0]}}
,"/home/drj/projects/mem0-stack/openmemory/ui/app/memories/components/MemoryPagination.tsx": {"path":"/home/drj/projects/mem0-stack/openmemory/ui/app/memories/components/MemoryPagination.tsx","statementMap":{"0":{"start":{"line":10,"column":16},"end":{"line":10,"column":33}},"1":{"start":{"line":1,"column":42},"end":{"line":1,"column":null}},"2":{"start":{"line":2,"column":23},"end":{"line":2,"column":null}},"3":{"start":{"line":21,"column":25},"end":{"line":21,"column":null}},"4":{"start":{"line":32,"column":25},"end":{"line":32,"column":null}}},"fnMap":{"0":{"name":"MemoryPagination","decl":{"start":{"line":10,"column":16},"end":{"line":10,"column":33}},"loc":{"start":{"line":14,"column":24},"end":{"line":40,"column":null}}},"1":{"name":"(anonymous_2)","decl":{"start":{"line":21,"column":19},"end":{"line":21,"column":25}},"loc":{"start":{"line":21,"column":25},"end":{"line":21,"column":null}}},"2":{"name":"(anonymous_3)","decl":{"start":{"line":32,"column":19},"end":{"line":32,"column":25}},"loc":{"start":{"line":32,"column":25},"end":{"line":32,"column":null}}}},"branchMap":{},"s":{"0":0,"1":0,"2":0,"3":0,"4":0},"f":{"0":0,"1":0,"2":0},"b":{}}
,"/home/drj/projects/mem0-stack/openmemory/ui/app/memories/components/MemoryTable.tsx": {"path":"/home/drj/projects/mem0-stack/openmemory/ui/app/memories/components/MemoryTable.tsx","statementMap":{"0":{"start":{"line":52,"column":16},"end":{"line":52,"column":null}},"1":{"start":{"line":8,"column":7},"end":{"line":8,"column":null}},"2":{"start":{"line":9,"column":23},"end":{"line":9,"column":null}},"3":{"start":{"line":17,"column":7},"end":{"line":17,"column":null}},"4":{"start":{"line":18,"column":25},"end":{"line":18,"column":null}},"5":{"start":{"line":25,"column":7},"end":{"line":25,"column":null}},"6":{"start":{"line":26,"column":25},"end":{"line":26,"column":null}},"7":{"start":{"line":27,"column":31},"end":{"line":27,"column":null}},"8":{"start":{"line":28,"column":41},"end":{"line":28,"column":null}},"9":{"start":{"line":35,"column":7},"end":{"line":35,"column":null}},"10":{"start":{"line":36,"column":22},"end":{"line":36,"column":null}},"11":{"start":{"line":37,"column":37},"end":{"line":37,"column":null}},"12":{"start":{"line":38,"column":27},"end":{"line":38,"column":null}},"13":{"start":{"line":39,"column":26},"end":{"line":39,"column":null}},"14":{"start":{"line":40,"column":27},"end":{"line":40,"column":null}},"15":{"start":{"line":41,"column":26},"end":{"line":41,"column":null}},"16":{"start":{"line":42,"column":23},"end":{"line":42,"column":null}},"17":{"start":{"line":43,"column":22},"end":{"line":43,"column":null}},"18":{"start":{"line":49,"column":7},"end":{"line":49,"column":null}},"19":{"start":{"line":50,"column":27},"end":{"line":50,"column":null}},"20":{"start":{"line":53,"column":20},"end":{"line":53,"column":null}},"21":{"start":{"line":54,"column":17},"end":{"line":54,"column":null}},"22":{"start":{"line":55,"column":19},"end":{"line":55,"column":null}},"23":{"start":{"line":56,"column":28},"end":{"line":57,"column":null}},"24":{"start":{"line":57,"column":26},"end":{"line":57,"column":58}},"25":{"start":{"line":59,"column":19},"end":{"line":59,"column":n
[...]
,"/home/drj/projects/mem0-stack/openmemory/ui/store/configSlice.ts": {"path":"/home/drj/projects/mem0-stack/openmemory/ui/store/configSlice.ts","statementMap":{"0":{"start":{"line":114,"column":0},"end":{"line":114,"column":15}},"1":{"start":{"line":107,"column":2},"end":{"line":107,"column":16}},"2":{"start":{"line":105,"column":2},"end":{"line":105,"column":18}},"3":{"start":{"line":106,"column":2},"end":{"line":106,"column":18}},"4":{"start":{"line":110,"column":2},"end":{"line":110,"column":16}},"5":{"start":{"line":109,"column":2},"end":{"line":109,"column":11}},"6":{"start":{"line":111,"column":2},"end":{"line":111,"column":18}},"7":{"start":{"line":108,"column":2},"end":{"line":108,"column":18}},"8":{"start":{"line":1,"column":43},"end":{"line":1,"column":null}},"9":{"start":{"line":43,"column":34},"end":{"line":67,"column":null}},"10":{"start":{"line":69,"column":20},"end":{"line":102,"column":null}},"11":{"start":{"line":74,"column":6},"end":{"line":74,"column":null}},"12":{"start":{"line":75,"column":6},"end":{"line":75,"column":null}},"13":{"start":{"line":78,"column":6},"end":{"line":80,"column":null}},"14":{"start":{"line":79,"column":8},"end":{"line":79,"column":null}},"15":{"start":{"line":81,"column":6},"end":{"line":81,"column":null}},"16":{"start":{"line":82,"column":6},"end":{"line":82,"column":null}},"17":{"start":{"line":83,"column":6},"end":{"line":83,"column":null}},"18":{"start":{"line":86,"column":6},"end":{"line":86,"column":null}},"19":{"start":{"line":87,"column":6},"end":{"line":87,"column":null}},"20":{"start":{"line":90,"column":6},"end":{"line":90,"column":null}},"21":{"start":{"line":93,"column":6},"end":{"line":93,"column":null}},"22":{"start":{"line":96,"column":6},"end":{"line":96,"column":null}},"23":{"start":{"line":99,"column":6},"end":{"line":99,"column":null}},"24":{"start":{"line":112,"column":4},"end":{"line":112,"column":23}},"25":{"start":{"line":114,"column":15},"end":{"line":114,"column":34}}},"fnMap":{"0":{"name":"(anonymous_9)","decl":{"start":{"line":73,"column":22},"end":{"line":73,"column":23}},"loc":{"start":{"line":73,"column":23},"end":{"line":76,"column":null}}},"1":{"name":"(anonymous_10)","decl":{"start":{"line":77,"column":22},"end":{"line":77,"column":23}},"loc":{"start":{"line":77,"column":30},"end":{"line":84,"column":null}}},"2":{"name":"(anonymous_11)","decl":{"start":{"line":85,"column":20},"end":{"line":85,"column":21}},"loc":{"start":{"line":85,"column":28},"end":{"line":88,"column":null}}},"3":{"name":"(anonymous_12)","decl":{"start":{"line":89,"column":22},"end":{"line":89,"column":23}},"loc":{"start":{"line":89,"column":30},"end":{"line":91,"column":null}}},"4":{"name":"(anonymous_13)","decl":{"start":{"line":92,"column":15},"end":{"line":92,"column":16}},"loc":{"start":{"line":92,"column":23},"end":{"line":94,"column":null}}},"5":{"name":"(anonymous_14)","decl":{"start":{"line":95,"column":20},"end":{"line":95,"column":21}},"loc":{"start":{"line":95,"column":28},"end":{"line":97,"column":null}}},"6":{"name":"(anonymous_15)","decl":{"start":{"line":98,"column":22},"end":{"line":98,"column":23}},"loc":{"start":{"line":98,"column":30},"end":{"line":100,"column":null}}}},"branchMap":{"0":{"loc":{"start":{"line":78,"column":6},"end":{"line":80,"column":null}},"type":"if","locations":[{"start":{"line":78,"column":6},"end":{"line":80,"column":null}}]}},"s":{"0":0,"1":0,"2":0,"3":0,"4":0,"5":0,"6":0,"7":0,"8":0,"9":0,"10":0,"11":0,"12":0,"13":0,"14":0,"15":0,"16":0,"17":0,"18":0,"19":0,"20":0,"21":0,"22":0,"23":0,"24":0,"25":0},"f":{"0":0,"1":0,"2":0,"3":0,"4":0,"5":0,"6":0},"b":{"0":[0]}}
,"/home/drj/projects/mem0-stack/openmemory/ui/store/filtersSlice.ts": {"path":"/home/drj/projects/mem0-stack/openmemory/ui/store/filtersSlice.ts","statementMap":{"0":{"start":{"line":89,"column":2},"end":{"line":89,"column":14}},"1":{"start":{"line":93,"column":0},"end":{"line":93,"column":15}},"2":{"start":{"line":85,"column":2},"end":{"line":85,"column":20}},"3":{"start":{"line":83,"column":2},"end":{"line":83,"column":22}},"4":{"start":{"line":84,"column":2},"end":{"line":84,"column":22}},"5":{"start":{"line":86,"column":2},"end":{"line":86,"column":17}},"6":{"start":{"line":87,"column":2},"end":{"line":87,"column":23}},"7":{"start":{"line":88,"column":2},"end":{"line":88,"column":17}},"8":{"start":{"line":90,"column":2},"end":{"line":90,"column":17}},"9":{"start":{"line":1,"column":43},"end":{"line":1,"column":null}},"10":{"start":{"line":27,"column":35},"end":{"line":41,"column":null}},"11":{"start":{"line":43,"column":21},"end":{"line":80,"column":null}},"12":{"start":{"line":48,"column":6},"end":{"line":48,"column":null}},"13":{"start":{"line":49,"column":6},"end":{"line":49,"column":null}},"14":{"start":{"line":52,"column":6},"end":{"line":52,"column":null}},"15":{"start":{"line":53,"column":6},"end":{"line":53,"column":null}},"16":{"start":{"line":54,"column":6},"end":{"line":54,"column":null}},"17":{"start":{"line":55,"column":6},"end":{"line":55,"column":null}},"18":{"start":{"line":58,"column":6},"end":{"line":58,"column":null}},"19":{"start":{"line":59,"column":6},"end":{"line":59,"column":null}},"20":{"start":{"line":62,"column":6},"end":{"line":62,"column":null}},"21":{"start":{"line":65,"column":6},"end":{"line":65,"column":null}},"22":{"start":{"line":68,"column":6},"end":{"line":68,"column":null}},"23":{"start":{"line":71,"column":6},"end":{"line":71,"column":null}},"24":{"start":{"line":72,"column":6},"end":{"line":72,"column":null}},"25":{"start":{"line":73,"column":6},"end":{"line":73,"column":null}},"26":{"start":{"line":76,"column":6},"end":{"line":76,"column":null}},"27":{"start":{"line":77,"column":6},"end":{"line":77,"column":null}},"28":{"start":{"line":91,"column":4},"end":{"line":91,"column":24}},"29":{"start":{"line":93,"column":15},"end":{"line":93,"column":35}}},"fnMap":{"0":{"name":"(anonymous_10)","decl":{"start":{"line":47,"column":26},"end":{"line":47,"column":27}},"loc":{"start":{"line":47,"column":27},"end":{"line":50,"column":null}}},"1":{"name":"(anonymous_11)","decl":{"start":{"line":51,"column":26},"end":{"line":51,"column":27}},"loc":{"start":{"line":51,"column":34},"end":{"line":56,"column":null}}},"2":{"name":"(anonymous_12)","decl":{"start":{"line":57,"column":24},"end":{"line":57,"column":25}},"loc":{"start":{"line":57,"column":32},"end":{"line":60,"column":null}}},"3":{"name":"(anonymous_13)","decl":{"start":{"line":61,"column":21},"end":{"line":61,"column":22}},"loc":{"start":{"line":61,"column":29},"end":{"line":63,"column":null}}},"4":{"name":"(anonymous_14)","decl":{"start":{"line":64,"column":27},"end":{"line":64,"column":28}},"loc":{"start":{"line":64,"column":35},"end":{"line":66,"column":null}}},"5":{"name":"(anonymous_15)","decl":{"start":{"line":67,"column":21},"end":{"line":67,"column":22}},"loc":{"start":{"line":67,"column":29},"end":{"line":69,"column":null}}},"6":{"name":"(anonymous_16)","decl":{"start":{"line":70,"column":18},"end":{"line":70,"column":19}},"loc":{"start":{"line":70,"column":19},"end":{"line":74,"column":null}}},"7":{"name":"(anonymous_17)","decl":{"start":{"line":75,"column":21},"end":{"line":75,"column":22}},"loc":{"start":{"line":75,"column":29},"end":{"line":78,"column":null}}}},"branchMap":{},"s":{"0":0,"1":0,"2":0,"3":0,"4":0,"5":0,"6":0,"7":0,"8":0,"9":0,"10":0,"11":0,"12":0,"13":0,"14":0,"15":0,"16":0,"17":0,"18":0,"19":0,"20":0,"21":0,"22":0,"23":0,"24":0,"25":0,"26":0,"27":0,"28":0,"29":0},"f":{"0":0,"1":0,"2":0,"3":0,"4":0,"5":0,"6":0,"7":0},"b":{}}
,"/home/drj/projects/mem0-stack/openmemory/ui/store/memoriesSlice.ts": {"path":"/home/drj/projects/mem0-stack/openmemory/ui/store/memoriesSlice.ts","statementMap":{"0":{"start":{"line":94,"column":2},"end":{"line":94,"column":16}},"1":{"start":{"line":100,"column":0},"end":{"line":100,"column":15}},"2":{"start":{"line":92,"column":2},"end":{"line":92,"column":16}},"3":{"start":{"line":90,"column":2},"end":{"line":90,"column":20}},"4":{"start":{"line":93,"column":2},"end":{"line":93,"column":19}},"5":{"start":{"line":91,"column":2},"end":{"line":91,"column":14}},"6":{"start":{"line":96,"column":2},"end":{"line":96,"column":15}},"7":{"start":{"line":89,"column":2},"end":{"line":89,"column":18}},"8":{"start":{"line":87,"column":2},"end":{"line":87,"column":20}},"9":{"start":{"line":88,"column":2},"end":{"line":88,"column":20}},"10":{"start":{"line":97,"column":2},"end":{"line":97,"column":20}},"11":{"start":{"line":95,"column":2},"end":{"line":95,"column":19}},"12":{"start":{"line":1,"column":43},"end":{"line":1,"column":null}},"13":{"start":{"line":22,"column":36},"end":{"line":30,"column":null}},"14":{"start":{"line":32,"column":22},"end":{"line":84,"column":null}},"15":{"start":{"line":37,"column":6},"end":{"line":37,"column":null}},"16":{"start":{"line":40,"column":6},"end":{"line":40,"column":null}},"17":{"start":{"line":43,"column":6},"end":{"line":43,"column":null}},"18":{"start":{"line":44,"column":6},"end":{"line":44,"column":null}},"19":{"start":{"line":45,"column":6},"end":{"line":45,"column":27}},"20":{"start":{"line":48,"column":6},"end":{"line":48,"column":null}},"21":{"start":{"line":49,"column":6},"end":{"line":49,"column":null}},"22":{"start":{"line":50,"column":6},"end":{"line":50,"column":null}},"23":{"start":{"line":53,"column":6},"end":{"line":53,"column":null}},"24":{"start":{"line":54,"column":6},"end":{"line":54,"column":null}},"25":{"start":{"line":57,"column":6},"end":{"line":57,"column":null}},"26":{"start":{"line":58,"column":6},"end":{"line":58,"column":null}},"27":{"start":{"line":59,"column":6},"end":{"line":59,"column":null}},"28":{"start":{"line":60,"column":6},"end":{"line":60,"column":null}},"29":{"start":{"line":61,"column":6},"end":{"line":61,"column":null}},"30":{"start":{"line":62,"column":6},"end":{"line":62,"column":null}},"31":{"start":{"line":63,"column":6},"end":{"line":63,"column":null}},"32":{"start":{"line":66,"column":6},"end":{"line":68,"column":null}},"33":{"start":{"line":67,"column":8},"end":{"line":67,"column":null}},"34":{"start":{"line":71,"column":6},"end":{"line":71,"column":null}},"35":{"start":{"line":71,"column":69},"end":{"line":71,"column":90}},"36":{"start":{"line":74,"column":6},"end":{"line":74,"column":null}},"37":{"start":{"line":74,"column":61},"end":{"line":74,"column":70}},"38":{"start":{"line":77,"column":6},"end":{"line":77,"column":null}},"39":{"start":{"line":80,"column":6},"end":{"line":80,"column":null}},"40":{"start":{"line":98,"column":4},"end":{"line":98,"column":25}},"41":{"start":{"line":100,"column":15},"end":{"line":100,"column":36}}},"fnMap":{"0":{"name":"(anonymous_13)","decl":{"start":{"line":36,"column":23},"end":{"line":36,"column":24}},"loc":{"start":{"line":36,"column":31},"end":{"line":38,"column":null}}},"1":{"name":"(anonymous_14)","decl":{"start":{"line":39,"column":19},"end":{"line":39,"column":20}},"loc":{"start":{"line":39,"column":27},"end":{"line":41,"column":null}}},"2":{"name":"(anonymous_15)","decl":{"start":{"line":42,"column":24},"end":{"line":42,"column":25}},"loc":{"start":{"line":42,"column":25},"end":{"line":46,"column":null}}},"3":{"name":"(anonymous_16)","decl":{"start":{"line":47,"column":24},"end":{"line":47,"column":25}},"loc":{"start":{"line":47,"column":32},"end":{"line":51,"column":null}}},"4":{"name":"(anonymous_17)","decl":{"start":{"line":52,"column":22},"end":{"line":52,"column":23}},"loc":{"start":{"line":52,"column":30},"end":{"line":55,"column":null}}},"5":{"name":"(anonymous_18)","decl":{"start":{"line":56,"column":24},"end":{"line":56,"column":25}},"loc":{"start":{"line":56,"column":25},"end":{"line":64,"column":null}}},"6":{"name":"(anonymous_19)","decl":{"start":{"line":65,"column":18},"end":{"line":65,"column":19}},"loc":{"start":{"line":65,"column":26},"end":{"line":69,"column":null}}},"7":{"name":"(anonymous_20)","decl":{"start":{"line":70,"column":20},"end":{"line":70,"column":21}},"loc":{"start":{"line":70,"column":28},"end":{"line":72,"column":null}}},"8":{"name":"(anonymous_21)","decl":{"start":{"line":71,"column":63},"end":{"line":71,"column":69}},"loc":{"start":{"line":71,"column":69},"end":{"line":71,"column":90}}},"9":{"name":"(anonymous_22)","decl":{"start":{"line":73,"column":23},"end":{"line":73,"column":24}},"loc":{"start":{"line":73,"column":24},"end":{"line":75,"column":null}}},"10":{"name":"(anonymous_23)","decl":{"start":{"line":74,"column":51},"end":{"line":74,"column":61}},"loc":{"start":{"line":74,"column":61},"end":{"line":74,"column":70}}},"11":{"name":"(anonymous_24)","decl":{"start":{"line":76,"column":20},"end":{"line":76,"column":21}},"loc":{"start":{"line":76,"column":21},"end":{"line":78,"column":null}}},"12":{"name":"(anonymous_25)","decl":{"start":{"line":79,"column":24},"end":{"line":79,"column":25}},"loc":{"start":{"line":79,"column":32},"end":{"line":81,"column":null}}}},"branchMap":{"0":{"loc":{"start":{"line":66,"column":6},"end":{"line":68,"column":null}},"type":"if","locations":[{"start":{"line":66,"column":6},"end":{"line":68,"column":null}}]}},"s":{"0":0,"1":0,"2":0,"3":0,"4":0,"5":0,"6":0,"7":0,"8":0,"9":0,"10":0,"11":0,"12":0,"13":0,"14":0,"15":0,"16":0,"17":0,"18":0,"19":0,"20":0,"21":0,"22":0,"23":0,"24":0,"25":0,"26":0,"27":0,"28":0,"29":0,"30":0,"31":0,"32":0,"33":0,"34":0,"35":0,"36":0,"37":0,"38":0,"39":0,"40":0,"41":0},"f":{"0":0,"1":0,"2":0,"3":0,"4":0,"5":0,"6":0,"7":0,"8":0,"9":0,"10":0,"11":0,"12":0},"b":{"0":[0]}}
,"/home/drj/projects/mem0-stack/openmemory/ui/store/profileSlice.ts": {"path":"/home/drj/projects/mem0-stack/openmemory/ui/store/profileSlice.ts","statementMap":{"0":{"start":{"line":63,"column":0},"end":{"line":63,"column":15}},"1":{"start":{"line":57,"column":2},"end":{"line":57,"column":19}},"2":{"start":{"line":60,"column":2},"end":{"line":60,"column":9}},"3":{"start":{"line":56,"column":2},"end":{"line":56,"column":17}},"4":{"start":{"line":55,"column":2},"end":{"line":55,"column":19}},"5":{"start":{"line":59,"column":2},"end":{"line":59,"column":14}},"6":{"start":{"line":58,"column":2},"end":{"line":58,"column":18}},"7":{"start":{"line":54,"column":2},"end":{"line":54,"column":11}},"8":{"start":{"line":1,"column":43},"end":{"line":1,"column":null}},"9":{"start":{"line":12,"column":35},"end":{"line":19,"column":null}},"10":{"start":{"line":21,"column":21},"end":{"line":51,"column":null}},"11":{"start":{"line":26,"column":6},"end":{"line":26,"column":null}},"12":{"start":{"line":29,"column":6},"end":{"line":29,"column":null}},"13":{"start":{"line":30,"column":6},"end":{"line":30,"column":null}},"14":{"start":{"line":33,"column":6},"end":{"line":33,"column":null}},"15":{"start":{"line":34,"column":6},"end":{"line":34,"column":null}},"16":{"start":{"line":37,"column":6},"end":{"line":37,"column":null}},"17":{"start":{"line":38,"column":6},"end":{"line":38,"column":null}},"18":{"start":{"line":39,"column":6},"end":{"line":39,"column":null}},"19":{"start":{"line":42,"column":6},"end":{"line":42,"column":null}},"20":{"start":{"line":45,"column":6},"end":{"line":45,"column":null}},"21":{"start":{"line":48,"column":6},"end":{"line":48,"column":null}},"22":{"start":{"line":61,"column":4},"end":{"line":61,"column":24}},"23":{"start":{"line":63,"column":15},"end":{"line":63,"column":35}}},"fnMap":{"0":{"name":"(anonymous_9)","decl":{"start":{"line":25,"column":15},"end":{"line":25,"column":16}},"loc":{"start":{"line":25,"column":23},"end":{"line":27,"column":null}}},"1":{"name":"(anonymous_10)","decl":{"start":{"line":28,"column":23},"end":{"line":28,"column":24}},"loc":{"start":{"line":28,"column":24},"end":{"line":31,"column":null}}},"2":{"name":"(anonymous_11)","decl":{"start":{"line":32,"column":21},"end":{"line":32,"column":22}},"loc":{"start":{"line":32,"column":29},"end":{"line":35,"column":null}}},"3":{"name":"(anonymous_12)","decl":{"start":{"line":36,"column":23},"end":{"line":36,"column":24}},"loc":{"start":{"line":36,"column":24},"end":{"line":40,"column":null}}},"4":{"name":"(anonymous_13)","decl":{"start":{"line":41,"column":22},"end":{"line":41,"column":23}},"loc":{"start":{"line":41,"column":30},"end":{"line":43,"column":null}}},"5":{"name":"(anonymous_14)","decl":{"start":{"line":44,"column":18},"end":{"line":44,"column":19}},"loc":{"start":{"line":44,"column":26},"end":{"line":46,"column":null}}},"6":{"name":"(anonymous_15)","decl":{"start":{"line":47,"column":13},"end":{"line":47,"column":14}},"loc":{"start":{"line":47,"column":21},"end":{"line":49,"column":null}}}},"branchMap":{"0":{"loc":{"start":{"line":13,"column":10},"end":{"line":13,"column":null}},"type":"binary-expr","locations":[{"start":{"line":13,"column":10},"end":{"line":13,"column":41}},{"start":{"line":13,"column":45},"end":{"line":13,"column":null}}]},"1":{"loc":{"start":{"line":39,"column":21},"end":{"line":39,"column":null}},"type":"binary-expr","locations":[{"start":{"line":39,"column":21},"end":{"line":39,"column":52}},{"start":{"line":39,"column":56},"end":{"line":39,"column":null}}]}},"s":{"0":0,"1":0,"2":0,"3":0,"4":0,"5":0,"6":0,"7":0,"8":0,"9":0,"10":0,"11":0,"12":0,"13":0,"14":0,"15":0,"16":0,"17":0,"18":0,"19":0,"20":0,"21":0,"22":0,"23":0},"f":{"0":0,"1":0,"2":0,"3":0,"4":0,"5":0,"6":0},"b":{"0":[0,0],"1":[0,0]}}
,"/home/drj/projects/mem0-stack/openmemory/ui/store/store.ts": {"path":"/home/drj/projects/mem0-stack/openmemory/ui/store/store.ts","statementMap":{"0":{"start":{"line":9,"column":13},"end":{"line":9,"column":21}},"1":{"start":{"line":1,"column":31},"end":{"line":1,"column":null}},"2":{"start":{"line":2,"column":28},"end":{"line":2,"column":null}},"3":{"start":{"line":3,"column":27},"end":{"line":3,"column":null}},"4":{"start":{"line":4,"column":24},"end":{"line":4,"column":null}},"5":{"start":{"line":5,"column":22},"end":{"line":5,"column":null}},"6":{"start":{"line":6,"column":27},"end":{"line":6,"column":null}},"7":{"start":{"line":7,"column":26},"end":{"line":7,"column":null}},"8":{"start":{"line":9,"column":21},"end":{"line":18,"column":null}}},"fnMap":{},"branchMap":{},"s":{"0":0,"1":0,"2":0,"3":0,"4":0,"5":0,"6":0,"7":0,"8":0},"f":{},"b":{}}
,"/home/drj/projects/mem0-stack/openmemory/ui/store/uiSlice.ts": {"path":"/home/drj/projects/mem0-stack/openmemory/ui/store/uiSlice.ts","statementMap":{"0":{"start":{"line":44,"column":2},"end":{"line":44,"column":25}},"1":{"start":{"line":47,"column":0},"end":{"line":47,"column":15}},"2":{"start":{"line":43,"column":2},"end":{"line":43,"column":24}},"3":{"start":{"line":1,"column":43},"end":{"line":1,"column":null}},"4":{"start":{"line":15,"column":30},"end":{"line":23,"column":null}},"5":{"start":{"line":25,"column":16},"end":{"line":40,"column":null}},"6":{"start":{"line":30,"column":6},"end":{"line":30,"column":null}},"7":{"start":{"line":31,"column":6},"end":{"line":31,"column":null}},"8":{"start":{"line":32,"column":6},"end":{"line":32,"column":null}},"9":{"start":{"line":35,"column":6},"end":{"line":35,"column":null}},"10":{"start":{"line":36,"column":6},"end":{"line":36,"column":null}},"11":{"start":{"line":37,"column":6},"end":{"line":37,"column":null}},"12":{"start":{"line":45,"column":4},"end":{"line":45,"column":19}},"13":{"start":{"line":47,"column":15},"end":{"line":47,"column":30}}},"fnMap":{"0":{"name":"(anonymous_4)","decl":{"start":{"line":29,"column":28},"end":{"line":29,"column":29}},"loc":{"start":{"line":29,"column":36},"end":{"line":33,"column":null}}},"1":{"name":"(anonymous_5)","decl":{"start":{"line":34,"column":29},"end":{"line":34,"column":30}},"loc":{"start":{"line":34,"column":30},"end":{"line":38,"column":null}}}},"branchMap":{},"s":{"0":0,"1":0,"2":0,"3":0,"4":0,"5":0,"6":0,"7":0,"8":0,"9":0,"10":0,"11":0,"12":0,"13":0},"f":{"0":0,"1":0},"b":{}}
}
