TN:
SF:app/layout.tsx
FN:15,RootLayout
FNF:1
FNH:0
FNDA:0,RootLayout
DA:2,0
DA:3,0
DA:4,0
DA:5,0
DA:6,0
DA:7,0
DA:9,0
DA:15,0
LF:8
LH:0
BRF:0
BRH:0
end_of_record
TN:
SF:app/loading.tsx
FN:1,Loading
FNF:1
FNH:0
FNDA:0,Loading
DA:1,0
DA:2,0
LF:2
LH:0
BRF:0
BRH:0
end_of_record
TN:
SF:app/not-found.tsx
FN:11,(anonymous_2)
FN:13,(anonymous_3)
FN:19,NotFound
FNF:3
FNH:0
FNDA:0,(anonymous_2)
FNDA:0,(anonymous_3)
FNDA:0,NotFound
DA:1,0
DA:2,0
DA:3,0
DA:11,0
DA:12,0
DA:13,0
DA:14,0
DA:16,0
DA:19,0
DA:24,0
LF:10
LH:0
BRDA:16,0,0,0
BRDA:16,0,1,0
BRDA:21,1,0,0
BRDA:34,2,0,0
BRDA:34,2,1,0
BRDA:36,3,0,0
BRDA:36,3,1,0
BRDA:39,4,0,0
BRDA:39,4,1,0
BRDA:39,4,2,0
BRF:10
BRH:0
end_of_record
TN:
SF:app/page.tsx
FN:9,DashboardPage
FNF:1
FNH:0
FNDA:0,DashboardPage
DA:3,0
DA:4,0
DA:5,0
DA:6,0
DA:7,0
DA:9,0
LF:6
LH:0
BRF:0
BRH:0
end_of_record
TN:
SF:app/providers.tsx
FN:6,Providers
FNF:1
FNH:0
FNDA:0,Providers
DA:3,0
DA:4,0
DA:6,0
LF:3
LH:0
BRF:0
BRH:0
end_of_record
TN:
SF:app/apps/page.tsx
FN:7,AppsPage
FNF:1
FNH:0
FNDA:0,AppsPage
DA:3,0
DA:4,0
DA:5,0
DA:7,0
LF:4
LH:0
BRF:0
BRH:0
end_of_record
TN:
SF:app/apps/[appId]/page.tsx
FN:16,AppDetailsPage
FN:27,(anonymous_3)
FN:29,(anonymous_4)
FN:33,(anonymous_5)
FN:34,(anonymous_6)
FN:66,(anonymous_7)
FN:80,(anonymous_8)
FN:86,(anonymous_9)
FN:105,(anonymous_10)
FN:119,(anonymous_11)
FN:125,(anonymous_12)
FN:148,(anonymous_13)
FNF:12
FNH:0
FNDA:0,AppDetailsPage
FNDA:0,(anonymous_3)
FNDA:0,(anonymous_4)
FNDA:0,(anonymous_5)
FNDA:0,(anonymous_6)
FNDA:0,(anonymous_7)
FNDA:0,(anonymous_8)
FNDA:0,(anonymous_9)
FNDA:0,(anonymous_10)
FNDA:0,(anonymous_11)
FNDA:0,(anonymous_12)
FNDA:0,(anonymous_13)
DA:3,0
DA:4,0
DA:5,0
DA:7,0
DA:8,0
DA:9,0
DA:10,0
DA:11,0
DA:12,0
DA:13,0
DA:14,0
DA:16,0
DA:17,0
DA:18,0
DA:19,0
DA:26,0
DA:27,0
DA:29,0
DA:30,0
DA:33,0
DA:34,0
DA:35,0
DA:36,0
DA:38,0
DA:44,0
DA:49,0
DA:52,0
DA:58,0
DA:67,0
DA:80,0
DA:81,0
DA:83,0
DA:87,0
DA:93,0
DA:99,0
DA:105,0
DA:106,0
DA:119,0
DA:120,0
DA:122,0
DA:126,0
DA:132,0
DA:140,0
DA:148,0
DA:149,0
LF:45
LH:0
BRDA:35,0,0,0
BRDA:52,1,0,0
BRDA:58,2,0,0
BRDA:83,3,0,0
BRDA:93,4,0,0
BRDA:99,5,0,0
BRDA:122,6,0,0
BRDA:132,7,0,0
BRDA:140,8,0,0
BRDA:181,9,0,0
BRDA:181,9,1,0
BRDA:189,10,0,0
BRDA:189,10,1,0
BRF:13
BRH:0
end_of_record
TN:
SF:app/apps/[appId]/components/AppDetailCard.tsx
FN:12,(anonymous_5)
FN:16,(anonymous_6)
FN:26,(anonymous_7)
FN:27,(anonymous_8)
FN:32,(anonymous_9)
FNF:5
FNH:0
FNDA:0,(anonymous_5)
FNDA:0,(anonymous_6)
FNDA:0,(anonymous_7)
FNDA:0,(anonymous_8)
FNDA:0,(anonymous_9)
DA:1,0
DA:2,0
DA:3,0
DA:4,0
DA:5,0
DA:6,0
DA:7,0
DA:8,0
DA:9,0
DA:12,0
DA:13,0
DA:16,0
DA:23,0
DA:24,0
DA:25,0
DA:26,0
DA:27,0
DA:28,0
DA:32,0
DA:33,0
DA:34,0
DA:35,0
DA:38,0
DA:42,0
DA:44,0
DA:48,0
DA:166,0
LF:27
LH:0
BRDA:28,0,0,0
BRDA:28,0,1,0
BRDA:29,1,0,0
BRDA:29,1,1,0
BRDA:48,2,0,0
BRDA:48,2,1,0
BRDA:58,3,0,0
BRDA:82,4,0,0
BRDA:82,4,1,0
BRDA:88,5,0,0
BRDA:88,5,1,0
BRDA:110,6,0,0
BRDA:110,6,1,0
BRDA:127,7,0,0
BRDA:127,7,1,0
BRDA:151,8,0,0
BRDA:153,9,0,0
BRF:17
BRH:0
end_of_record
TN:
SF:app/apps/[appId]/components/MemoryCard.tsx
FN:17,MemoryCard
FNF:1
FNH:0
FNDA:0,MemoryCard
DA:1,0
DA:2,0
DA:3,0
DA:4,0
DA:5,0
DA:17,0
LF:6
LH:0
BRDA:32,0,0,0
BRDA:32,0,1,0
BRDA:38,1,0,0
BRDA:38,1,1,0
BRDA:59,2,0,0
BRDA:59,2,1,0
BRDA:74,3,0,0
BRDA:76,4,0,0
BRDA:76,4,1,0
BRDA:81,5,0,0
BRDA:90,6,0,0
BRDA:97,7,0,0
BRDA:97,7,1,0
BRF:13
BRH:0
end_of_record
TN:
SF:app/apps/components/AppCard.tsx
FN:19,AppCard
FN:76,(anonymous_3)
FNF:2
FNH:0
FNDA:0,AppCard
FNDA:0,(anonymous_3)
DA:2,0
DA:8,0
DA:10,0
DA:12,0
DA:13,0
DA:19,0
DA:20,0
DA:22,0
DA:23,0
DA:76,0
LF:10
LH:0
BRDA:22,0,0,0
BRDA:22,0,1,0
BRDA:31,1,0,0
BRDA:67,2,0,0
BRDA:67,2,1,0
BRDA:73,3,0,0
BRDA:73,3,1,0
BRF:7
BRH:0
end_of_record
TN:
SF:app/apps/components/AppFilters.tsx
FN:41,AppFilters
FN:43,(anonymous_3)
FN:48,(anonymous_4)
FN:54,(anonymous_5)
FN:60,(anonymous_6)
FN:64,(anonymous_7)
FN:73,(anonymous_8)
FN:118,(anonymous_9)
FN:126,(anonymous_10)
FN:129,(anonymous_11)
FNF:10
FNH:0
FNDA:0,AppFilters
FNDA:0,(anonymous_3)
FNDA:0,(anonymous_4)
FNDA:0,(anonymous_5)
FNDA:0,(anonymous_6)
FNDA:0,(anonymous_7)
FNDA:0,(anonymous_8)
FNDA:0,(anonymous_9)
FNDA:0,(anonymous_10)
FNDA:0,(anonymous_11)
DA:2,0
DA:3,0
DA:4,0
DA:10,0
DA:13,0
DA:14,0
DA:15,0
DA:22,0
DA:23,0
DA:32,0
DA:33,0
DA:35,0
DA:41,0
DA:42,0
DA:43,0
DA:44,0
DA:45,0
DA:47,0
DA:49,0
DA:54,0
DA:55,0
DA:56,0
DA:57,0
DA:60,0
DA:61,0
DA:64,0
DA:66,0
DA:69,0
DA:70,0
DA:73,0
DA:74,0
DA:77,0
DA:78,0
DA:118,0
DA:127,0
DA:130,0
LF:36
LH:0
BRDA:61,0,0,0
BRDA:61,0,1,0
BRDA:66,1,0,0
BRDA:66,1,1,0
BRDA:66,2,0,0
BRDA:66,2,1,0
BRDA:77,3,0,0
BRDA:114,4,0,0
BRDA:137,5,0,0
BRDA:137,5,1,0
BRDA:138,6,0,0
BRDA:138,6,1,0
BRF:12
BRH:0
end_of_record
TN:
SF:app/apps/components/AppGrid.tsx
FN:9,AppGrid
FN:11,(anonymous_2)
FN:12,(anonymous_3)
FN:14,(anonymous_4)
FN:26,(anonymous_5)
FN:43,(anonymous_6)
FNF:6
FNH:0
FNDA:0,AppGrid
FNDA:0,(anonymous_2)
FNDA:0,(anonymous_3)
FNDA:0,(anonymous_4)
FNDA:0,(anonymous_5)
FNDA:0,(anonymous_6)
DA:2,0
DA:3,0
DA:5,0
DA:6,0
DA:7,0
DA:9,0
DA:10,0
DA:11,0
DA:12,0
DA:14,0
DA:15,0
DA:23,0
DA:27,0
DA:33,0
DA:44,0
LF:15
LH:0
BRDA:17,0,0,0
BRDA:17,0,1,0
BRDA:23,1,0,0
BRDA:33,2,0,0
BRF:4
BRH:0
end_of_record
TN:
SF:app/memories/page.tsx
FN:11,MemoriesPage
FN:15,(anonymous_3)
FNF:2
FNH:0
FNDA:0,MemoriesPage
FNDA:0,(anonymous_3)
DA:3,0
DA:4,0
DA:5,0
DA:6,0
DA:7,0
DA:8,0
DA:9,0
DA:11,0
DA:12,0
DA:13,0
DA:14,0
DA:15,0
DA:17,0
DA:18,0
DA:19,0
DA:20,0
DA:21,0
LF:17
LH:0
BRDA:17,0,0,0
BRDA:17,1,0,0
BRDA:17,1,1,0
BRDA:19,2,0,0
BRDA:20,3,0,0
BRDA:28,4,0,0
BRDA:28,4,1,0
BRDA:29,5,0,0
BRDA:29,5,1,0
BRF:9
BRH:0
end_of_record
TN:
SF:app/memories/components/CreateMemoryDialog.tsx
FN:21,CreateMemoryDialog
FN:26,(anonymous_2)
FN:71,(anonymous_3)
FN:76,(anonymous_4)
FNF:4
FNH:0
FNDA:0,CreateMemoryDialog
FNDA:0,(anonymous_2)
FNDA:0,(anonymous_3)
FNDA:0,(anonymous_4)
DA:3,0
DA:12,0
DA:13,0
DA:14,0
DA:15,0
DA:16,0
DA:17,0
DA:18,0
DA:19,0
DA:21,0
DA:22,0
DA:23,0
DA:24,0
DA:26,0
DA:27,0
DA:28,0
DA:29,0
DA:31,0
DA:33,0
DA:35,0
DA:36,0
DA:71,0
DA:76,0
LF:23
LH:0
BRDA:76,0,0,0
BRDA:76,0,1,0
BRDA:78,1,0,0
BRDA:78,1,1,0
BRF:4
BRH:0
end_of_record
TN:
SF:app/memories/components/FilterComponent.tsx
FN:53,FilterComponent
FN:65,(anonymous_2)
FN:67,(anonymous_3)
FN:69,(anonymous_4)
FN:71,(anonymous_5)
FN:76,(anonymous_6)
FN:85,(anonymous_7)
FN:89,(anonymous_8)
FN:90,(anonymous_9)
FN:91,(anonymous_10)
FN:95,(anonymous_11)
FN:96,(anonymous_12)
FN:98,(anonymous_13)
FN:103,(anonymous_14)
FN:104,(anonymous_15)
FN:107,(anonymous_16)
FN:108,(anonymous_17)
FN:111,(anonymous_18)
FN:119,(anonymous_19)
FN:123,(anonymous_20)
FN:124,(anonymous_21)
FN:128,(anonymous_22)
FN:129,(anonymous_23)
FN:149,(anonymous_24)
FN:159,(anonymous_25)
FN:168,(anonymous_26)
FN:169,(anonymous_27)
FN:173,(anonymous_28)
FN:174,(anonymous_29)
FN:256,(anonymous_30)
FN:268,(anonymous_31)
FN:273,(anonymous_32)
FN:295,(anonymous_33)
FN:307,(anonymous_34)
FN:315,(anonymous_35)
FN:336,(anonymous_36)
FN:383,(anonymous_37)
FN:391,(anonymous_38)
FN:394,(anonymous_39)
FNF:39
FNH:0
FNDA:0,FilterComponent
FNDA:0,(anonymous_2)
FNDA:0,(anonymous_3)
FNDA:0,(anonymous_4)
FNDA:0,(anonymous_5)
FNDA:0,(anonymous_6)
FNDA:0,(anonymous_7)
FNDA:0,(anonymous_8)
FNDA:0,(anonymous_9)
FNDA:0,(anonymous_10)
FNDA:0,(anonymous_11)
FNDA:0,(anonymous_12)
FNDA:0,(anonymous_13)
FNDA:0,(anonymous_14)
FNDA:0,(anonymous_15)
FNDA:0,(anonymous_16)
FNDA:0,(anonymous_17)
FNDA:0,(anonymous_18)
FNDA:0,(anonymous_19)
FNDA:0,(anonymous_20)
FNDA:0,(anonymous_21)
FNDA:0,(anonymous_22)
FNDA:0,(anonymous_23)
FNDA:0,(anonymous_24)
FNDA:0,(anonymous_25)
FNDA:0,(anonymous_26)
FNDA:0,(anonymous_27)
FNDA:0,(anonymous_28)
FNDA:0,(anonymous_29)
FNDA:0,(anonymous_30)
FNDA:0,(anonymous_31)
FNDA:0,(anonymous_32)
FNDA:0,(anonymous_33)
FNDA:0,(anonymous_34)
FNDA:0,(anonymous_35)
FNDA:0,(anonymous_36)
FNDA:0,(anonymous_37)
FNDA:0,(anonymous_38)
FNDA:0,(anonymous_39)
DA:3,0
DA:4,0
DA:5,0
DA:13,0
DA:14,0
DA:15,0
DA:16,0
DA:17,0
DA:18,0
DA:27,0
DA:29,0
DA:30,0
DA:35,0
DA:36,0
DA:38,0
DA:53,0
DA:54,0
DA:55,0
DA:56,0
DA:57,0
DA:58,0
DA:59,0
DA:60,0
DA:63,0
DA:65,0
DA:66,0
DA:67,0
DA:69,0
DA:71,0
DA:72,0
DA:73,0
DA:76,0
DA:78,0
DA:79,0
DA:80,0
DA:81,0
DA:85,0
DA:86,0
DA:89,0
DA:90,0
DA:91,0
DA:95,0
DA:96,0
DA:97,0
DA:98,0
DA:103,0
DA:104,0
DA:107,0
DA:108,0
DA:111,0
DA:112,0
DA:113,0
DA:114,0
DA:115,0
DA:116,0
DA:119,0
DA:120,0
DA:122,0
DA:123,0
DA:124,0
DA:127,0
DA:128,0
DA:129,0
DA:132,0
DA:133,0
DA:134,0
DA:136,0
DA:143,0
DA:145,0
DA:149,0
DA:150,0
DA:151,0
DA:153,0
DA:154,0
DA:155,0
DA:159,0
DA:161,0
DA:164,0
DA:167,0
DA:168,0
DA:169,0
DA:172,0
DA:173,0
DA:174,0
DA:176,0
DA:177,0
DA:184,0
DA:189,0
DA:194,0
DA:257,0
DA:269,0
DA:273,0
DA:296,0
DA:308,0
DA:316,0
DA:337,0
DA:383,0
DA:392,0
DA:394,0
LF:99
LH:0
BRDA:78,0,0,0
BRDA:81,1,0,0
BRDA:81,1,1,0
BRDA:91,2,0,0
BRDA:91,2,1,0
BRDA:97,3,0,0
BRDA:97,3,1,0
BRDA:104,4,0,0
BRDA:104,4,1,0
BRDA:108,5,0,0
BRDA:108,5,1,0
BRDA:151,6,0,0
BRDA:155,7,0,0
BRDA:155,7,1,0
BRDA:161,8,0,0
BRDA:161,8,1,0
BRDA:161,9,0,0
BRDA:161,9,1,0
BRDA:189,10,0,0
BRDA:189,10,1,0
BRDA:189,10,2,0
BRDA:194,11,0,0
BRDA:194,11,1,0
BRDA:194,11,2,0
BRDA:205,12,0,0
BRDA:205,12,1,0
BRDA:209,13,0,0
BRDA:209,13,1,0
BRDA:212,14,0,0
BRDA:216,15,0,0
BRDA:216,15,1,0
BRDA:254,16,0,0
BRDA:254,16,1,0
BRDA:292,17,0,0
BRDA:292,17,1,0
BRDA:353,18,0,0
BRDA:379,19,0,0
BRDA:398,20,0,0
BRDA:398,20,1,0
BRDA:399,21,0,0
BRDA:399,21,1,0
BRF:41
BRH:0
end_of_record
TN:
SF:app/memories/components/MemoriesSection.tsx
FN:14,MemoriesSection
FN:18,(anonymous_2)
FN:30,(anonymous_3)
FN:31,(anonymous_4)
FN:52,(anonymous_5)
FN:59,(anonymous_6)
FN:132,(anonymous_7)
FNF:7
FNH:0
FNDA:0,MemoriesSection
FNDA:0,(anonymous_2)
FNDA:0,(anonymous_3)
FNDA:0,(anonymous_4)
FNDA:0,(anonymous_5)
FNDA:0,(anonymous_6)
FNDA:0,(anonymous_7)
DA:1,0
DA:2,0
DA:4,0
DA:5,0
DA:6,0
DA:7,0
DA:8,0
DA:9,0
DA:10,0
DA:11,0
DA:14,0
DA:15,0
DA:16,0
DA:17,0
DA:18,0
DA:19,0
DA:20,0
DA:21,0
DA:23,0
DA:24,0
DA:25,0
DA:28,0
DA:30,0
DA:31,0
DA:32,0
DA:33,0
DA:34,0
DA:35,0
DA:41,0
DA:42,0
DA:44,0
DA:46,0
DA:49,0
DA:52,0
DA:53,0
DA:54,0
DA:55,0
DA:56,0
DA:59,0
DA:60,0
DA:61,0
DA:62,0
DA:63,0
DA:66,0
DA:133,0
DA:134,0
LF:46
LH:0
BRDA:23,0,0,0
BRDA:23,0,1,0
BRDA:24,1,0,0
BRDA:24,1,1,0
BRDA:34,2,0,0
BRDA:34,2,1,0
BRDA:66,3,0,0
BRDA:83,4,0,0
BRDA:125,5,0,0
BRDA:125,5,1,0
BRDA:125,6,0,0
BRDA:125,6,1,0
BRDA:129,7,0,0
BRDA:129,7,1,0
BRDA:129,8,0,0
BRDA:129,8,1,0
BRF:16
BRH:0
end_of_record
TN:
SF:app/memories/components/MemoryFilters.tsx
FN:22,MemoryFilters
FN:25,(anonymous_3)
FN:30,(anonymous_4)
FN:34,(anonymous_5)
FN:43,(anonymous_6)
FN:51,(anonymous_7)
FN:59,(anonymous_8)
FN:68,(anonymous_9)
FN:72,(anonymous_10)
FN:82,(anonymous_11)
FN:99,(anonymous_12)
FNF:11
FNH:0
FNDA:0,MemoryFilters
FNDA:0,(anonymous_3)
FNDA:0,(anonymous_4)
FNDA:0,(anonymous_5)
FNDA:0,(anonymous_6)
FNDA:0,(anonymous_7)
FNDA:0,(anonymous_8)
FNDA:0,(anonymous_9)
FNDA:0,(anonymous_10)
FNDA:0,(anonymous_11)
FNDA:0,(anonymous_12)
DA:2,0
DA:3,0
DA:4,0
DA:5,0
DA:6,0
DA:8,0
DA:9,0
DA:15,0
DA:16,0
DA:18,0
DA:19,0
DA:20,0
DA:22,0
DA:23,0
DA:24,0
DA:25,0
DA:27,0
DA:28,0
DA:29,0
DA:30,0
DA:32,0
DA:34,0
DA:35,0
DA:36,0
DA:37,0
DA:39,0
DA:43,0
DA:44,0
DA:45,0
DA:47,0
DA:51,0
DA:52,0
DA:53,0
DA:55,0
DA:59,0
DA:60,0
DA:61,0
DA:63,0
DA:68,0
DA:69,0
DA:72,0
DA:74,0
DA:75,0
DA:76,0
DA:77,0
DA:82,0
DA:83,0
DA:84,0
DA:88,0
DA:99,0
LF:50
LH:0
BRDA:74,0,0,0
BRDA:75,1,0,0
BRDA:76,2,0,0
BRDA:76,2,1,0
BRDA:88,3,0,0
BRDA:88,3,1,0
BRDA:104,4,0,0
BRDA:113,5,0,0
BRF:8
BRH:0
end_of_record
TN:
SF:app/memories/components/MemoryPagination.tsx
FN:10,MemoryPagination
FN:21,(anonymous_2)
FN:32,(anonymous_3)
FNF:3
FNH:0
FNDA:0,MemoryPagination
FNDA:0,(anonymous_2)
FNDA:0,(anonymous_3)
DA:1,0
DA:2,0
DA:10,0
DA:21,0
DA:32,0
LF:5
LH:0
BRF:0
BRH:0
end_of_record
TN:
SF:app/memories/components/MemoryTable.tsx
FN:52,MemoryTable
FN:57,(anonymous_3)
FN:59,(anonymous_4)
FN:63,(anonymous_5)
FN:67,(anonymous_6)
FN:75,(anonymous_7)
FN:84,(anonymous_8)
FN:88,(anonymous_9)
FN:105,(anonymous_10)
FN:160,(anonymous_11)
FN:173,(anonymous_12)
FN:184,(anonymous_13)
FN:208,(anonymous_14)
FN:245,(anonymous_15)
FN:265,(anonymous_16)
FN:280,(anonymous_17)
FN:288,(anonymous_18)
FNF:17
FNH:0
FNDA:0,MemoryTable
FNDA:0,(anonymous_3)
FNDA:0,(anonymous_4)
FNDA:0,(anonymous_5)
FNDA:0,(anonymous_6)
FNDA:0,(anonymous_7)
FNDA:0,(anonymous_8)
FNDA:0,(anonymous_9)
FNDA:0,(anonymous_10)
FNDA:0,(anonymous_11)
FNDA:0,(anonymous_12)
FNDA:0,(anonymous_13)
FNDA:0,(anonymous_14)
FNDA:0,(anonymous_15)
FNDA:0,(anonymous_16)
FNDA:0,(anonymous_17)
FNDA:0,(anonymous_18)
DA:8,0
DA:9,0
DA:17,0
DA:18,0
DA:25,0
DA:26,0
DA:27,0
DA:28,0
DA:35,0
DA:36,0
DA:37,0
DA:38,0
DA:39,0
DA:40,0
DA:41,0
DA:42,0
DA:43,0
DA:49,0
DA:50,0
DA:52,0
DA:53,0
DA:54,0
DA:55,0
DA:56,0
DA:57,0
DA:59,0
DA:61,0
DA:63,0
DA:64,0
DA:67,0
DA:68,0
DA:69,0
DA:71,0
DA:75,0
DA:76,0
DA:77,0
DA:79,0
DA:82,0
DA:84,0
DA:85,0
DA:88,0
DA:89,0
DA:90,0
DA:92,0
DA:101,0
DA:103,0
DA:105,0
DA:106,0
DA:161,0
DA:174,0
DA:184,0
DA:208,0
DA:247,0
DA:248,0
DA:267,0
DA:268,0
DA:280,0
DA:288,0
LF:58
LH:0
BRDA:68,0,0,0
BRDA:68,0,1,0
BRDA:76,1,0,0
BRDA:76,1,1,0
BRDA:101,2,0,0
BRDA:101,2,1,0
BRDA:103,3,0,0
BRDA:103,3,1,0
BRDA:119,4,0,0
BRDA:119,4,1,0
BRDA:121,5,0,0
BRDA:121,5,1,0
BRDA:164,6,0,0
BRDA:164,6,1,0
BRDA:164,7,0,0
BRDA:164,7,1,0
BRDA:167,8,0,0
BRDA:167,8,1,0
BRDA:180,9,0,0
BRDA:179,10,0,0
BRDA:179,10,1,0
BRDA:186,11,0,0
BRDA:186,11,1,0
BRDA:186,12,0,0
BRDA:186,12,1,0
BRDA:199,13,0,0
BRDA:199,13,1,0
BRDA:220,14,0,0
BRDA:220,14,1,0
BRDA:247,15,0,0
BRDA:247,15,1,0
BRDA:252,16,0,0
BRDA:267,17,0,0
BRDA:267,17,1,0
BRDA:273,18,0,0
BRF:35
BRH:0
end_of_record
TN:
SF:app/memories/components/PageSizeSelector.tsx
FN:14,PageSizeSelector
FN:25,(anonymous_4)
FN:31,(anonymous_5)
FNF:3
FNH:0
FNDA:0,PageSizeSelector
FNDA:0,(anonymous_4)
FNDA:0,(anonymous_5)
DA:7,0
DA:14,0
DA:18,0
DA:25,0
DA:32,0
DA:43,0
LF:6
LH:0
BRF:0
BRH:0
end_of_record
TN:
SF:app/memory/[id]/page.tsx
FN:15,MemoryContent
FN:18,(anonymous_3)
FN:21,(anonymous_4)
FN:22,(anonymous_5)
FN:47,MemoryPage
FNF:5
FNH:0
FNDA:0,MemoryContent
FNDA:0,(anonymous_3)
FNDA:0,(anonymous_4)
FNDA:0,(anonymous_5)
FNDA:0,MemoryPage
DA:3,0
DA:4,0
DA:5,0
DA:7,0
DA:8,0
DA:9,0
DA:10,0
DA:12,0
DA:13,0
DA:16,0
DA:17,0
DA:18,0
DA:21,0
DA:22,0
DA:23,0
DA:24,0
DA:26,0
DA:29,0
DA:32,0
DA:33,0
DA:36,0
DA:40,0
DA:47,0
DA:52,0
DA:53,0
LF:25
LH:0
BRDA:32,0,0,0
BRDA:36,1,0,0
BRDA:40,2,0,0
BRDA:58,3,0,0
BRDA:58,3,1,0
BRDA:59,4,0,0
BRDA:59,4,1,0
BRF:7
BRH:0
end_of_record
TN:
SF:app/memory/[id]/components/AccessLog.tsx
FN:19,AccessLog
FN:22,(anonymous_3)
FN:26,(anonymous_4)
FN:27,(anonymous_5)
FN:67,(anonymous_6)
FNF:5
FNH:0
FNDA:0,AccessLog
FNDA:0,(anonymous_3)
FNDA:0,(anonymous_4)
FNDA:0,(anonymous_5)
FNDA:0,(anonymous_6)
DA:1,0
DA:2,0
DA:3,0
DA:4,0
DA:5,0
DA:7,0
DA:19,0
DA:20,0
DA:21,0
DA:22,0
DA:24,0
DA:26,0
DA:27,0
DA:28,0
DA:29,0
DA:31,0
DA:33,0
DA:37,0
DA:40,0
DA:69,0
DA:72,0
LF:21
LH:0
BRDA:40,0,0,0
BRDA:59,1,0,0
BRDA:69,2,0,0
BRDA:69,2,1,0
BRDA:76,3,0,0
BRDA:90,4,0,0
BRF:6
BRH:0
end_of_record
TN:
SF:app/memory/[id]/components/MemoryActions.tsx
FN:20,MemoryActions
FN:28,(anonymous_2)
FN:32,(anonymous_3)
FN:36,(anonymous_4)
FN:47,(anonymous_5)
FN:76,(anonymous_6)
FN:84,(anonymous_7)
FN:92,(anonymous_8)
FNF:8
FNH:0
FNDA:0,MemoryActions
FNDA:0,(anonymous_2)
FNDA:0,(anonymous_3)
FNDA:0,(anonymous_4)
FNDA:0,(anonymous_5)
FNDA:0,(anonymous_6)
FNDA:0,(anonymous_7)
FNDA:0,(anonymous_8)
DA:1,0
DA:2,0
DA:3,0
DA:4,0
DA:12,0
DA:20,0
DA:25,0
DA:26,0
DA:28,0
DA:29,0
DA:32,0
DA:33,0
DA:36,0
DA:37,0
DA:39,0
DA:41,0
DA:43,0
DA:47,0
DA:48,0
DA:76,0
DA:84,0
DA:92,0
LF:22
LH:0
BRDA:37,0,0,0
BRDA:37,0,1,0
BRDA:37,0,2,0
BRF:3
BRH:0
end_of_record
TN:
SF:app/memory/[id]/components/MemoryDetails.tsx
FN:20,MemoryDetails
FN:24,(anonymous_3)
FN:28,(anonymous_4)
FN:32,(anonymous_5)
FN:36,(anonymous_6)
FN:45,(anonymous_7)
FNF:6
FNH:0
FNDA:0,MemoryDetails
FNDA:0,(anonymous_3)
FNDA:0,(anonymous_4)
FNDA:0,(anonymous_5)
FNDA:0,(anonymous_6)
FNDA:0,(anonymous_7)
DA:2,0
DA:3,0
DA:4,0
DA:5,0
DA:6,0
DA:7,0
DA:8,0
DA:9,0
DA:10,0
DA:11,0
DA:13,0
DA:14,0
DA:20,0
DA:21,0
DA:22,0
DA:23,0
DA:24,0
DA:26,0
DA:28,0
DA:29,0
DA:30,0
DA:31,0
DA:32,0
DA:36,0
DA:37,0
DA:45,0
LF:26
LH:0
BRDA:29,0,0,0
BRDA:68,1,0,0
BRDA:75,2,0,0
BRDA:75,2,1,0
BRDA:76,3,0,0
BRDA:76,3,1,0
BRDA:77,4,0,0
BRDA:77,4,1,0
BRDA:85,5,0,0
BRDA:85,5,1,0
BRDA:85,6,0,0
BRDA:85,6,1,0
BRDA:98,7,0,0
BRDA:98,7,1,0
BRDA:100,8,0,0
BRDA:100,8,1,0
BRDA:114,9,0,0
BRDA:114,9,1,0
BRDA:145,10,0,0
BRDA:145,10,1,0
BRDA:146,11,0,0
BRDA:146,11,1,0
BRF:22
BRH:0
end_of_record
TN:
SF:app/memory/[id]/components/RelatedMemories.tsx
FN:13,RelatedMemories
FN:16,(anonymous_3)
FN:20,(anonymous_4)
FN:21,(anonymous_5)
FN:56,(anonymous_6)
FNF:5
FNH:0
FNDA:0,RelatedMemories
FNDA:0,(anonymous_3)
FNDA:0,(anonymous_4)
FNDA:0,(anonymous_5)
FNDA:0,(anonymous_6)
DA:1,0
DA:2,0
DA:3,0
DA:6,0
DA:7,0
DA:8,0
DA:13,0
DA:14,0
DA:15,0
DA:16,0
DA:18,0
DA:20,0
DA:21,0
DA:22,0
DA:23,0
DA:25,0
DA:27,0
DA:31,0
DA:34,0
DA:42,0
DA:57,0
LF:21
LH:0
BRDA:34,0,0,0
BRDA:42,1,0,0
BRDA:68,2,0,0
BRDA:68,2,1,0
BRDA:72,3,0,0
BRDA:74,4,0,0
BRDA:74,4,1,0
BRF:7
BRH:0
end_of_record
TN:
SF:app/settings/page.tsx
FN:26,SettingsPage
FN:28,(anonymous_2)
FN:38,(anonymous_3)
FN:40,(anonymous_4)
FN:56,(anonymous_5)
FN:57,(anonymous_6)
FN:64,(anonymous_7)
FN:83,(anonymous_8)
FN:140,(anonymous_9)
FNF:9
FNH:0
FNDA:0,SettingsPage
FNDA:0,(anonymous_2)
FNDA:0,(anonymous_3)
FNDA:0,(anonymous_4)
FNDA:0,(anonymous_5)
FNDA:0,(anonymous_6)
FNDA:0,(anonymous_7)
FNDA:0,(anonymous_8)
FNDA:0,(anonymous_9)
DA:3,0
DA:4,0
DA:5,0
DA:6,0
DA:7,0
DA:8,0
DA:9,0
DA:10,0
DA:11,0
DA:13,0
DA:24,0
DA:26,0
DA:27,0
DA:28,0
DA:29,0
DA:35,0
DA:36,0
DA:38,0
DA:40,0
DA:41,0
DA:42,0
DA:44,0
DA:52,0
DA:56,0
DA:57,0
DA:64,0
DA:65,0
DA:66,0
DA:70,0
DA:75,0
DA:83,0
DA:84,0
DA:85,0
DA:86,0
DA:90,0
DA:92,0
DA:140,0
LF:37
LH:0
BRDA:30,0,0,0
BRDA:30,0,1,0
BRDA:59,1,0,0
BRDA:59,1,1,0
BRDA:135,2,0,0
BRDA:135,2,1,0
BRF:6
BRH:0
end_of_record
TN:
SF:components/Navbar.tsx
FN:17,Navbar
FN:32,(anonymous_3)
FN:33,(anonymous_4)
FN:34,(anonymous_5)
FN:35,(anonymous_6)
FN:40,(anonymous_7)
FN:41,(anonymous_8)
FN:42,(anonymous_9)
FN:43,(anonymous_10)
FN:48,(anonymous_11)
FN:52,(anonymous_12)
FN:56,(anonymous_13)
FN:60,(anonymous_14)
FN:64,(anonymous_15)
FN:80,(anonymous_16)
FN:82,(anonymous_17)
FN:85,(anonymous_18)
FNF:17
FNH:6
FNDA:14,Navbar
FNDA:0,(anonymous_3)
FNDA:0,(anonymous_4)
FNDA:0,(anonymous_5)
FNDA:0,(anonymous_6)
FNDA:0,(anonymous_7)
FNDA:0,(anonymous_8)
FNDA:0,(anonymous_9)
FNDA:0,(anonymous_10)
FNDA:0,(anonymous_11)
FNDA:0,(anonymous_12)
FNDA:1,(anonymous_13)
FNDA:0,(anonymous_14)
FNDA:1,(anonymous_15)
FNDA:1,(anonymous_16)
FNDA:2,(anonymous_17)
FNDA:56,(anonymous_18)
DA:3,1
DA:4,1
DA:5,1
DA:6,1
DA:7,1
DA:8,1
DA:9,1
DA:10,1
DA:11,1
DA:12,1
DA:13,1
DA:14,1
DA:15,1
DA:17,14
DA:18,14
DA:20,14
DA:21,14
DA:22,14
DA:23,14
DA:29,14
DA:32,0
DA:33,0
DA:34,0
DA:35,0
DA:40,0
DA:41,0
DA:42,0
DA:43,0
DA:48,0
DA:52,0
DA:56,1
DA:60,0
DA:64,14
DA:65,1
DA:66,5
DA:67,5
DA:68,1
DA:69,0
DA:71,1
DA:72,0
DA:74,1
DA:77,0
DA:80,14
DA:81,1
DA:82,2
DA:85,14
DA:86,56
DA:87,42
DA:90,14
DA:91,14
LF:50
LH:36
BRDA:67,0,0,1
BRDA:68,1,0,0
BRDA:71,2,0,0
BRDA:86,3,0,14
BRDA:106,4,0,10
BRDA:106,4,1,4
BRDA:118,5,0,2
BRDA:118,5,1,12
BRDA:130,6,0,1
BRDA:130,6,1,13
BRDA:142,7,0,1
BRDA:142,7,1,13
BRF:12
BRH:10
end_of_record
TN:
SF:components/form-view.tsx
FN:19,FormView
FN:24,(anonymous_2)
FN:34,(anonymous_3)
FN:47,(anonymous_4)
FN:63,(anonymous_5)
FN:76,(anonymous_6)
FN:143,(anonymous_7)
FN:170,(anonymous_8)
FN:185,(anonymous_9)
FN:196,(anonymous_10)
FN:213,(anonymous_11)
FN:220,(anonymous_12)
FN:248,(anonymous_13)
FN:259,(anonymous_14)
FN:284,(anonymous_15)
FN:299,(anonymous_16)
FN:310,(anonymous_17)
FN:327,(anonymous_18)
FN:334,(anonymous_19)
FNF:19
FNH:10
FNDA:23,FormView
FNDA:0,(anonymous_2)
FNDA:1,(anonymous_3)
FNDA:2,(anonymous_4)
FNDA:0,(anonymous_5)
FNDA:20,(anonymous_6)
FNDA:0,(anonymous_7)
FNDA:345,(anonymous_8)
FNDA:1,(anonymous_9)
FNDA:0,(anonymous_10)
FNDA:0,(anonymous_11)
FNDA:1,(anonymous_12)
FNDA:1,(anonymous_13)
FNDA:0,(anonymous_14)
FNDA:230,(anonymous_15)
FNDA:20,(anonymous_16)
FNDA:0,(anonymous_17)
FNDA:0,(anonymous_18)
FNDA:0,(anonymous_19)
DA:3,1
DA:4,1
DA:5,1
DA:6,1
DA:7,1
DA:8,1
DA:9,1
DA:10,1
DA:11,1
DA:12,1
DA:19,20
DA:20,23
DA:21,23
DA:22,23
DA:24,23
DA:25,0
DA:34,23
DA:35,1
DA:47,23
DA:48,2
DA:63,23
DA:64,0
DA:76,23
DA:77,20
DA:92,23
DA:93,23
DA:94,23
DA:95,23
DA:97,23
DA:115,23
DA:143,0
DA:171,345
DA:185,1
DA:196,0
DA:213,0
DA:220,1
DA:248,1
DA:259,0
DA:285,230
DA:299,20
DA:310,0
DA:327,0
DA:334,0
LF:43
LH:34
BRDA:142,0,0,23
BRDA:142,0,1,23
BRDA:163,1,0,23
BRDA:163,1,1,2
BRDA:184,2,0,23
BRDA:184,2,1,5
BRDA:189,3,0,23
BRDA:195,4,0,3
BRDA:195,4,1,3
BRDA:204,5,0,23
BRDA:210,6,0,1
BRDA:210,6,1,19
BRDA:212,7,0,20
BRDA:212,7,1,20
BRDA:222,8,0,1
BRDA:236,9,0,23
BRDA:247,10,0,2
BRDA:247,10,1,0
BRDA:258,11,0,2
BRDA:258,11,1,0
BRDA:259,12,0,0
BRDA:259,12,1,0
BRDA:277,13,0,23
BRDA:277,13,1,2
BRDA:298,14,0,23
BRDA:298,14,1,5
BRDA:303,15,0,23
BRDA:309,16,0,2
BRDA:309,16,1,2
BRDA:318,17,0,23
BRDA:324,18,0,0
BRDA:324,18,1,21
BRDA:326,19,0,21
BRDA:326,19,1,21
BRDA:336,20,0,0
BRF:35
BRH:29
end_of_record
TN:
SF:components/json-editor.tsx
FN:16,JsonEditor
FN:21,(anonymous_2)
FN:32,(anonymous_3)
FN:44,(anonymous_4)
FNF:4
FNH:3
FNDA:69,JsonEditor
FNDA:25,(anonymous_2)
FNDA:19,(anonymous_3)
FNDA:0,(anonymous_4)
DA:5,1
DA:6,1
DA:7,1
DA:8,1
DA:9,1
DA:16,25
DA:17,69
DA:18,69
DA:19,69
DA:21,69
DA:22,25
DA:23,25
DA:24,24
DA:25,24
DA:27,1
DA:28,1
DA:32,69
DA:33,19
DA:34,19
DA:35,19
DA:36,1
DA:37,1
DA:39,18
DA:40,18
DA:44,69
DA:45,0
DA:46,0
DA:47,0
DA:48,0
DA:49,0
DA:51,0
LF:31
LH:25
BRDA:61,0,0,50
BRDA:68,1,0,69
BRF:2
BRH:2
end_of_record
TN:
SF:components/theme-provider.tsx
FN:9,ThemeProvider
FNF:1
FNH:0
FNDA:0,ThemeProvider
DA:3,0
DA:7,0
DA:9,0
LF:3
LH:0
BRF:0
BRH:0
end_of_record
TN:
SF:components/dashboard/Install.tsx
FN:37,(anonymous_7)
FN:46,(anonymous_8)
FN:52,(anonymous_9)
FN:75,(anonymous_10)
FN:100,(anonymous_11)
FN:142,(anonymous_12)
FN:157,(anonymous_13)
FN:178,(anonymous_14)
FNF:8
FNH:0
FNDA:0,(anonymous_7)
FNDA:0,(anonymous_8)
FNDA:0,(anonymous_9)
FNDA:0,(anonymous_10)
FNDA:0,(anonymous_11)
FNDA:0,(anonymous_12)
FNDA:0,(anonymous_13)
FNDA:0,(anonymous_14)
DA:3,0
DA:4,0
DA:5,0
DA:6,0
DA:7,0
DA:9,0
DA:20,0
DA:37,0
DA:38,0
DA:39,0
DA:41,0
DA:44,0
DA:46,0
DA:47,0
DA:48,0
DA:50,0
DA:52,0
DA:53,0
DA:57,0
DA:59,0
DA:60,0
DA:63,0
DA:64,0
DA:65,0
DA:66,0
DA:67,0
DA:68,0
DA:69,0
DA:70,0
DA:74,0
DA:75,0
DA:77,0
DA:101,0
DA:142,0
DA:158,0
DA:178,0
DA:197,0
LF:37
LH:0
BRDA:38,0,0,0
BRDA:48,1,0,0
BRDA:48,1,1,0
BRDA:50,2,0,0
BRDA:50,2,1,0
BRDA:52,3,0,0
BRDA:53,4,0,0
BRDA:53,4,1,0
BRDA:59,5,0,0
BRDA:59,5,1,0
BRDA:109,6,0,0
BRDA:145,7,0,0
BRDA:181,8,0,0
BRF:13
BRH:0
end_of_record
TN:
SF:components/dashboard/Stats.tsx
FN:7,(anonymous_5)
FN:9,(anonymous_6)
FN:11,(anonymous_7)
FN:12,(anonymous_8)
FN:18,(anonymous_9)
FN:38,(anonymous_10)
FNF:6
FNH:0
FNDA:0,(anonymous_5)
FNDA:0,(anonymous_6)
FNDA:0,(anonymous_7)
FNDA:0,(anonymous_8)
FNDA:0,(anonymous_9)
FNDA:0,(anonymous_10)
DA:1,0
DA:2,0
DA:4,0
DA:5,0
DA:6,0
DA:7,0
DA:8,0
DA:9,0
DA:11,0
DA:12,0
DA:16,0
DA:18,0
DA:19,0
DA:39,0
DA:69,0
LF:15
LH:0
BRDA:47,0,0,0
BRDA:47,0,1,0
BRF:2
BRH:0
end_of_record
TN:
SF:components/shared/categories.tsx
FN:80,(anonymous_4)
FN:86,(anonymous_5)
FN:88,(anonymous_6)
FN:89,(anonymous_7)
FN:101,(anonymous_8)
FN:132,(anonymous_9)
FN:171,(anonymous_10)
FN:172,(anonymous_11)
FN:187,(anonymous_12)
FN:188,(anonymous_13)
FN:191,(anonymous_14)
FN:215,(anonymous_15)
FNF:12
FNH:0
FNDA:0,(anonymous_4)
FNDA:0,(anonymous_5)
FNDA:0,(anonymous_6)
FNDA:0,(anonymous_7)
FNDA:0,(anonymous_8)
FNDA:0,(anonymous_9)
FNDA:0,(anonymous_10)
FNDA:0,(anonymous_11)
FNDA:0,(anonymous_12)
FNDA:0,(anonymous_13)
FNDA:0,(anonymous_14)
FNDA:0,(anonymous_15)
DA:1,0
DA:16,0
DA:27,0
DA:32,0
DA:33,0
DA:39,0
DA:80,0
DA:81,0
DA:83,0
DA:84,0
DA:86,0
DA:87,0
DA:88,0
DA:89,0
DA:92,0
DA:93,0
DA:94,0
DA:98,0
DA:101,0
DA:102,0
DA:103,0
DA:104,0
DA:105,0
DA:106,0
DA:107,0
DA:113,0
DA:114,0
DA:115,0
DA:116,0
DA:117,0
DA:118,0
DA:119,0
DA:120,0
DA:126,0
DA:127,0
DA:128,0
DA:129,0
DA:132,0
DA:141,0
DA:143,0
DA:146,0
DA:148,0
DA:150,0
DA:151,0
DA:171,0
DA:172,0
DA:187,0
DA:188,0
DA:192,0
DA:216,0
DA:230,0
LF:51
LH:0
BRDA:89,0,0,0
BRDA:89,0,1,0
BRDA:92,1,0,0
BRDA:98,2,0,0
BRDA:98,2,1,0
BRDA:103,3,0,0
BRDA:103,4,0,0
BRDA:103,4,1,0
BRDA:105,5,0,0
BRDA:105,6,0,0
BRDA:105,6,1,0
BRDA:107,7,0,0
BRDA:108,8,0,0
BRDA:108,8,1,0
BRDA:108,8,2,0
BRDA:108,8,3,0
BRDA:114,9,0,0
BRDA:114,10,0,0
BRDA:114,10,1,0
BRDA:114,10,2,0
BRDA:116,11,0,0
BRDA:116,12,0,0
BRDA:116,12,1,0
BRDA:116,12,2,0
BRDA:118,13,0,0
BRDA:118,14,0,0
BRDA:118,14,1,0
BRDA:120,15,0,0
BRDA:121,16,0,0
BRDA:121,16,1,0
BRDA:121,16,2,0
BRDA:121,16,3,0
BRDA:127,17,0,0
BRDA:127,18,0,0
BRDA:127,18,1,0
BRDA:134,19,0,0
BRDA:135,20,0,0
BRDA:143,21,0,0
BRDA:143,22,0,0
BRDA:143,22,1,0
BRDA:150,23,0,0
BRDA:159,24,0,0
BRDA:159,24,1,0
BRDA:168,25,0,0
BRDA:177,26,0,0
BRDA:177,26,1,0
BRDA:196,27,0,0
BRDA:196,27,1,0
BRDA:220,28,0,0
BRDA:220,28,1,0
BRF:50
BRH:0
end_of_record
TN:
SF:components/shared/source-app.tsx
FN:5,(anonymous_5)
FN:66,(anonymous_6)
FNF:2
FNH:0
FNDA:0,(anonymous_5)
FNDA:0,(anonymous_6)
DA:1,0
DA:2,0
DA:3,0
DA:5,0
DA:13,0
DA:66,0
DA:67,0
DA:85,0
LF:8
LH:0
BRDA:67,0,0,0
BRF:1
BRH:0
end_of_record
TN:
SF:components/shared/update-memory.tsx
FN:27,(anonymous_1)
FN:38,(anonymous_2)
FN:73,(anonymous_3)
FN:79,(anonymous_4)
FNF:4
FNH:0
FNDA:0,(anonymous_1)
FNDA:0,(anonymous_2)
FNDA:0,(anonymous_3)
FNDA:0,(anonymous_4)
DA:3,0
DA:11,0
DA:12,0
DA:13,0
DA:14,0
DA:15,0
DA:16,0
DA:17,0
DA:18,0
DA:27,0
DA:34,0
DA:35,0
DA:36,0
DA:38,0
DA:39,0
DA:40,0
DA:41,0
DA:42,0
DA:43,0
DA:44,0
DA:46,0
DA:49,0
DA:50,0
DA:73,0
DA:79,0
DA:93,0
LF:26
LH:0
BRDA:43,0,0,0
BRDA:43,0,1,0
BRDA:79,1,0,0
BRDA:79,1,1,0
BRDA:81,2,0,0
BRDA:81,2,1,0
BRF:6
BRH:0
end_of_record
TN:
SF:components/ui/accordion.tsx
FNF:0
FNH:0
DA:3,0
DA:4,0
DA:5,0
DA:7,0
DA:9,0
DA:21,0
DA:41,0
DA:56,0
DA:58,0
LF:9
LH:0
BRF:0
BRH:0
end_of_record
TN:
SF:components/ui/alert-dialog.tsx
FNF:0
FNH:0
DA:3,0
DA:4,0
DA:6,0
DA:7,0
DA:9,0
DA:11,0
DA:13,0
DA:28,0
DA:46,0
DA:60,0
DA:74,0
DA:86,0
DA:98,0
DA:111,0
DA:127,0
DA:130,0
DA:131,0
DA:132,0
DA:133,0
DA:134,0
DA:135,0
DA:136,0
DA:137,0
DA:138,0
DA:139,0
DA:140,0
LF:26
LH:0
BRF:0
BRH:0
end_of_record
TN:
SF:components/ui/alert.tsx
FNF:0
FNH:0
DA:1,0
DA:2,0
DA:4,0
DA:6,0
DA:33,0
DA:45,0
DA:57,0
DA:59,0
LF:8
LH:0
BRF:0
BRH:0
end_of_record
TN:
SF:components/ui/aspect-ratio.tsx
FNF:0
FNH:0
DA:3,0
DA:5,0
DA:7,0
LF:3
LH:0
BRF:0
BRH:0
end_of_record
TN:
SF:components/ui/avatar.tsx
FNF:0
FNH:0
DA:3,0
DA:4,0
DA:6,0
DA:21,0
DA:33,0
DA:48,0
DA:50,0
LF:7
LH:0
BRF:0
BRH:0
end_of_record
TN:
SF:components/ui/badge.tsx
FN:30,Badge
FNF:1
FNH:0
FNDA:0,Badge
DA:1,0
DA:2,0
DA:4,0
DA:6,0
DA:36,0
LF:5
LH:0
BRF:0
BRH:0
end_of_record
TN:
SF:components/ui/breadcrumb.tsx
FN:47,(anonymous_14)
FNF:1
FNH:0
FNDA:0,(anonymous_14)
DA:1,0
DA:2,0
DA:3,0
DA:5,0
DA:13,0
DA:28,0
DA:40,0
DA:42,0
DA:48,0
DA:58,0
DA:73,0
DA:89,0
DA:105,0
DA:108,0
DA:109,0
DA:110,0
DA:111,0
DA:112,0
DA:113,0
DA:114,0
LF:20
LH:0
BRDA:48,0,0,0
BRDA:48,0,1,0
BRDA:86,1,0,0
BRDA:86,1,1,0
BRF:4
BRH:0
end_of_record
TN:
SF:components/ui/button.tsx
FN:43,(anonymous_6)
FNF:1
FNH:1
FNDA:94,(anonymous_6)
DA:1,2
DA:2,2
DA:3,2
DA:5,2
DA:7,2
DA:42,2
DA:44,94
DA:54,2
DA:56,94
LF:9
LH:9
BRDA:43,0,0,92
BRDA:44,1,0,2
BRDA:44,1,1,92
BRF:3
BRH:3
end_of_record
TN:
SF:components/ui/calendar.tsx
FN:12,Calendar
FNF:1
FNH:0
FNDA:0,Calendar
DA:3,0
DA:4,0
DA:5,0
DA:7,0
DA:8,0
DA:64,0
DA:66,0
LF:7
LH:0
BRDA:15,0,0,0
BRF:1
BRH:0
end_of_record
TN:
SF:components/ui/card.tsx
FNF:0
FNH:0
DA:1,0
DA:3,0
DA:18,0
DA:30,0
DA:45,0
DA:57,0
DA:65,0
DA:77,0
DA:79,0
LF:9
LH:0
BRF:0
BRH:0
end_of_record
TN:
SF:components/ui/carousel.tsx
FN:35,useCarousel
FN:49,(anonymous_11)
FN:71,(anonymous_12)
FN:80,(anonymous_13)
FN:84,(anonymous_14)
FN:89,(anonymous_15)
FN:101,(anonymous_16)
FN:109,(anonymous_17)
FN:118,(anonymous_18)
FN:156,(anonymous_19)
FN:178,(anonymous_20)
FN:200,(anonymous_21)
FN:229,(anonymous_22)
FNF:13
FNH:0
FNDA:0,useCarousel
FNDA:0,(anonymous_11)
FNDA:0,(anonymous_12)
FNDA:0,(anonymous_13)
FNDA:0,(anonymous_14)
FNDA:0,(anonymous_15)
FNDA:0,(anonymous_16)
FNDA:0,(anonymous_17)
FNDA:0,(anonymous_18)
FNDA:0,(anonymous_19)
FNDA:0,(anonymous_20)
FNDA:0,(anonymous_21)
FNDA:0,(anonymous_22)
DA:3,0
DA:6,0
DA:7,0
DA:9,0
DA:10,0
DA:33,0
DA:36,0
DA:38,0
DA:39,0
DA:42,0
DA:45,0
DA:61,0
DA:68,0
DA:69,0
DA:71,0
DA:72,0
DA:73,0
DA:76,0
DA:77,0
DA:80,0
DA:81,0
DA:84,0
DA:85,0
DA:88,0
DA:90,0
DA:91,0
DA:92,0
DA:93,0
DA:94,0
DA:95,0
DA:101,0
DA:102,0
DA:103,0
DA:106,0
DA:109,0
DA:110,0
DA:111,0
DA:114,0
DA:115,0
DA:116,0
DA:118,0
DA:119,0
DA:151,0
DA:153,0
DA:157,0
DA:173,0
DA:175,0
DA:179,0
DA:195,0
DA:197,0
DA:201,0
DA:224,0
DA:226,0
DA:230,0
DA:253,0
DA:257,0
DA:258,0
DA:259,0
DA:260,0
DA:261,0
LF:60
LH:0
BRDA:38,0,0,0
BRDA:51,1,0,0
BRDA:64,2,0,0
BRDA:64,2,1,0
BRDA:72,3,0,0
BRDA:90,4,0,0
BRDA:90,4,1,0
BRDA:93,5,0,0
BRDA:102,6,0,0
BRDA:102,7,0,0
BRDA:102,7,1,0
BRDA:110,8,0,0
BRDA:130,9,0,0
BRDA:130,9,1,0
BRDA:130,10,0,0
BRDA:130,10,1,0
BRDA:165,11,0,0
BRDA:165,11,1,0
BRDA:188,12,0,0
BRDA:188,12,1,0
BRDA:200,13,0,0
BRDA:200,14,0,0
BRDA:210,15,0,0
BRDA:210,15,1,0
BRDA:229,16,0,0
BRDA:229,17,0,0
BRDA:239,18,0,0
BRDA:239,18,1,0
BRF:28
BRH:0
end_of_record
TN:
SF:components/ui/chart.tsx
FN:27,useChart
FN:45,(anonymous_11)
FN:70,(anonymous_12)
FN:72,(anonymous_13)
FN:84,(anonymous_14)
FN:87,(anonymous_15)
FN:116,(anonymous_16)
FN:136,(anonymous_17)
FN:188,(anonymous_18)
FN:269,(anonymous_19)
FN:288,(anonymous_20)
FN:320,getPayloadConfigFromPayload
FNF:12
FNH:0
FNDA:0,useChart
FNDA:0,(anonymous_11)
FNDA:0,(anonymous_12)
FNDA:0,(anonymous_13)
FNDA:0,(anonymous_14)
FNDA:0,(anonymous_15)
FNDA:0,(anonymous_16)
FNDA:0,(anonymous_17)
FNDA:0,(anonymous_18)
FNDA:0,(anonymous_19)
FNDA:0,(anonymous_20)
FNDA:0,getPayloadConfigFromPayload
DA:3,0
DA:4,0
DA:6,0
DA:9,0
DA:25,0
DA:28,0
DA:30,0
DA:31,0
DA:34,0
DA:37,0
DA:46,0
DA:47,0
DA:68,0
DA:70,0
DA:71,0
DA:72,0
DA:75,0
DA:76,0
DA:84,0
DA:89,0
DA:91,0
DA:103,0
DA:105,0
DA:134,0
DA:136,0
DA:137,0
DA:138,0
DA:141,0
DA:142,0
DA:143,0
DA:145,0
DA:149,0
DA:157,0
DA:158,0
DA:172,0
DA:173,0
DA:176,0
DA:189,0
DA:190,0
DA:191,0
DA:193,0
DA:257,0
DA:259,0
DA:261,0
DA:273,0
DA:275,0
DA:276,0
DA:289,0
DA:290,0
DA:292,0
DA:317,0
DA:325,0
DA:326,0
DA:330,0
DA:336,0
DA:338,0
DA:342,0
DA:343,0
DA:348,0
DA:353,0
DA:359,0
DA:360,0
DA:361,0
DA:362,0
DA:363,0
DA:364,0
LF:66
LH:0
BRDA:30,0,0,0
BRDA:47,1,0,0
BRDA:47,1,1,0
BRDA:72,2,0,0
BRDA:72,2,1,0
BRDA:75,3,0,0
BRDA:89,4,0,0
BRDA:89,4,1,0
BRDA:91,5,0,0
BRDA:91,5,1,0
BRDA:121,6,0,0
BRDA:122,7,0,0
BRDA:123,8,0,0
BRDA:137,9,0,0
BRDA:137,10,0,0
BRDA:137,10,1,0
BRDA:142,11,0,0
BRDA:142,11,1,0
BRDA:142,11,2,0
BRDA:142,11,3,0
BRDA:145,12,0,0
BRDA:145,12,1,0
BRDA:145,13,0,0
BRDA:145,13,1,0
BRDA:146,14,0,0
BRDA:146,14,1,0
BRDA:149,15,0,0
BRDA:157,16,0,0
BRDA:172,17,0,0
BRDA:172,18,0,0
BRDA:172,18,1,0
BRDA:176,19,0,0
BRDA:176,19,1,0
BRDA:186,20,0,0
BRDA:186,20,1,0
BRDA:189,21,0,0
BRDA:189,21,1,0
BRDA:189,21,2,0
BRDA:189,21,3,0
BRDA:191,22,0,0
BRDA:191,22,1,0
BRDA:191,22,2,0
BRDA:198,23,0,0
BRDA:198,23,1,0
BRDA:202,24,0,0
BRDA:201,25,0,0
BRDA:201,25,1,0
BRDA:201,25,2,0
BRDA:206,26,0,0
BRDA:208,27,0,0
BRDA:217,28,0,0
BRDA:217,28,1,0
BRDA:232,29,0,0
BRDA:232,29,1,0
BRDA:236,30,0,0
BRDA:236,30,1,0
BRDA:238,31,0,0
BRDA:238,31,1,0
BRDA:241,32,0,0
BRDA:270,33,0,0
BRDA:270,34,0,0
BRDA:275,35,0,0
BRDA:284,36,0,0
BRDA:284,36,1,0
BRDA:289,37,0,0
BRDA:289,37,1,0
BRDA:289,37,2,0
BRDA:300,38,0,0
BRDA:299,39,0,0
BRDA:299,39,1,0
BRDA:325,40,0,0
BRDA:325,41,0,0
BRDA:325,41,1,0
BRDA:330,42,0,0
BRDA:330,42,1,0
BRDA:330,43,0,0
BRDA:330,43,1,0
BRDA:330,43,2,0
BRDA:338,44,0,0
BRDA:338,44,1,0
BRDA:339,45,0,0
BRDA:339,45,1,0
BRDA:343,46,0,0
BRDA:344,47,0,0
BRDA:344,47,1,0
BRDA:344,47,2,0
BRDA:353,48,0,0
BRDA:353,48,1,0
BRF:88
BRH:0
end_of_record
TN:
SF:components/ui/checkbox.tsx
FNF:0
FNH:0
DA:3,0
DA:4,0
DA:5,0
DA:7,0
DA:28,0
DA:30,0
LF:6
LH:0
BRF:0
BRH:0
end_of_record
TN:
SF:components/ui/collapsible.tsx
FNF:0
FNH:0
DA:3,0
DA:5,0
DA:7,0
DA:9,0
DA:11,0
LF:5
LH:0
BRF:0
BRH:0
end_of_record
TN:
SF:components/ui/command.tsx
FN:26,(anonymous_14)
FN:127,(anonymous_21)
FNF:2
FNH:0
FNDA:0,(anonymous_14)
FNDA:0,(anonymous_21)
DA:3,0
DA:5,0
DA:6,0
DA:8,0
DA:9,0
DA:24,0
DA:26,0
DA:55,0
DA:68,0
DA:81,0
DA:97,0
DA:109,0
DA:125,0
DA:127,0
DA:141,0
DA:144,0
DA:145,0
DA:146,0
DA:147,0
DA:148,0
DA:149,0
DA:150,0
DA:151,0
DA:152,0
LF:24
LH:0
BRF:0
BRH:0
end_of_record
TN:
SF:components/ui/context-menu.tsx
FN:168,(anonymous_27)
FNF:1
FNH:0
FNDA:0,(anonymous_27)
DA:3,0
DA:4,0
DA:5,0
DA:7,0
DA:9,0
DA:11,0
DA:13,0
DA:15,0
DA:17,0
DA:19,0
DA:40,0
DA:55,0
DA:72,0
DA:90,0
DA:113,0
DA:136,0
DA:154,0
DA:166,0
DA:168,0
DA:182,0
DA:185,0
DA:186,0
DA:187,0
DA:188,0
DA:189,0
DA:190,0
DA:191,0
DA:192,0
DA:193,0
DA:194,0
DA:195,0
DA:196,0
DA:197,0
DA:198,0
DA:199,0
LF:35
LH:0
BRDA:31,0,0,0
BRDA:31,0,1,0
BRDA:84,1,0,0
BRDA:84,1,1,0
BRDA:148,2,0,0
BRDA:148,2,1,0
BRF:6
BRH:0
end_of_record
TN:
SF:components/ui/dialog.tsx
FNF:0
FNH:0
DA:3,0
DA:4,0
DA:5,0
DA:7,0
DA:9,0
DA:11,0
DA:13,0
DA:15,0
DA:30,0
DA:54,0
DA:68,0
DA:82,0
DA:97,0
DA:109,0
DA:112,0
DA:113,0
DA:114,0
DA:115,0
DA:116,0
DA:117,0
DA:118,0
DA:119,0
DA:120,0
DA:121,0
LF:24
LH:0
BRF:0
BRH:0
end_of_record
TN:
SF:components/ui/drawer.tsx
FNF:0
FNH:0
DA:3,0
DA:4,0
DA:6,0
DA:17,0
DA:19,0
DA:21,0
DA:23,0
DA:35,0
DA:56,0
DA:67,0
DA:78,0
DA:93,0
DA:105,0
DA:108,0
DA:109,0
DA:110,0
DA:111,0
DA:112,0
DA:113,0
DA:114,0
DA:115,0
DA:116,0
DA:117,0
LF:23
LH:0
BRDA:9,0,0,0
BRF:1
BRH:0
end_of_record
TN:
SF:components/ui/dropdown-menu.tsx
FN:171,(anonymous_27)
FNF:1
FNH:0
FNDA:0,(anonymous_27)
DA:3,0
DA:4,0
DA:5,0
DA:7,0
DA:9,0
DA:11,0
DA:13,0
DA:15,0
DA:17,0
DA:19,0
DA:40,0
DA:56,0
DA:75,0
DA:93,0
DA:116,0
DA:139,0
DA:157,0
DA:169,0
DA:171,0
DA:182,0
DA:185,0
DA:186,0
DA:187,0
DA:188,0
DA:189,0
DA:190,0
DA:191,0
DA:192,0
DA:193,0
DA:194,0
DA:195,0
DA:196,0
DA:197,0
DA:198,0
DA:199,0
LF:35
LH:0
BRDA:31,0,0,0
BRDA:31,0,1,0
BRDA:62,1,0,0
BRDA:87,2,0,0
BRDA:87,2,1,0
BRDA:151,3,0,0
BRDA:151,3,1,0
BRF:7
BRH:0
end_of_record
TN:
SF:components/ui/form.tsx
FN:31,(anonymous_12)
FN:44,(anonymous_13)
FN:78,(anonymous_14)
FN:92,(anonymous_15)
FN:109,(anonymous_16)
FN:131,(anonymous_17)
FN:148,(anonymous_18)
FNF:7
FNH:0
FNDA:0,(anonymous_12)
FNDA:0,(anonymous_13)
FNDA:0,(anonymous_14)
FNDA:0,(anonymous_15)
FNDA:0,(anonymous_16)
FNDA:0,(anonymous_17)
FNDA:0,(anonymous_18)
DA:3,0
DA:5,0
DA:13,0
DA:15,0
DA:16,0
DA:18,0
DA:27,0
DA:31,0
DA:44,0
DA:45,0
DA:46,0
DA:47,0
DA:49,0
DA:51,0
DA:52,0
DA:55,0
DA:57,0
DA:71,0
DA:75,0
DA:79,0
DA:87,0
DA:89,0
DA:93,0
DA:104,0
DA:106,0
DA:110,0
DA:126,0
DA:128,0
DA:132,0
DA:143,0
DA:145,0
DA:149,0
DA:150,0
DA:152,0
DA:153,0
DA:167,0
DA:170,0
DA:171,0
DA:172,0
DA:173,0
DA:174,0
DA:175,0
DA:176,0
DA:177,0
LF:44
LH:0
BRDA:51,0,0,0
BRDA:98,1,0,0
BRDA:98,1,1,0
BRDA:117,2,0,0
BRDA:117,2,1,0
BRDA:150,3,0,0
BRDA:150,3,1,0
BRDA:152,4,0,0
BRF:8
BRH:0
end_of_record
TN:
SF:components/ui/hover-card.tsx
FNF:0
FNH:0
DA:3,0
DA:4,0
DA:6,0
DA:8,0
DA:10,0
DA:27,0
DA:29,0
LF:7
LH:0
BRDA:15,0,0,0
BRDA:15,1,0,0
BRF:2
BRH:0
end_of_record
TN:
SF:components/ui/input-otp.tsx
FN:36,(anonymous_10)
FNF:1
FNH:0
FNDA:0,(anonymous_10)
DA:3,0
DA:4,0
DA:5,0
DA:7,0
DA:23,0
DA:31,0
DA:33,0
DA:37,0
DA:38,0
DA:59,0
DA:69,0
DA:71,0
LF:12
LH:0
BRDA:45,0,0,0
BRDA:45,0,1,0
BRDA:51,1,0,0
BRF:3
BRH:0
end_of_record
TN:
SF:components/ui/input.tsx
FN:6,(anonymous_4)
FNF:1
FNH:0
FNDA:0,(anonymous_4)
DA:1,0
DA:3,0
DA:5,0
DA:20,0
DA:22,0
LF:5
LH:0
BRF:0
BRH:0
end_of_record
TN:
SF:components/ui/label.tsx
FNF:0
FNH:0
DA:3,0
DA:4,0
DA:5,0
DA:7,0
DA:9,0
DA:24,0
DA:26,0
LF:7
LH:0
BRF:0
BRH:0
end_of_record
TN:
SF:components/ui/menubar.tsx
FN:203,(anonymous_30)
FNF:1
FNH:0
FNDA:0,(anonymous_30)
DA:3,0
DA:4,0
DA:5,0
DA:7,0
DA:9,0
DA:11,0
DA:13,0
DA:15,0
DA:17,0
DA:32,0
DA:47,0
DA:68,0
DA:83,0
DA:108,0
DA:126,0
DA:149,0
DA:171,0
DA:189,0
DA:201,0
DA:203,0
DA:217,0
DA:220,0
DA:221,0
DA:222,0
DA:223,0
DA:224,0
DA:225,0
DA:226,0
DA:227,0
DA:228,0
DA:229,0
DA:230,0
DA:231,0
DA:232,0
DA:233,0
DA:234,0
DA:235,0
LF:37
LH:0
BRDA:59,0,0,0
BRDA:59,0,1,0
BRDA:90,1,0,0
BRDA:90,2,0,0
BRDA:90,3,0,0
BRDA:120,4,0,0
BRDA:120,4,1,0
BRDA:183,5,0,0
BRDA:183,5,1,0
BRF:9
BRH:0
end_of_record
TN:
SF:components/ui/navigation-menu.tsx
FNF:0
FNH:0
DA:1,0
DA:2,0
DA:3,0
DA:4,0
DA:6,0
DA:24,0
DA:39,0
DA:41,0
DA:43,0
DA:63,0
DA:78,0
DA:80,0
DA:97,0
DA:115,0
DA:119,0
DA:120,0
DA:121,0
DA:122,0
DA:123,0
DA:124,0
DA:125,0
DA:126,0
DA:127,0
LF:23
LH:0
BRF:0
BRH:0
end_of_record
TN:
SF:components/ui/pagination.tsx
FNF:0
FNH:0
DA:1,0
DA:2,0
DA:4,0
DA:5,0
DA:15,0
DA:27,0
DA:35,0
DA:60,0
DA:76,0
DA:92,0
DA:107,0
DA:110,0
DA:111,0
DA:112,0
DA:113,0
DA:114,0
DA:115,0
DA:116,0
LF:18
LH:0
BRDA:45,0,0,0
BRDA:49,1,0,0
BRDA:49,1,1,0
BRDA:52,2,0,0
BRDA:52,2,1,0
BRF:5
BRH:0
end_of_record
TN:
SF:components/ui/popover.tsx
FNF:0
FNH:0
DA:3,0
DA:4,0
DA:6,0
DA:8,0
DA:10,0
DA:29,0
DA:31,0
LF:7
LH:0
BRDA:15,0,0,0
BRDA:15,1,0,0
BRF:2
BRH:0
end_of_record
TN:
SF:components/ui/progress.tsx
FNF:0
FNH:0
DA:3,0
DA:4,0
DA:6,0
DA:26,0
DA:28,0
LF:5
LH:0
BRDA:22,0,0,0
BRDA:22,0,1,0
BRF:2
BRH:0
end_of_record
TN:
SF:components/ui/radio-group.tsx
FN:12,(anonymous_6)
FN:26,(anonymous_7)
FNF:2
FNH:0
FNDA:0,(anonymous_6)
FNDA:0,(anonymous_7)
DA:3,0
DA:4,0
DA:5,0
DA:7,0
DA:9,0
DA:21,0
DA:23,0
DA:42,0
DA:44,0
LF:9
LH:0
BRF:0
BRH:0
end_of_record
TN:
SF:components/ui/resizable.tsx
FNF:0
FNH:0
DA:3,0
DA:4,0
DA:6,0
DA:21,0
DA:45,0
LF:5
LH:0
BRDA:37,0,0,0
BRF:1
BRH:0
end_of_record
TN:
SF:components/ui/scroll-area.tsx
FNF:0
FNH:0
DA:3,0
DA:4,0
DA:6,0
DA:24,0
DA:46,0
DA:48,0
LF:6
LH:0
BRDA:29,0,0,0
BRDA:35,1,0,0
BRDA:35,1,1,0
BRDA:37,2,0,0
BRDA:37,2,1,0
BRF:5
BRH:0
end_of_record
TN:
SF:components/ui/select.tsx
FNF:0
FNH:0
DA:3,0
DA:4,0
DA:5,0
DA:7,0
DA:9,0
DA:11,0
DA:13,0
DA:33,0
DA:50,0
DA:67,0
DA:100,0
DA:112,0
DA:135,0
DA:147,0
DA:150,0
DA:151,0
DA:152,0
DA:153,0
DA:154,0
DA:155,0
DA:156,0
DA:157,0
DA:158,0
DA:159,0
LF:24
LH:0
BRDA:73,0,0,0
BRDA:79,1,0,0
BRDA:79,1,1,0
BRDA:90,2,0,0
BRDA:90,2,1,0
BRF:5
BRH:0
end_of_record
TN:
SF:components/ui/separator.tsx
FNF:0
FNH:0
DA:3,0
DA:4,0
DA:6,0
DA:29,0
DA:31,0
LF:5
LH:0
BRDA:13,0,0,0
BRDA:13,1,0,0
BRDA:22,2,0,0
BRDA:22,2,1,0
BRF:4
BRH:0
end_of_record
TN:
SF:components/ui/sheet.tsx
FNF:0
FNH:0
DA:3,0
DA:4,0
DA:5,0
DA:6,0
DA:8,0
DA:10,0
DA:12,0
DA:14,0
DA:16,0
DA:31,0
DA:33,0
DA:75,0
DA:89,0
DA:103,0
DA:115,0
DA:127,0
DA:130,0
DA:131,0
DA:132,0
DA:133,0
DA:134,0
DA:135,0
DA:136,0
DA:137,0
DA:138,0
DA:139,0
LF:26
LH:0
BRDA:59,0,0,0
BRF:1
BRH:0
end_of_record
TN:
SF:components/ui/sidebar.tsx
FN:41,useSidebar
FN:58,(anonymous_29)
FN:78,(anonymous_30)
FN:93,(anonymous_31)
FN:95,(anonymous_32)
FN:96,(anonymous_33)
FN:100,(anonymous_34)
FN:101,(anonymous_35)
FN:112,(anonymous_36)
FN:120,(anonymous_37)
FN:167,(anonymous_38)
FN:265,(anonymous_39)
FN:275,(anonymous_40)
FN:291,(anonymous_41)
FN:320,(anonymous_42)
FN:338,(anonymous_43)
FN:356,(anonymous_44)
FN:371,(anonymous_45)
FN:386,(anonymous_46)
FN:401,(anonymous_47)
FN:419,(anonymous_48)
FN:434,(anonymous_49)
FN:455,(anonymous_50)
FN:544,(anonymous_54)
FN:601,(anonymous_55)
FN:652,(anonymous_57)
FN:654,(anonymous_58)
FN:715,(anonymous_61)
FNF:28
FNH:0
FNDA:0,useSidebar
FNDA:0,(anonymous_29)
FNDA:0,(anonymous_30)
FNDA:0,(anonymous_31)
FNDA:0,(anonymous_32)
FNDA:0,(anonymous_33)
FNDA:0,(anonymous_34)
FNDA:0,(anonymous_35)
FNDA:0,(anonymous_36)
FNDA:0,(anonymous_37)
FNDA:0,(anonymous_38)
FNDA:0,(anonymous_39)
FNDA:0,(anonymous_40)
FNDA:0,(anonymous_41)
FNDA:0,(anonymous_42)
FNDA:0,(anonymous_43)
FNDA:0,(anonymous_44)
FNDA:0,(anonymous_45)
FNDA:0,(anonymous_46)
FNDA:0,(anonymous_47)
FNDA:0,(anonymous_48)
FNDA:0,(anonymous_49)
FNDA:0,(anonymous_50)
FNDA:0,(anonymous_54)
FNDA:0,(anonymous_55)
FNDA:0,(anonymous_57)
FNDA:0,(anonymous_58)
FNDA:0,(anonymous_61)
DA:3,0
DA:4,0
DA:5,0
DA:6,0
DA:8,0
DA:9,0
DA:10,0
DA:11,0
DA:12,0
DA:13,0
DA:14,0
DA:20,0
DA:22,0
DA:23,0
DA:24,0
DA:25,0
DA:26,0
DA:27,0
DA:39,0
DA:42,0
DA:43,0
DA:44,0
DA:47,0
DA:50,0
DA:70,0
DA:71,0
DA:75,0
DA:76,0
DA:77,0
DA:79,0
DA:80,0
DA:81,0
DA:83,0
DA:87,0
DA:93,0
DA:94,0
DA:95,0
DA:96,0
DA:100,0
DA:101,0
DA:102,0
DA:106,0
DA:107,0
DA:111,0
DA:112,0
DA:117,0
DA:119,0
DA:120,0
DA:157,0
DA:159,0
DA:178,0
DA:180,0
DA:195,0
DA:260,0
DA:262,0
DA:266,0
DA:276,0
DA:277,0
DA:286,0
DA:288,0
DA:292,0
DA:315,0
DA:317,0
DA:333,0
DA:335,0
DA:351,0
DA:353,0
DA:366,0
DA:368,0
DA:381,0
DA:383,0
DA:396,0
DA:398,0
DA:414,0
DA:416,0
DA:429,0
DA:431,0
DA:435,0
DA:450,0
DA:452,0
DA:456,0
DA:473,0
DA:486,0
DA:499,0
DA:512,0
DA:514,0
DA:536,0
DA:556,0
DA:557,0
DA:570,0
DA:571,0
DA:574,0
DA:575,0
DA:593,0
DA:595,0
DA:602,0
DA:624,0
DA:645,0
DA:647,0
DA:654,0
DA:655,0
DA:683,0
DA:700,0
DA:706,0
DA:708,0
DA:716,0
DA:736,0
DA:739,0
DA:740,0
DA:741,0
DA:742,0
DA:743,0
DA:744,0
DA:745,0
DA:746,0
DA:747,0
DA:748,0
DA:749,0
DA:750,0
DA:751,0
DA:752,0
DA:753,0
DA:754,0
DA:755,0
DA:756,0
DA:757,0
DA:758,0
DA:759,0
DA:760,0
DA:761,0
DA:762,0
LF:131
LH:0
BRDA:43,0,0,0
BRDA:60,1,0,0
BRDA:76,2,0,0
BRDA:76,2,1,0
BRDA:79,3,0,0
BRDA:79,3,1,0
BRDA:80,4,0,0
BRDA:80,4,1,0
BRDA:94,5,0,0
BRDA:94,5,1,0
BRDA:102,6,0,0
BRDA:103,7,0,0
BRDA:103,7,1,0
BRDA:103,7,2,0
BRDA:117,8,0,0
BRDA:117,8,1,0
BRDA:169,9,0,0
BRDA:170,10,0,0
BRDA:171,11,0,0
BRDA:180,12,0,0
BRDA:195,13,0,0
BRDA:220,14,0,0
BRDA:220,14,1,0
BRDA:230,15,0,0
BRDA:230,15,1,0
BRDA:230,16,0,0
BRDA:230,16,1,0
BRDA:238,17,0,0
BRDA:238,17,1,0
BRDA:242,18,0,0
BRDA:242,18,1,0
BRDA:242,19,0,0
BRDA:242,19,1,0
BRDA:434,20,0,0
BRDA:435,21,0,0
BRDA:435,21,1,0
BRDA:455,22,0,0
BRDA:456,23,0,0
BRDA:456,23,1,0
BRDA:546,24,0,0
BRDA:547,25,0,0
BRDA:548,26,0,0
BRDA:549,27,0,0
BRDA:556,28,0,0
BRDA:556,28,1,0
BRDA:570,29,0,0
BRDA:574,30,0,0
BRDA:586,31,0,0
BRDA:586,31,1,0
BRDA:601,32,0,0
BRDA:601,33,0,0
BRDA:602,34,0,0
BRDA:602,34,1,0
BRDA:616,35,0,0
BRDA:616,35,1,0
BRDA:652,36,0,0
BRDA:665,37,0,0
BRDA:715,38,0,0
BRDA:715,39,0,0
BRDA:716,40,0,0
BRDA:716,40,1,0
BRDA:727,41,0,0
BRDA:727,41,1,0
BRDA:728,42,0,0
BRDA:728,42,1,0
BRF:65
BRH:0
end_of_record
TN:
SF:components/ui/skeleton.tsx
FN:3,Skeleton
FNF:1
FNH:0
FNDA:0,Skeleton
DA:1,0
DA:15,0
LF:2
LH:0
BRF:0
BRH:0
end_of_record
TN:
SF:components/ui/slider.tsx
FNF:0
FNH:0
DA:3,0
DA:4,0
DA:6,0
DA:26,0
DA:28,0
LF:5
LH:0
BRF:0
BRH:0
end_of_record
TN:
SF:components/ui/sonner.tsx
FN:8,(anonymous_1)
FNF:1
FNH:0
FNDA:0,(anonymous_1)
DA:3,0
DA:4,0
DA:8,0
DA:9,0
DA:31,0
LF:5
LH:0
BRDA:9,0,0,0
BRF:1
BRH:0
end_of_record
TN:
SF:components/ui/switch.tsx
FNF:0
FNH:0
DA:3,0
DA:4,0
DA:6,0
DA:27,0
DA:29,0
LF:5
LH:0
BRF:0
BRH:0
end_of_record
TN:
SF:components/ui/table.tsx
FNF:0
FNH:0
DA:1,0
DA:3,0
DA:17,0
DA:25,0
DA:37,0
DA:52,0
DA:67,0
DA:82,0
DA:94,0
DA:106,0
DA:109,0
DA:110,0
DA:111,0
DA:112,0
DA:113,0
DA:114,0
DA:115,0
DA:116,0
LF:18
LH:0
BRF:0
BRH:0
end_of_record
TN:
SF:components/ui/tabs.tsx
FNF:0
FNH:0
DA:3,0
DA:4,0
DA:6,0
DA:8,0
DA:23,0
DA:38,0
DA:53,0
DA:55,0
LF:8
LH:0
BRF:0
BRH:0
end_of_record
TN:
SF:components/ui/textarea.tsx
FN:8,(anonymous_4)
FNF:1
FNH:0
FNDA:0,(anonymous_4)
DA:1,0
DA:3,0
DA:5,0
DA:20,0
DA:22,0
LF:5
LH:0
BRF:0
BRH:0
end_of_record
TN:
SF:components/ui/toast.tsx
FN:47,(anonymous_12)
FNF:1
FNH:0
FNDA:0,(anonymous_12)
DA:3,0
DA:4,0
DA:5,0
DA:6,0
DA:8,0
DA:10,0
DA:25,0
DA:27,0
DA:43,0
DA:56,0
DA:71,0
DA:89,0
DA:101,0
DA:113,0
DA:122,0
DA:123,0
DA:124,0
DA:125,0
DA:126,0
DA:127,0
DA:128,0
LF:21
LH:0
BRF:0
BRH:0
end_of_record
TN:
SF:components/ui/toaster.tsx
FN:13,Toaster
FN:18,(anonymous_2)
FNF:2
FNH:0
FNDA:0,Toaster
FNDA:0,(anonymous_2)
DA:3,0
DA:11,0
DA:13,0
DA:14,0
DA:19,0
LF:5
LH:0
BRDA:22,0,0,0
BRDA:23,1,0,0
BRF:2
BRH:0
end_of_record
TN:
SF:components/ui/toggle-group.tsx
FN:39,(anonymous_7)
FNF:1
FNH:0
FNDA:0,(anonymous_7)
DA:3,0
DA:4,0
DA:7,0
DA:8,0
DA:10,0
DA:33,0
DA:35,0
DA:40,0
DA:59,0
DA:61,0
LF:10
LH:0
BRDA:47,0,0,0
BRDA:47,0,1,0
BRDA:48,1,0,0
BRDA:48,1,1,0
BRF:4
BRH:0
end_of_record
TN:
SF:components/ui/toggle.tsx
FNF:0
FNH:0
DA:3,0
DA:4,0
DA:5,0
DA:7,0
DA:9,0
DA:43,0
DA:45,0
LF:7
LH:0
BRF:0
BRH:0
end_of_record
TN:
SF:components/ui/tooltip.tsx
FNF:0
FNH:0
DA:3,0
DA:4,0
DA:6,0
DA:8,0
DA:10,0
DA:12,0
DA:28,0
DA:30,0
LF:8
LH:0
BRDA:17,0,0,0
BRF:1
BRH:0
end_of_record
TN:
SF:components/ui/use-mobile.tsx
FN:5,useIsMobile
FN:8,(anonymous_5)
FN:10,(anonymous_6)
FN:15,(anonymous_7)
FNF:4
FNH:0
FNDA:0,useIsMobile
FNDA:0,(anonymous_5)
FNDA:0,(anonymous_6)
FNDA:0,(anonymous_7)
DA:1,0
DA:3,0
DA:5,0
DA:6,0
DA:8,0
DA:9,0
DA:10,0
DA:11,0
DA:13,0
DA:14,0
DA:15,0
DA:18,0
LF:12
LH:0
BRF:0
BRH:0
end_of_record
TN:
SF:components/ui/use-toast.ts
FN:30,genId
FN:61,(anonymous_8)
FN:66,(anonymous_9)
FN:77,(anonymous_10)
FN:88,(anonymous_11)
FN:101,(anonymous_12)
FN:108,(anonymous_13)
FN:127,(anonymous_14)
FN:136,dispatch
FN:138,(anonymous_16)
FN:145,toast
FN:148,(anonymous_18)
FN:153,(anonymous_19)
FN:161,(anonymous_20)
FN:174,useToast
FN:177,(anonymous_22)
FN:179,(anonymous_23)
FN:190,(anonymous_24)
FNF:18
FNH:0
FNDA:0,genId
FNDA:0,(anonymous_8)
FNDA:0,(anonymous_9)
FNDA:0,(anonymous_10)
FNDA:0,(anonymous_11)
FNDA:0,(anonymous_12)
FNDA:0,(anonymous_13)
FNDA:0,(anonymous_14)
FNDA:0,dispatch
FNDA:0,(anonymous_16)
FNDA:0,toast
FNDA:0,(anonymous_18)
FNDA:0,(anonymous_19)
FNDA:0,(anonymous_20)
FNDA:0,useToast
FNDA:0,(anonymous_22)
FNDA:0,(anonymous_23)
FNDA:0,(anonymous_24)
DA:4,0
DA:11,0
DA:12,0
DA:21,0
DA:28,0
DA:31,0
DA:32,0
DA:59,0
DA:61,0
DA:62,0
DA:63,0
DA:66,0
DA:67,0
DA:68,0
DA:74,0
DA:77,0
DA:78,0
DA:80,0
DA:86,0
DA:89,0
DA:94,0
DA:98,0
DA:99,0
DA:101,0
DA:102,0
DA:106,0
DA:109,0
DA:119,0
DA:120,0
DA:125,0
DA:127,0
DA:132,0
DA:134,0
DA:137,0
DA:138,0
DA:139,0
DA:146,0
DA:148,0
DA:149,0
DA:153,0
DA:155,0
DA:162,0
DA:167,0
DA:175,0
DA:177,0
DA:178,0
DA:179,0
DA:180,0
DA:181,0
DA:182,0
DA:187,0
DA:190,0
DA:194,0
LF:53
LH:0
BRDA:62,0,0,0
BRDA:78,1,0,0
BRDA:78,1,1,0
BRDA:78,1,2,0
BRDA:78,1,3,0
BRDA:89,2,0,0
BRDA:89,2,1,0
BRDA:98,3,0,0
BRDA:98,3,1,0
BRDA:109,4,0,0
BRDA:109,4,1,0
BRDA:109,5,0,0
BRDA:109,5,1,0
BRDA:119,6,0,0
BRDA:162,7,0,0
BRDA:181,8,0,0
BRF:16
BRH:0
end_of_record
TN:
SF:hooks/use-mobile.tsx
FN:5,useIsMobile
FN:8,(anonymous_5)
FN:10,(anonymous_6)
FN:15,(anonymous_7)
FNF:4
FNH:0
FNDA:0,useIsMobile
FNDA:0,(anonymous_5)
FNDA:0,(anonymous_6)
FNDA:0,(anonymous_7)
DA:1,0
DA:3,0
DA:5,0
DA:6,0
DA:8,0
DA:9,0
DA:10,0
DA:11,0
DA:13,0
DA:14,0
DA:15,0
DA:18,0
LF:12
LH:0
BRF:0
BRH:0
end_of_record
TN:
SF:hooks/use-toast.ts
FN:30,genId
FN:61,(anonymous_8)
FN:66,(anonymous_9)
FN:77,(anonymous_10)
FN:88,(anonymous_11)
FN:101,(anonymous_12)
FN:108,(anonymous_13)
FN:127,(anonymous_14)
FN:136,dispatch
FN:138,(anonymous_16)
FN:145,toast
FN:148,(anonymous_18)
FN:153,(anonymous_19)
FN:161,(anonymous_20)
FN:174,useToast
FN:177,(anonymous_22)
FN:179,(anonymous_23)
FN:190,(anonymous_24)
FNF:18
FNH:0
FNDA:0,genId
FNDA:0,(anonymous_8)
FNDA:0,(anonymous_9)
FNDA:0,(anonymous_10)
FNDA:0,(anonymous_11)
FNDA:0,(anonymous_12)
FNDA:0,(anonymous_13)
FNDA:0,(anonymous_14)
FNDA:0,dispatch
FNDA:0,(anonymous_16)
FNDA:0,toast
FNDA:0,(anonymous_18)
FNDA:0,(anonymous_19)
FNDA:0,(anonymous_20)
FNDA:0,useToast
FNDA:0,(anonymous_22)
FNDA:0,(anonymous_23)
FNDA:0,(anonymous_24)
DA:4,0
DA:11,0
DA:12,0
DA:21,0
DA:28,0
DA:31,0
DA:32,0
DA:59,0
DA:61,0
DA:62,0
DA:63,0
DA:66,0
DA:67,0
DA:68,0
DA:74,0
DA:77,0
DA:78,0
DA:80,0
DA:86,0
DA:89,0
DA:94,0
DA:98,0
DA:99,0
DA:101,0
DA:102,0
DA:106,0
DA:109,0
DA:119,0
DA:120,0
DA:125,0
DA:127,0
DA:132,0
DA:134,0
DA:137,0
DA:138,0
DA:139,0
DA:146,0
DA:148,0
DA:149,0
DA:153,0
DA:155,0
DA:162,0
DA:167,0
DA:175,0
DA:177,0
DA:178,0
DA:179,0
DA:180,0
DA:181,0
DA:182,0
DA:187,0
DA:190,0
DA:194,0
LF:53
LH:0
BRDA:62,0,0,0
BRDA:78,1,0,0
BRDA:78,1,1,0
BRDA:78,1,2,0
BRDA:78,1,3,0
BRDA:89,2,0,0
BRDA:89,2,1,0
BRDA:98,3,0,0
BRDA:98,3,1,0
BRDA:109,4,0,0
BRDA:109,4,1,0
BRDA:109,5,0,0
BRDA:109,5,1,0
BRDA:119,6,0,0
BRDA:162,7,0,0
BRDA:181,8,0,0
BRF:16
BRH:0
end_of_record
TN:
SF:hooks/useAppsApi.ts
FN:64,(anonymous_2)
FN:68,(anonymous_3)
FN:72,(anonymous_4)
FN:114,(anonymous_5)
FN:132,(anonymous_6)
FN:153,(anonymous_7)
FN:174,(anonymous_8)
FNF:7
FNH:0
FNDA:0,(anonymous_2)
FNDA:0,(anonymous_3)
FNDA:0,(anonymous_4)
FNDA:0,(anonymous_5)
FNDA:0,(anonymous_6)
FNDA:0,(anonymous_7)
FNDA:0,(anonymous_8)
DA:1,0
DA:2,0
DA:3,0
DA:22,0
DA:64,0
DA:65,0
DA:66,0
DA:67,0
DA:68,0
DA:70,0
DA:72,0
DA:80,0
DA:82,0
DA:83,0
DA:84,0
DA:85,0
DA:90,0
DA:91,0
DA:92,0
DA:93,0
DA:95,0
DA:99,0
DA:100,0
DA:101,0
DA:106,0
DA:107,0
DA:108,0
DA:109,0
DA:110,0
DA:114,0
DA:115,0
DA:116,0
DA:117,0
DA:118,0
DA:121,0
DA:122,0
DA:124,0
DA:125,0
DA:126,0
DA:127,0
DA:128,0
DA:132,0
DA:133,0
DA:134,0
DA:135,0
DA:136,0
DA:139,0
DA:144,0
DA:146,0
DA:147,0
DA:148,0
DA:149,0
DA:153,0
DA:154,0
DA:155,0
DA:156,0
DA:157,0
DA:160,0
DA:165,0
DA:167,0
DA:168,0
DA:169,0
DA:170,0
DA:174,0
DA:175,0
DA:176,0
DA:177,0
DA:180,0
DA:181,0
DA:183,0
DA:184,0
DA:185,0
DA:189,0
LF:73
LH:0
BRDA:70,0,0,0
BRDA:70,0,1,0
BRDA:72,1,0,0
BRDA:76,2,0,0
BRDA:77,3,0,0
BRDA:78,4,0,0
BRDA:79,5,0,0
BRDA:90,6,0,0
BRDA:91,7,0,0
BRDA:92,8,0,0
BRDA:93,9,0,0
BRDA:106,10,0,0
BRDA:106,10,1,0
BRDA:124,11,0,0
BRDA:124,11,1,0
BRDA:132,12,0,0
BRDA:132,13,0,0
BRDA:146,14,0,0
BRDA:146,14,1,0
BRDA:153,15,0,0
BRDA:153,16,0,0
BRDA:167,17,0,0
BRDA:167,17,1,0
BRF:23
BRH:0
end_of_record
TN:
SF:hooks/useConfig.ts
FN:29,(anonymous_2)
FN:35,(anonymous_3)
FN:52,(anonymous_4)
FN:70,(anonymous_5)
FN:88,(anonymous_6)
FN:105,(anonymous_7)
FNF:6
FNH:0
FNDA:0,(anonymous_2)
FNDA:0,(anonymous_3)
FNDA:0,(anonymous_4)
FNDA:0,(anonymous_5)
FNDA:0,(anonymous_6)
FNDA:0,(anonymous_7)
DA:1,0
DA:2,0
DA:3,0
DA:17,0
DA:29,0
DA:30,0
DA:31,0
DA:32,0
DA:33,0
DA:35,0
DA:36,0
DA:37,0
DA:39,0
DA:40,0
DA:41,0
DA:42,0
DA:44,0
DA:45,0
DA:46,0
DA:47,0
DA:48,0
DA:52,0
DA:53,0
DA:54,0
DA:56,0
DA:57,0
DA:58,0
DA:59,0
DA:60,0
DA:62,0
DA:63,0
DA:64,0
DA:65,0
DA:66,0
DA:70,0
DA:71,0
DA:72,0
DA:74,0
DA:75,0
DA:76,0
DA:77,0
DA:78,0
DA:80,0
DA:81,0
DA:82,0
DA:83,0
DA:84,0
DA:88,0
DA:89,0
DA:90,0
DA:92,0
DA:93,0
DA:94,0
DA:95,0
DA:96,0
DA:98,0
DA:99,0
DA:100,0
DA:101,0
DA:105,0
DA:106,0
DA:107,0
DA:109,0
DA:110,0
DA:111,0
DA:112,0
DA:113,0
DA:115,0
DA:116,0
DA:117,0
DA:118,0
DA:122,0
LF:72
LH:0
BRDA:33,0,0,0
BRDA:33,0,1,0
BRDA:44,1,0,0
BRDA:44,1,1,0
BRDA:44,1,2,0
BRDA:62,2,0,0
BRDA:62,2,1,0
BRDA:62,2,2,0
BRDA:80,3,0,0
BRDA:80,3,1,0
BRDA:80,3,2,0
BRDA:98,4,0,0
BRDA:98,4,1,0
BRDA:98,4,2,0
BRDA:115,5,0,0
BRDA:115,5,1,0
BRDA:115,5,2,0
BRF:17
BRH:0
end_of_record
TN:
SF:hooks/useFiltersApi.ts
FN:29,(anonymous_2)
FN:33,(anonymous_3)
FN:37,(anonymous_4)
FN:59,(anonymous_5)
FN:63,(anonymous_6)
FN:67,(anonymous_7)
FNF:6
FNH:0
FNDA:0,(anonymous_2)
FNDA:0,(anonymous_3)
FNDA:0,(anonymous_4)
FNDA:0,(anonymous_5)
FNDA:0,(anonymous_6)
FNDA:0,(anonymous_7)
DA:1,0
DA:2,0
DA:3,0
DA:13,0
DA:29,0
DA:30,0
DA:31,0
DA:32,0
DA:33,0
DA:35,0
DA:37,0
DA:38,0
DA:39,0
DA:40,0
DA:41,0
DA:45,0
DA:49,0
DA:51,0
DA:52,0
DA:53,0
DA:54,0
DA:55,0
DA:59,0
DA:60,0
DA:63,0
DA:64,0
DA:67,0
DA:68,0
DA:71,0
LF:29
LH:0
BRDA:35,0,0,0
BRDA:35,0,1,0
BRDA:51,1,0,0
BRDA:51,1,1,0
BRF:4
BRH:0
end_of_record
TN:
SF:hooks/useMemoriesApi.ts
FN:98,(anonymous_2)
FN:103,(anonymous_3)
FN:104,(anonymous_4)
FN:105,(anonymous_5)
FN:109,(anonymous_6)
FN:139,(anonymous_7)
FN:164,(anonymous_8)
FN:181,(anonymous_9)
FN:186,(anonymous_10)
FN:195,(anonymous_11)
FN:215,(anonymous_12)
FN:235,(anonymous_13)
FN:246,(anonymous_14)
FN:267,(anonymous_15)
FN:289,(anonymous_16)
FN:302,(anonymous_17)
FN:311,(anonymous_18)
FNF:17
FNH:0
FNDA:0,(anonymous_2)
FNDA:0,(anonymous_3)
FNDA:0,(anonymous_4)
FNDA:0,(anonymous_5)
FNDA:0,(anonymous_6)
FNDA:0,(anonymous_7)
FNDA:0,(anonymous_8)
FNDA:0,(anonymous_9)
FNDA:0,(anonymous_10)
FNDA:0,(anonymous_11)
FNDA:0,(anonymous_12)
FNDA:0,(anonymous_13)
FNDA:0,(anonymous_14)
FNDA:0,(anonymous_15)
FNDA:0,(anonymous_16)
FNDA:0,(anonymous_17)
FNDA:0,(anonymous_18)
DA:1,0
DA:2,0
DA:4,0
DA:6,0
DA:98,0
DA:99,0
DA:100,0
DA:101,0
DA:102,0
DA:103,0
DA:104,0
DA:105,0
DA:107,0
DA:109,0
DA:121,0
DA:122,0
DA:123,0
DA:124,0
DA:139,0
DA:149,0
DA:150,0
DA:151,0
DA:157,0
DA:158,0
DA:159,0
DA:160,0
DA:164,0
DA:165,0
DA:166,0
DA:172,0
DA:174,0
DA:175,0
DA:176,0
DA:177,0
DA:181,0
DA:182,0
DA:183,0
DA:186,0
DA:188,0
DA:189,0
DA:190,0
DA:191,0
DA:195,0
DA:196,0
DA:197,0
DA:199,0
DA:200,0
DA:201,0
DA:202,0
DA:205,0
DA:206,0
DA:208,0
DA:209,0
DA:210,0
DA:211,0
DA:215,0
DA:216,0
DA:217,0
DA:219,0
DA:220,0
DA:221,0
DA:222,0
DA:225,0
DA:226,0
DA:228,0
DA:229,0
DA:230,0
DA:231,0
DA:235,0
DA:236,0
DA:237,0
DA:239,0
DA:240,0
DA:241,0
DA:242,0
DA:246,0
DA:257,0
DA:258,0
DA:260,0
DA:261,0
DA:262,0
DA:263,0
DA:267,0
DA:268,0
DA:269,0
DA:271,0
DA:272,0
DA:273,0
DA:274,0
DA:279,0
DA:280,0
DA:282,0
DA:283,0
DA:284,0
DA:285,0
DA:289,0
DA:290,0
DA:291,0
DA:293,0
DA:294,0
DA:295,0
DA:296,0
DA:302,0
DA:303,0
DA:304,0
DA:306,0
DA:310,0
DA:311,0
DA:315,0
DA:316,0
DA:319,0
DA:320,0
DA:322,0
DA:323,0
DA:324,0
DA:325,0
DA:329,0
LF:117
LH:0
BRDA:107,0,0,0
BRDA:107,0,1,0
BRDA:111,1,0,0
BRDA:112,2,0,0
BRDA:157,3,0,0
BRDA:157,3,1,0
BRDA:174,4,0,0
BRDA:174,4,1,0
BRDA:188,5,0,0
BRDA:188,5,1,0
BRDA:196,6,0,0
BRDA:208,7,0,0
BRDA:208,7,1,0
BRDA:215,8,0,0
BRDA:215,9,0,0
BRDA:216,10,0,0
BRDA:228,11,0,0
BRDA:228,11,1,0
BRDA:236,12,0,0
BRDA:260,13,0,0
BRDA:260,13,1,0
BRDA:268,14,0,0
BRDA:282,15,0,0
BRDA:282,15,1,0
BRDA:290,16,0,0
BRDA:303,17,0,0
BRDA:310,18,0,0
BRDA:315,19,0,0
BRDA:315,20,0,0
BRDA:315,20,1,0
BRDA:322,21,0,0
BRDA:322,21,1,0
BRF:32
BRH:0
end_of_record
TN:
SF:hooks/useStats.ts
FN:32,(anonymous_2)
FN:36,(anonymous_3)
FN:40,(anonymous_4)
FNF:3
FNH:0
FNDA:0,(anonymous_2)
FNDA:0,(anonymous_3)
FNDA:0,(anonymous_4)
DA:1,0
DA:2,0
DA:3,0
DA:5,0
DA:32,0
DA:33,0
DA:34,0
DA:35,0
DA:36,0
DA:38,0
DA:40,0
DA:41,0
DA:42,0
DA:43,0
DA:44,0
DA:47,0
DA:48,0
DA:49,0
DA:51,0
DA:52,0
DA:53,0
DA:54,0
DA:58,0
LF:23
LH:0
BRDA:38,0,0,0
BRDA:38,0,1,0
BRDA:51,1,0,0
BRDA:51,1,1,0
BRF:4
BRH:0
end_of_record
TN:
SF:hooks/useUI.ts
FN:5,(anonymous_1)
FN:7,(anonymous_2)
FN:9,(anonymous_3)
FN:13,(anonymous_4)
FNF:4
FNH:0
FNDA:0,(anonymous_1)
FNDA:0,(anonymous_2)
FNDA:0,(anonymous_3)
FNDA:0,(anonymous_4)
DA:1,0
DA:3,0
DA:5,0
DA:6,0
DA:7,0
DA:9,0
DA:10,0
DA:13,0
DA:14,0
DA:17,0
LF:10
LH:0
BRF:0
BRH:0
end_of_record
TN:
SF:lib/helpers.ts
FN:1,(anonymous_3)
FN:7,formatDate
FNF:2
FNH:0
FNDA:0,(anonymous_3)
FNDA:0,formatDate
DA:1,0
DA:2,0
DA:3,0
DA:4,0
DA:8,0
DA:10,0
DA:11,0
DA:13,0
DA:14,0
DA:15,0
DA:16,0
DA:17,0
DA:18,0
DA:19,0
DA:20,0
DA:22,0
DA:23,0
DA:27,0
LF:18
LH:0
BRDA:2,0,0,0
BRDA:3,1,0,0
BRDA:13,2,0,0
BRDA:13,2,1,0
BRDA:15,3,0,0
BRDA:15,3,1,0
BRDA:17,4,0,0
BRDA:17,4,1,0
BRDA:18,5,0,0
BRDA:18,5,1,0
BRDA:20,6,0,0
BRDA:20,6,1,0
BRDA:23,7,0,0
BRDA:23,7,1,0
BRF:14
BRH:0
end_of_record
TN:
SF:lib/utils.ts
FN:4,cn
FNF:1
FNH:1
FNDA:94,cn
DA:1,2
DA:2,2
DA:4,94
DA:5,94
LF:4
LH:4
BRF:0
BRH:0
end_of_record
TN:
SF:store/appsSlice.ts
FN:118,(anonymous_20)
FN:122,(anonymous_21)
FN:127,(anonymous_22)
FN:131,(anonymous_23)
FN:137,(anonymous_24)
FN:140,(anonymous_25)
FN:145,(anonymous_26)
FN:149,(anonymous_27)
FN:153,(anonymous_28)
FN:160,(anonymous_29)
FN:164,(anonymous_30)
FN:168,(anonymous_31)
FN:175,(anonymous_32)
FN:179,(anonymous_33)
FN:180,(anonymous_34)
FN:188,(anonymous_35)
FN:191,(anonymous_36)
FN:194,(anonymous_37)
FN:197,(anonymous_38)
FNF:19
FNH:0
FNDA:0,(anonymous_20)
FNDA:0,(anonymous_21)
FNDA:0,(anonymous_22)
FNDA:0,(anonymous_23)
FNDA:0,(anonymous_24)
FNDA:0,(anonymous_25)
FNDA:0,(anonymous_26)
FNDA:0,(anonymous_27)
FNDA:0,(anonymous_28)
FNDA:0,(anonymous_29)
FNDA:0,(anonymous_30)
FNDA:0,(anonymous_31)
FNDA:0,(anonymous_32)
FNDA:0,(anonymous_33)
FNDA:0,(anonymous_34)
FNDA:0,(anonymous_35)
FNDA:0,(anonymous_36)
FNDA:0,(anonymous_37)
FNDA:0,(anonymous_38)
DA:1,0
DA:77,0
DA:85,0
DA:93,0
DA:114,0
DA:119,0
DA:120,0
DA:123,0
DA:124,0
DA:125,0
DA:128,0
DA:129,0
DA:132,0
DA:133,0
DA:134,0
DA:135,0
DA:138,0
DA:141,0
DA:142,0
DA:143,0
DA:146,0
DA:147,0
DA:150,0
DA:151,0
DA:154,0
DA:155,0
DA:156,0
DA:157,0
DA:158,0
DA:161,0
DA:162,0
DA:165,0
DA:166,0
DA:169,0
DA:170,0
DA:171,0
DA:172,0
DA:173,0
DA:176,0
DA:177,0
DA:180,0
DA:181,0
DA:182,0
DA:184,0
DA:185,0
DA:189,0
DA:192,0
DA:195,0
DA:198,0
DA:204,0
DA:205,0
DA:206,0
DA:207,0
DA:208,0
DA:209,0
DA:210,0
DA:211,0
DA:212,0
DA:213,0
DA:214,0
DA:215,0
DA:216,0
DA:217,0
DA:218,0
DA:219,0
DA:220,0
DA:221,0
DA:222,0
DA:224,0
LF:69
LH:0
BRDA:181,0,0,0
BRDA:184,1,0,0
BRF:2
BRH:0
end_of_record
TN:
SF:store/configSlice.ts
FN:73,(anonymous_9)
FN:77,(anonymous_10)
FN:85,(anonymous_11)
FN:89,(anonymous_12)
FN:92,(anonymous_13)
FN:95,(anonymous_14)
FN:98,(anonymous_15)
FNF:7
FNH:0
FNDA:0,(anonymous_9)
FNDA:0,(anonymous_10)
FNDA:0,(anonymous_11)
FNDA:0,(anonymous_12)
FNDA:0,(anonymous_13)
FNDA:0,(anonymous_14)
FNDA:0,(anonymous_15)
DA:1,0
DA:43,0
DA:69,0
DA:74,0
DA:75,0
DA:78,0
DA:79,0
DA:81,0
DA:82,0
DA:83,0
DA:86,0
DA:87,0
DA:90,0
DA:93,0
DA:96,0
DA:99,0
DA:105,0
DA:106,0
DA:107,0
DA:108,0
DA:109,0
DA:110,0
DA:111,0
DA:112,0
DA:114,0
LF:25
LH:0
BRDA:78,0,0,0
BRF:1
BRH:0
end_of_record
TN:
SF:store/filtersSlice.ts
FN:47,(anonymous_10)
FN:51,(anonymous_11)
FN:57,(anonymous_12)
FN:61,(anonymous_13)
FN:64,(anonymous_14)
FN:67,(anonymous_15)
FN:70,(anonymous_16)
FN:75,(anonymous_17)
FNF:8
FNH:0
FNDA:0,(anonymous_10)
FNDA:0,(anonymous_11)
FNDA:0,(anonymous_12)
FNDA:0,(anonymous_13)
FNDA:0,(anonymous_14)
FNDA:0,(anonymous_15)
FNDA:0,(anonymous_16)
FNDA:0,(anonymous_17)
DA:1,0
DA:27,0
DA:43,0
DA:48,0
DA:49,0
DA:52,0
DA:53,0
DA:54,0
DA:55,0
DA:58,0
DA:59,0
DA:62,0
DA:65,0
DA:68,0
DA:71,0
DA:72,0
DA:73,0
DA:76,0
DA:77,0
DA:83,0
DA:84,0
DA:85,0
DA:86,0
DA:87,0
DA:88,0
DA:89,0
DA:90,0
DA:91,0
DA:93,0
LF:29
LH:0
BRF:0
BRH:0
end_of_record
TN:
SF:store/memoriesSlice.ts
FN:36,(anonymous_13)
FN:39,(anonymous_14)
FN:42,(anonymous_15)
FN:47,(anonymous_16)
FN:52,(anonymous_17)
FN:56,(anonymous_18)
FN:65,(anonymous_19)
FN:70,(anonymous_20)
FN:71,(anonymous_21)
FN:73,(anonymous_22)
FN:74,(anonymous_23)
FN:76,(anonymous_24)
FN:79,(anonymous_25)
FNF:13
FNH:0
FNDA:0,(anonymous_13)
FNDA:0,(anonymous_14)
FNDA:0,(anonymous_15)
FNDA:0,(anonymous_16)
FNDA:0,(anonymous_17)
FNDA:0,(anonymous_18)
FNDA:0,(anonymous_19)
FNDA:0,(anonymous_20)
FNDA:0,(anonymous_21)
FNDA:0,(anonymous_22)
FNDA:0,(anonymous_23)
FNDA:0,(anonymous_24)
FNDA:0,(anonymous_25)
DA:1,0
DA:22,0
DA:32,0
DA:37,0
DA:40,0
DA:43,0
DA:44,0
DA:45,0
DA:48,0
DA:49,0
DA:50,0
DA:53,0
DA:54,0
DA:57,0
DA:58,0
DA:59,0
DA:60,0
DA:61,0
DA:62,0
DA:63,0
DA:66,0
DA:67,0
DA:71,0
DA:74,0
DA:77,0
DA:80,0
DA:87,0
DA:88,0
DA:89,0
DA:90,0
DA:91,0
DA:92,0
DA:93,0
DA:94,0
DA:95,0
DA:96,0
DA:97,0
DA:98,0
DA:100,0
LF:39
LH:0
BRDA:66,0,0,0
BRF:1
BRH:0
end_of_record
TN:
SF:store/profileSlice.ts
FN:25,(anonymous_9)
FN:28,(anonymous_10)
FN:32,(anonymous_11)
FN:36,(anonymous_12)
FN:41,(anonymous_13)
FN:44,(anonymous_14)
FN:47,(anonymous_15)
FNF:7
FNH:0
FNDA:0,(anonymous_9)
FNDA:0,(anonymous_10)
FNDA:0,(anonymous_11)
FNDA:0,(anonymous_12)
FNDA:0,(anonymous_13)
FNDA:0,(anonymous_14)
FNDA:0,(anonymous_15)
DA:1,0
DA:12,0
DA:21,0
DA:26,0
DA:29,0
DA:30,0
DA:33,0
DA:34,0
DA:37,0
DA:38,0
DA:39,0
DA:42,0
DA:45,0
DA:48,0
DA:54,0
DA:55,0
DA:56,0
DA:57,0
DA:58,0
DA:59,0
DA:60,0
DA:61,0
DA:63,0
LF:23
LH:0
BRDA:13,0,0,0
BRDA:13,0,1,0
BRDA:39,1,0,0
BRDA:39,1,1,0
BRF:4
BRH:0
end_of_record
TN:
SF:store/store.ts
FNF:0
FNH:0
DA:1,0
DA:2,0
DA:3,0
DA:4,0
DA:5,0
DA:6,0
DA:7,0
DA:9,0
LF:8
LH:0
BRF:0
BRH:0
end_of_record
TN:
SF:store/uiSlice.ts
FN:29,(anonymous_4)
FN:34,(anonymous_5)
FNF:2
FNH:0
FNDA:0,(anonymous_4)
FNDA:0,(anonymous_5)
DA:1,0
DA:15,0
DA:25,0
DA:30,0
DA:31,0
DA:32,0
DA:35,0
DA:36,0
DA:37,0
DA:43,0
DA:44,0
DA:45,0
DA:47,0
LF:13
LH:0
BRF:0
BRH:0
end_of_record
